This is pdfTeX, Version 3.14159265-2.6-1.40.20 (TeX Live 2019) (preloaded format=pdflatex 2019.12.1)  9 DEC 2019 23:00
entering extended mode
 restricted \write18 enabled.
 %&-line parsing enabled.
**tex_paper.tex
(./tex_paper.tex
LaTeX2e <2019-10-01> patch level 3
(/Users/miguelportela/Library/TinyTeX/texmf-dist/tex/latex/base/article.cls
Document Class: article 2019/10/25 v1.4k Standard LaTeX document class
(/Users/miguelportela/Library/TinyTeX/texmf-dist/tex/latex/base/size12.clo
File: size12.clo 2019/10/25 v1.4k Standard LaTeX file (size option)
)
\c@part=\count80
\c@section=\count81
\c@subsection=\count82
\c@subsubsection=\count83
\c@paragraph=\count84
\c@subparagraph=\count85
\c@figure=\count86
\c@table=\count87
\abovecaptionskip=\skip41
\belowcaptionskip=\skip42
\bibindent=\dimen102
)
(/Users/miguelportela/Library/TinyTeX/texmf-dist/tex/latex/geometry/geometry.st
y
Package: geometry 2018/04/16 v5.8 Page Geometry

(/Users/miguelportela/Library/TinyTeX/texmf-dist/tex/latex/graphics/keyval.sty
Package: keyval 2014/10/28 v1.15 key=value parser (DPC)
\KV@toks@=\toks14
) (/Users/miguelportela/Library/TinyTeX/texmf-dist/tex/generic/iftex/ifpdf.sty
Package: ifpdf 2019/10/25 v3.4 ifpdf legacy package. Use iftex instead.

(/Users/miguelportela/Library/TinyTeX/texmf-dist/tex/generic/iftex/iftex.sty
Package: iftex 2019/11/07 v1.0c TeX engine tests
))
(/Users/miguelportela/Library/TinyTeX/texmf-dist/tex/generic/iftex/ifvtex.sty
Package: ifvtex 2019/10/25 v1.7 ifvtex legacy package. Use iftex instead.
)
(/Users/miguelportela/Library/TinyTeX/texmf-dist/tex/generic/iftex/ifxetex.sty
Package: ifxetex 2019/10/25 v0.7 ifxetex legacy package. Use iftex instead.
)
\Gm@cnth=\count88
\Gm@cntv=\count89
\c@Gm@tempcnt=\count90
\Gm@bindingoffset=\dimen103
\Gm@wd@mp=\dimen104
\Gm@odd@mp=\dimen105
\Gm@even@mp=\dimen106
\Gm@layoutwidth=\dimen107
\Gm@layoutheight=\dimen108
\Gm@layouthoffset=\dimen109
\Gm@layoutvoffset=\dimen110
\Gm@dimlist=\toks15
)
(/Users/miguelportela/Library/TinyTeX/texmf-dist/tex/latex/setspace/setspace.st
y
Package: setspace 2011/12/19 v6.7a set line spacing
)
(/Users/miguelportela/Library/TinyTeX/texmf-dist/tex/latex/graphics/rotating.st
y
Package: rotating 2016/08/11 v2.16d rotated objects in LaTeX

(/Users/miguelportela/Library/TinyTeX/texmf-dist/tex/latex/graphics/graphicx.st
y
Package: graphicx 2017/06/01 v1.1a Enhanced LaTeX Graphics (DPC,SPQR)

(/Users/miguelportela/Library/TinyTeX/texmf-dist/tex/latex/graphics/graphics.st
y
Package: graphics 2019/11/01 v1.3d Standard LaTeX Graphics (DPC,SPQR)
 (/Users/miguelportela/Library/TinyTeX/texmf-dist/tex/latex/graphics/trig.sty
Package: trig 2016/01/03 v1.10 sin cos tan (DPC)
)
(/Users/miguelportela/Library/TinyTeX/texmf-dist/tex/latex/graphics-cfg/graphic
s.cfg
File: graphics.cfg 2016/06/04 v1.11 sample graphics configuration
)
Package graphics Info: Driver file: pdftex.def on input line 105.

(/Users/miguelportela/Library/TinyTeX/texmf-dist/tex/latex/graphics-def/pdftex.
def
File: pdftex.def 2018/01/08 v1.0l Graphics/color driver for pdftex
))
\Gin@req@height=\dimen111
\Gin@req@width=\dimen112
)
(/Users/miguelportela/Library/TinyTeX/texmf-dist/tex/latex/base/ifthen.sty
Package: ifthen 2014/09/29 v1.1c Standard LaTeX ifthen package (DPC)
)
\c@r@tfl@t=\count91
\rotFPtop=\skip43
\rotFPbot=\skip44
\rot@float@box=\box27
\rot@mess@toks=\toks16
)
(/Users/miguelportela/Library/TinyTeX/texmf-dist/tex/latex/caption/caption.sty
Package: caption 2019/10/18 v3.4a Customizing captions (AR)

(/Users/miguelportela/Library/TinyTeX/texmf-dist/tex/latex/caption/caption3.sty
Package: caption3 2019/09/09 v1.8e caption3 kernel (AR)
Package caption3 Info: TeX engine: e-TeX on input line 64.
\captionmargin=\dimen113
\captionmargin@=\dimen114
\captionwidth=\dimen115
\caption@tempdima=\dimen116
\caption@indent=\dimen117
\caption@parindent=\dimen118
\caption@hangindent=\dimen119
Package caption Info: Standard document class detected.
)
\c@caption@flags=\count92
\c@continuedfloat=\count93
Package caption Info: rotating package is loaded.
)
(/Users/miguelportela/Library/TinyTeX/texmf-dist/tex/latex/graphics/lscape.sty
Package: lscape 2000/10/22 v3.01 Landscape Pages (DPC)
)
(/Users/miguelportela/Library/TinyTeX/texmf-dist/tex/latex/epstopdf-pkg/epstopd
f.sty
Package: epstopdf 2019-11-30 v2.9 Conversion with epstopdf on the fly (HO)

(/Users/miguelportela/Library/TinyTeX/texmf-dist/tex/generic/oberdiek/infwarerr
.sty
Package: infwarerr 2016/05/16 v1.4 Providing info/warning/error messages (HO)
)
(/Users/miguelportela/Library/TinyTeX/texmf-dist/tex/latex/oberdiek/grfext.sty
Package: grfext 2016/05/16 v1.2 Manage graphics extensions (HO)

(/Users/miguelportela/Library/TinyTeX/texmf-dist/tex/generic/oberdiek/kvdefinek
eys.sty
Package: kvdefinekeys 2016/05/16 v1.4 Define keys (HO)

(/Users/miguelportela/Library/TinyTeX/texmf-dist/tex/generic/oberdiek/ltxcmds.s
ty
Package: ltxcmds 2016/05/16 v1.23 LaTeX kernel commands for general use (HO)
)))
(/Users/miguelportela/Library/TinyTeX/texmf-dist/tex/latex/kvoptions/kvoptions.
sty
Package: kvoptions 2019/11/29 v3.13 Key value format for package options (HO)

(/Users/miguelportela/Library/TinyTeX/texmf-dist/tex/generic/oberdiek/kvsetkeys
.sty
Package: kvsetkeys 2016/05/16 v1.17 Key value parser (HO)

(/Users/miguelportela/Library/TinyTeX/texmf-dist/tex/generic/oberdiek/etexcmds.
sty
Package: etexcmds 2016/05/16 v1.6 Avoid name clashes with e-TeX commands (HO)

(/Users/miguelportela/Library/TinyTeX/texmf-dist/tex/generic/iftex/ifluatex.sty
Package: ifluatex 2019/10/25 v1.5 ifluatex legacy package. Use iftex instead.
))))
(/Users/miguelportela/Library/TinyTeX/texmf-dist/tex/latex/pdftexcmds/pdftexcmd
s.sty
Package: pdftexcmds 2019/11/24 v0.31 Utility functions of pdfTeX for LuaTeX (HO
)
Package pdftexcmds Info: \pdf@primitive is available.
Package pdftexcmds Info: \pdf@ifprimitive is available.
Package pdftexcmds Info: \pdfdraftmode found.
)
(/Users/miguelportela/Library/TinyTeX/texmf-dist/tex/latex/epstopdf-pkg/epstopd
f-base.sty
Package: epstopdf-base 2019-11-30 v2.9 Base part for package epstopdf
Package epstopdf-base Info: Redefining graphics rule for `.eps' on input line 4
85.
Package grfext Info: Graphics extension search list:
(grfext)             [.pdf,.png,.jpg,.mps,.jpeg,.jbig2,.jb2,.PDF,.PNG,.JPG,.JPE
G,.JBIG2,.JB2,.eps]
(grfext)             \AppendGraphicsExtensions on input line 504.

(/Users/miguelportela/Library/TinyTeX/texmf-dist/tex/latex/latexconfig/epstopdf
-sys.cfg
File: epstopdf-sys.cfg 2010/07/13 v1.3 Configuration of (r)epstopdf for TeX Liv
e
)))
(/Users/miguelportela/Library/TinyTeX/texmf-dist/tex/latex/amsmath/amsmath.sty
Package: amsmath 2019/11/16 v2.17d AMS math features
\@mathmargin=\skip45

For additional information on amsmath, use the `?' option.
(/Users/miguelportela/Library/TinyTeX/texmf-dist/tex/latex/amsmath/amstext.sty
Package: amstext 2000/06/29 v2.01 AMS text

(/Users/miguelportela/Library/TinyTeX/texmf-dist/tex/latex/amsmath/amsgen.sty
File: amsgen.sty 1999/11/30 v2.0 generic functions
\@emptytoks=\toks17
\ex@=\dimen120
)) (/Users/miguelportela/Library/TinyTeX/texmf-dist/tex/latex/amsmath/amsbsy.st
y
Package: amsbsy 1999/11/29 v1.2d Bold Symbols
\pmbraise@=\dimen121
) (/Users/miguelportela/Library/TinyTeX/texmf-dist/tex/latex/amsmath/amsopn.sty
Package: amsopn 2016/03/08 v2.02 operator names
)
\inf@bad=\count94
LaTeX Info: Redefining \frac on input line 227.
\uproot@=\count95
\leftroot@=\count96
LaTeX Info: Redefining \overline on input line 389.
\classnum@=\count97
\DOTSCASE@=\count98
LaTeX Info: Redefining \ldots on input line 486.
LaTeX Info: Redefining \dots on input line 489.
LaTeX Info: Redefining \cdots on input line 610.
\Mathstrutbox@=\box28
\strutbox@=\box29
\big@size=\dimen122
LaTeX Font Info:    Redeclaring font encoding OML on input line 733.
LaTeX Font Info:    Redeclaring font encoding OMS on input line 734.
\macc@depth=\count99
\c@MaxMatrixCols=\count100
\dotsspace@=\muskip10
\c@parentequation=\count101
\dspbrk@lvl=\count102
\tag@help=\toks18
\row@=\count103
\column@=\count104
\maxfields@=\count105
\andhelp@=\toks19
\eqnshift@=\dimen123
\alignsep@=\dimen124
\tagshift@=\dimen125
\tagwidth@=\dimen126
\totwidth@=\dimen127
\lineht@=\dimen128
\@envbody=\toks20
\multlinegap=\skip46
\multlinetaggap=\skip47
\mathdisplay@stack=\toks21
LaTeX Info: Redefining \[ on input line 2858.
LaTeX Info: Redefining \] on input line 2859.
)
(/Users/miguelportela/Library/TinyTeX/texmf-dist/tex/latex/threeparttable/three
parttable.sty
Package: threeparttable 2003/06/13  v 3.0
\@tempboxb=\box30
)
(/Users/miguelportela/Library/TinyTeX/texmf-dist/tex/latex/base/inputenc.sty
Package: inputenc 2018/08/11 v1.3c Input encoding file
\inpenc@prehook=\toks22
\inpenc@posthook=\toks23
)
(/Users/miguelportela/Library/TinyTeX/texmf-dist/tex/latex/natbib/natbib.sty
Package: natbib 2010/09/13 8.31b (PWD, AO)
\bibhang=\skip48
\bibsep=\skip49
LaTeX Info: Redefining \cite on input line 694.
\c@NAT@ctr=\count106
)
(/Users/miguelportela/Library/TinyTeX/texmf-dist/tex/latex/natbib/bibentry.sty
Package: bibentry 2007/10/30 1.5 (PWD)
) (/Users/miguelportela/Library/TinyTeX/texmf-dist/tex/latex/eurosym/eurosym.st
y
Package: eurosym 1998/08/06 v1.1 European currency symbol ``Euro''
\@eurobox=\box31
)
(/Users/miguelportela/Library/TinyTeX/texmf-dist/tex/latex/amsfonts/amssymb.sty
Package: amssymb 2013/01/14 v3.01 AMS font symbols

(/Users/miguelportela/Library/TinyTeX/texmf-dist/tex/latex/amsfonts/amsfonts.st
y
Package: amsfonts 2013/01/14 v3.01 Basic AMSFonts support
\symAMSa=\mathgroup4
\symAMSb=\mathgroup5
LaTeX Font Info:    Redeclaring math symbol \hbar on input line 98.
LaTeX Font Info:    Overwriting math alphabet `\mathfrak' in version `bold'
(Font)                  U/euf/m/n --> U/euf/b/n on input line 106.
))
(/Users/miguelportela/Library/TinyTeX/texmf-dist/tex/latex/tools/verbatim.sty
Package: verbatim 2019/11/10 v1.5r LaTeX2e package for verbatim enhancements
\every@verbatim=\toks24
\verbatim@line=\toks25
\verbatim@in@stream=\read1
)
(/Users/miguelportela/Library/TinyTeX/texmf-dist/tex/latex/multirow/multirow.st
y
Package: multirow 2019/05/31 v2.5 Span multiple rows of a table
\multirow@colwidth=\skip50
\multirow@cntb=\count107
\multirow@dima=\skip51
\bigstrutjot=\dimen129
)
(/Users/miguelportela/Library/TinyTeX/texmf-dist/tex/latex/floatrow/floatrow.st
y
Package: floatrow 2008/08/02 v0.3b floatrow: float package extension
\c@float@type=\count108
\float@exts=\toks26
\float@box=\box32
\@floatcapt=\box33
Package floatrow Info: Modified float package code loaded on input line 455.
Package floatrow Info: Modified rotfloat package code loaded on input line 473.

\FR@everyfloat=\toks27
\flrow@foot=\insert199
\FB@wd=\dimen130
\FBo@wd=\dimen131
\FBc@wd=\dimen132
\FBo@ht=\skip52
\FBc@ht=\skip53
\FBf@ht=\skip54
\FBo@max=\skip55
\FBc@max=\skip56
\FBf@max=\skip57
\c@FBl@b=\count109
\floatbox@depth=\count110
\c@FRobj=\count111
\c@FRsobj=\count112
\Xhsize=\skip58
\sXhsize=\skip59
\Zhsize=\skip60
\sZhsize=\skip61
\flrow@rowbox=\box34
\FR@Zunitlength=\dimen133
\c@FBcnt=\count113
\FPOScnt=\count114
\LTleft=\skip62
\LTright=\skip63
\LTleft=\skip64
\LTright=\skip65
\flrow@types=\toks28
)
(/Users/miguelportela/Library/TinyTeX/texmf-dist/tex/latex/tools/longtable.sty
Package: longtable 2019/02/06 v4.12 Multi-page Table package (DPC)
\LTleft=\skip66
\LTright=\skip67
\LTpre=\skip68
\LTpost=\skip69
\LTchunksize=\count115
\LTcapwidth=\dimen134
\LT@head=\box35
\LT@firsthead=\box36
\LT@foot=\box37
\LT@lastfoot=\box38
\LT@cols=\count116
\LT@rows=\count117
\c@LT@tables=\count118
\c@LT@chunks=\count119
\LT@p@ftn=\toks29
)
(/Users/miguelportela/Library/TinyTeX/texmf-dist/tex/latex/oberdiek/pdflscape.s
ty
Package: pdflscape 2016/05/14 v0.11 Display of landscape pages in PDF (HO)
Package pdflscape Info: Auto-detected driver: pdftex on input line 85.
)
(/Users/miguelportela/Library/TinyTeX/texmf-dist/tex/latex/comment/comment.sty
\CommentStream=\write3

Excluding comment 'comment')
(/Users/miguelportela/Library/TinyTeX/texmf-dist/tex/latex/appendix/appendix.st
y
Package: appendix 2009/09/02 v1.2b extra appendix facilities
\c@@pps=\count120
\c@@ppsavesec=\count121
\c@@ppsaveapp=\count122
)
(/Users/miguelportela/Library/TinyTeX/texmf-dist/tex/latex/placeins/placeins.st
y
Package: placeins 2005/04/18  v 2.2
)
(/Users/miguelportela/Library/TinyTeX/texmf-dist/tex/latex/easy/easytable.sty
Document Style `easytable' v1.0 <2001/06/13>.
(/Users/miguelportela/Library/TinyTeX/texmf-dist/tex/latex/easy/easy.sty
Document Style `easy' v1.1 <2001/05/31>.
Package: easy 2001/05/31 v1.1
\@easy@level=\count123
\@easy@ncol=\count124
\@easy@nrow=\count125
\@easy@cnt=\count126
\@easy@boxviii=\box39
\@easy@minxviii=\dimen135
\@easy@minyviii=\dimen136
\@easy@maxxviii=\dimen137
\@easy@maxyviii=\dimen138
\@easy@boxvii=\box40
\@easy@minxvii=\dimen139
\@easy@minyvii=\dimen140
\@easy@maxxvii=\dimen141
\@easy@maxyvii=\dimen142
\@easy@boxvi=\box41
\@easy@minxvi=\dimen143
\@easy@minyvi=\dimen144
\@easy@maxxvi=\dimen145
\@easy@maxyvi=\dimen146
\@easy@boxv=\box42
\@easy@minxv=\dimen147
\@easy@minyv=\dimen148
\@easy@maxxv=\dimen149
\@easy@maxyv=\dimen150
\@easy@boxiv=\box43
\@easy@minxiv=\dimen151
\@easy@minyiv=\dimen152
\@easy@maxxiv=\dimen153
\@easy@maxyiv=\dimen154
\@easy@boxiii=\box44
\@easy@minxiii=\dimen155
\@easy@minyiii=\dimen156
\@easy@maxxiii=\dimen157
\@easy@maxyiii=\dimen158
\@easy@boxii=\box45
\@easy@minxii=\dimen159
\@easy@minyii=\dimen160
\@easy@maxxii=\dimen161
\@easy@maxyii=\dimen162
\@easy@boxi=\box46
\@easy@minxi=\dimen163
\@easy@minyi=\dimen164
\@easy@maxxi=\dimen165
\@easy@maxyi=\dimen166
\@easy@hsizexxx=\dimen167
\@easy@vsizexxx=\dimen168
\@easy@hsizexxix=\dimen169
\@easy@vsizexxix=\dimen170
\@easy@hsizexxviii=\dimen171
\@easy@vsizexxviii=\dimen172
\@easy@hsizexxvii=\dimen173
\@easy@vsizexxvii=\dimen174
\@easy@hsizexxvi=\dimen175
\@easy@vsizexxvi=\dimen176
\@easy@hsizexxv=\dimen177
\@easy@vsizexxv=\dimen178
\@easy@hsizexxiv=\dimen179
\@easy@vsizexxiv=\dimen180
\@easy@hsizexxiii=\dimen181
\@easy@vsizexxiii=\dimen182
\@easy@hsizexxii=\dimen183
\@easy@vsizexxii=\dimen184
\@easy@hsizexxi=\dimen185
\@easy@vsizexxi=\dimen186
\@easy@hsizexx=\dimen187
\@easy@vsizexx=\dimen188
\@easy@hsizexix=\dimen189
\@easy@vsizexix=\dimen190
\@easy@hsizexviii=\dimen191
\@easy@vsizexviii=\dimen192
\@easy@hsizexvii=\dimen193
\@easy@vsizexvii=\dimen194
\@easy@hsizexvi=\dimen195
\@easy@vsizexvi=\dimen196
\@easy@hsizexv=\dimen197
\@easy@vsizexv=\dimen198
\@easy@hsizexiv=\dimen256
\@easy@vsizexiv=\dimen257
\@easy@hsizexiii=\dimen258
\@easy@vsizexiii=\dimen259
\@easy@hsizexii=\dimen260
\@easy@vsizexii=\dimen261
\@easy@hsizexi=\dimen262
\@easy@vsizexi=\dimen263
\@easy@hsizex=\dimen264
\@easy@vsizex=\dimen265
\@easy@hsizeix=\dimen266
\@easy@vsizeix=\dimen267
\@easy@hsizeviii=\dimen268
\@easy@vsizeviii=\dimen269
\@easy@hsizevii=\dimen270
\@easy@vsizevii=\dimen271
\@easy@hsizevi=\dimen272
\@easy@vsizevi=\dimen273
\@easy@hsizev=\dimen274
\@easy@vsizev=\dimen275
\@easy@hsizeiv=\dimen276
\@easy@vsizeiv=\dimen277
\@easy@hsizeiii=\dimen278
\@easy@vsizeiii=\dimen279
\@easy@hsizeii=\dimen280
\@easy@vsizeii=\dimen281
\@easy@hsizei=\dimen282
\@easy@vsizei=\dimen283
\@easy@dash@len=\dimen284
\@easy@dash@sep=\dimen285
)
Package: easytable 2001/05/31v1.1
\@tab@size@rule=\dimen286
\@tab@size@dash=\dimen287
) (/Users/miguelportela/Library/TinyTeX/texmf-dist/tex/latex/xcolor/xcolor.sty
Package: xcolor 2016/05/11 v2.12 LaTeX color extensions (UK)

(/Users/miguelportela/Library/TinyTeX/texmf-dist/tex/latex/graphics-cfg/color.c
fg
File: color.cfg 2016/01/02 v1.6 sample color configuration
)
Package xcolor Info: Driver file: pdftex.def on input line 225.
Package xcolor Info: Model `cmy' substituted by `cmy0' on input line 1348.
Package xcolor Info: Model `hsb' substituted by `rgb' on input line 1352.
Package xcolor Info: Model `RGB' extended on input line 1364.
Package xcolor Info: Model `HTML' substituted by `rgb' on input line 1366.
Package xcolor Info: Model `Hsb' substituted by `hsb' on input line 1367.
Package xcolor Info: Model `tHsb' substituted by `hsb' on input line 1368.
Package xcolor Info: Model `HSB' substituted by `hsb' on input line 1369.
Package xcolor Info: Model `Gray' substituted by `gray' on input line 1370.
Package xcolor Info: Model `wave' substituted by `hsb' on input line 1371.
)
(/Users/miguelportela/Library/TinyTeX/texmf-dist/tex/latex/colortbl/colortbl.st
y
Package: colortbl 2018/12/12 v1.0d Color table columns (DPC)
 (/Users/miguelportela/Library/TinyTeX/texmf-dist/tex/latex/tools/array.sty
Package: array 2019/08/31 v2.4l Tabular extension package (FMi)
\col@sep=\dimen288
\ar@mcellbox=\box47
\extrarowheight=\dimen289
\NC@list=\toks30
\extratabsurround=\skip70
\backup@length=\skip71
\ar@cellbox=\box48
)
\everycr=\toks31
\minrowclearance=\skip72
)
(/Users/miguelportela/Library/TinyTeX/texmf-dist/tex/latex/tools/afterpage.sty
Package: afterpage 2014/10/28 v1.08 After-Page Package (DPC)
\AP@output=\toks32
\AP@partial=\box49
\AP@footins=\box50
) (/Users/miguelportela/Library/TinyTeX/texmf-dist/tex/latex/url/url.sty
\Urlmuskip=\muskip11
Package: url 2013/09/16  ver 3.4  Verb mode for urls, etc.
)
(/Users/miguelportela/Library/TinyTeX/texmf-dist/tex/latex/hyperref/hyperref.st
y
Package: hyperref 2019/11/10 v7.00c Hypertext links for LaTeX

(/Users/miguelportela/Library/TinyTeX/texmf-dist/tex/generic/oberdiek/pdfescape
.sty
Package: pdfescape 2016/05/16 v1.14 Implements pdfTeX's escape features (HO)
)
(/Users/miguelportela/Library/TinyTeX/texmf-dist/tex/latex/oberdiek/hycolor.sty
Package: hycolor 2016/05/16 v1.8 Color options for hyperref/bookmark (HO)

(/Users/miguelportela/Library/TinyTeX/texmf-dist/tex/latex/oberdiek/xcolor-patc
h.sty
Package: xcolor-patch 2016/05/16 xcolor patch

(/Users/miguelportela/Library/TinyTeX/texmf-dist/tex/latex/oberdiek/hopatch.sty
Package: hopatch 2016/05/16 v1.3 Wrapper for package hooks (HO)
)))
(/Users/miguelportela/Library/TinyTeX/texmf-dist/tex/latex/oberdiek/letltxmacro
.sty
Package: letltxmacro 2016/05/16 v1.5 Let assignment for LaTeX macros (HO)
)
(/Users/miguelportela/Library/TinyTeX/texmf-dist/tex/latex/oberdiek/auxhook.sty
Package: auxhook 2016/05/16 v1.4 Hooks for auxiliary files (HO)
)
\@linkdim=\dimen290
\Hy@linkcounter=\count127
\Hy@pagecounter=\count128

(/Users/miguelportela/Library/TinyTeX/texmf-dist/tex/latex/hyperref/pd1enc.def
File: pd1enc.def 2019/11/10 v7.00c Hyperref: PDFDocEncoding definition (HO)
Now handling font encoding PD1 ...
... no UTF-8 mapping file for font encoding PD1
)
(/Users/miguelportela/Library/TinyTeX/texmf-dist/tex/generic/oberdiek/intcalc.s
ty
Package: intcalc 2016/05/16 v1.2 Expandable calculations with integers (HO)
)
\Hy@SavedSpaceFactor=\count129

(/Users/miguelportela/Library/TinyTeX/texmf-dist/tex/latex/latexconfig/hyperref
.cfg
File: hyperref.cfg 2002/06/06 v1.2 hyperref configuration of TeXLive
)
Package hyperref Info: Option `colorlinks' set `true' on input line 4409.
Package hyperref Info: Option `breaklinks' set `true' on input line 4409.
Package hyperref Info: Hyper figures OFF on input line 4535.
Package hyperref Info: Link nesting OFF on input line 4540.
Package hyperref Info: Hyper index ON on input line 4543.
Package hyperref Info: Plain pages OFF on input line 4550.
Package hyperref Info: Backreferencing OFF on input line 4555.
Package hyperref Info: Implicit mode ON; LaTeX internals redefined.
Package hyperref Info: Bookmarks ON on input line 4788.
\c@Hy@tempcnt=\count130
LaTeX Info: Redefining \url on input line 5147.
\XeTeXLinkMargin=\dimen291

(/Users/miguelportela/Library/TinyTeX/texmf-dist/tex/generic/oberdiek/bitset.st
y
Package: bitset 2016/05/16 v1.2 Handle bit-vector datatype (HO)

(/Users/miguelportela/Library/TinyTeX/texmf-dist/tex/generic/oberdiek/bigintcal
c.sty
Package: bigintcalc 2016/05/16 v1.4 Expandable calculations on big integers (HO
)
))
\Fld@menulength=\count131
\Field@Width=\dimen292
\Fld@charsize=\dimen293
Package hyperref Info: Hyper figures OFF on input line 6418.
Package hyperref Info: Link nesting OFF on input line 6423.
Package hyperref Info: Hyper index ON on input line 6426.
Package hyperref Info: backreferencing OFF on input line 6433.
Package hyperref Info: Link coloring ON on input line 6436.
Package hyperref Info: Link coloring with OCG OFF on input line 6443.
Package hyperref Info: PDF/A mode OFF on input line 6448.
LaTeX Info: Redefining \ref on input line 6488.
LaTeX Info: Redefining \pageref on input line 6492.

(/Users/miguelportela/Library/TinyTeX/texmf-dist/tex/generic/oberdiek/atbegshi.
sty
Package: atbegshi 2016/06/09 v1.18 At begin shipout hook (HO)
)
\Hy@abspage=\count132
\c@Item=\count133
\c@Hfootnote=\count134
)
Package hyperref Info: Driver (autodetected): hpdftex.

(/Users/miguelportela/Library/TinyTeX/texmf-dist/tex/latex/hyperref/hpdftex.def
File: hpdftex.def 2019/11/10 v7.00c Hyperref driver for pdfTeX

(/Users/miguelportela/Library/TinyTeX/texmf-dist/tex/latex/oberdiek/atveryend.s
ty
Package: atveryend 2016/05/16 v1.9 Hooks at the very end of document (HO)
Package atveryend Info: \AP@enddocument detected (standard20110627).
)
\Fld@listcount=\count135
\c@bookmark@seq@number=\count136

(/Users/miguelportela/Library/TinyTeX/texmf-dist/tex/latex/oberdiek/rerunfilech
eck.sty
Package: rerunfilecheck 2016/05/16 v1.8 Rerun checks for auxiliary files (HO)

(/Users/miguelportela/Library/TinyTeX/texmf-dist/tex/generic/oberdiek/uniquecou
nter.sty
Package: uniquecounter 2016/05/16 v1.3 Provide unlimited unique counter (HO)
)
Package uniquecounter Info: New unique counter `rerunfilecheck' on input line 2
86.
)
\Hy@SectionHShift=\skip73
)
Package hyperref Info: Option `pdfnewwindow' set `true' on input line 59.
Package hyperref Info: Option `colorlinks' set `true' on input line 64.
 (./tex_paper.aux)
\openout1 = `tex_paper.aux'.

LaTeX Font Info:    Checking defaults for OML/cmm/m/it on input line 74.
LaTeX Font Info:    ... okay on input line 74.
LaTeX Font Info:    Checking defaults for T1/cmr/m/n on input line 74.
LaTeX Font Info:    ... okay on input line 74.
LaTeX Font Info:    Checking defaults for OT1/cmr/m/n on input line 74.
LaTeX Font Info:    ... okay on input line 74.
LaTeX Font Info:    Checking defaults for OMS/cmsy/m/n on input line 74.
LaTeX Font Info:    ... okay on input line 74.
LaTeX Font Info:    Checking defaults for OMX/cmex/m/n on input line 74.
LaTeX Font Info:    ... okay on input line 74.
LaTeX Font Info:    Checking defaults for U/cmr/m/n on input line 74.
LaTeX Font Info:    ... okay on input line 74.
LaTeX Font Info:    Checking defaults for PD1/pdf/m/n on input line 74.
LaTeX Font Info:    ... okay on input line 74.

*geometry* driver: auto-detecting
*geometry* detected driver: pdftex
*geometry* verbose mode - [ preamble ] result:
* driver: pdftex
* paper: custom
* layout: <same size as paper>
* layoutoffset:(h,v)=(0.0pt,0.0pt)
* modes: 
* h-part:(L,W,R)=(76.82243pt, 443.863pt, 76.82243pt)
* v-part:(T,H,B)=(76.82243pt, 691.40198pt, 76.82243pt)
* \paperwidth=597.50787pt
* \paperheight=845.04684pt
* \textwidth=443.863pt
* \textheight=691.40198pt
* \oddsidemargin=4.55244pt
* \evensidemargin=4.55244pt
* \topmargin=-32.44756pt
* \headheight=12.0pt
* \headsep=25.0pt
* \topskip=12.0pt
* \footskip=30.0pt
* \marginparwidth=35.0pt
* \marginparsep=10.0pt
* \columnsep=10.0pt
* \skip\footins=10.8pt plus 4.0pt minus 2.0pt
* \hoffset=0.0pt
* \voffset=0.0pt
* \mag=1000
* \@twocolumnfalse
* \@twosidefalse
* \@mparswitchfalse
* \@reversemarginfalse
* (1in=72.27pt=25.4mm, 1cm=28.453pt)


(/Users/miguelportela/Library/TinyTeX/texmf-dist/tex/context/base/mkii/supp-pdf
.mkii
[Loading MPS to PDF converter (version 2006.09.02).]
\scratchcounter=\count137
\scratchdimen=\dimen294
\scratchbox=\box51
\nofMPsegments=\count138
\nofMParguments=\count139
\everyMPshowfont=\toks33
\MPscratchCnt=\count140
\MPscratchDim=\dimen295
\MPnumerator=\count141
\makeMPintoPDFobject=\count142
\everyMPtoPDFconversion=\toks34
)
Package caption Info: Begin \AtBeginDocument code.
Package caption Info: float package is loaded.
Package caption Info: floatrow package is loaded.
Package caption Info: hyperref package is loaded.
Package caption Info: longtable package is loaded.

(/Users/miguelportela/Library/TinyTeX/texmf-dist/tex/latex/caption/ltcaption.st
y
Package: ltcaption 2018/08/26 v1.4a longtable captions (AR)
)
Package caption Info: threeparttable package is loaded.
Package caption Info: End \AtBeginDocument code.

(/Users/miguelportela/Library/TinyTeX/texmf-dist/tex/latex/floatrow/fr-longtabl
e.sty
Package: fr-longtable 2007/11/28 v0.1b (beta) floatrow: additions for longtable

\flrow@LT@lasthead=\box52
\flrow@LT@prelastfoot=\box53
\c@FBLTpage=\count143
)
\AtBeginShipoutBox=\box54
Package hyperref Info: Link coloring ON on input line 74.

(/Users/miguelportela/Library/TinyTeX/texmf-dist/tex/latex/hyperref/nameref.sty
Package: nameref 2019/09/16 v2.46 Cross-referencing by name of section

(/Users/miguelportela/Library/TinyTeX/texmf-dist/tex/latex/oberdiek/refcount.st
y
Package: refcount 2016/05/16 v3.5 Data extraction from label references (HO)
)
(/Users/miguelportela/Library/TinyTeX/texmf-dist/tex/generic/oberdiek/gettitles
tring.sty
Package: gettitlestring 2016/05/16 v1.5 Cleanup title references (HO)
)
\c@section@level=\count144
)
LaTeX Info: Redefining \ref on input line 74.
LaTeX Info: Redefining \pageref on input line 74.
LaTeX Info: Redefining \nameref on input line 74.
 (./tex_paper.out) (./tex_paper.out)
\@outlinefile=\write4
\openout4 = `tex_paper.out'.

LaTeX Font Info:    Trying to load font information for U+msa on input line 85.


(/Users/miguelportela/Library/TinyTeX/texmf-dist/tex/latex/amsfonts/umsa.fd
File: umsa.fd 2013/01/14 v3.01 AMS symbols A
)
LaTeX Font Info:    Trying to load font information for U+msb on input line 85.


(/Users/miguelportela/Library/TinyTeX/texmf-dist/tex/latex/amsfonts/umsb.fd
File: umsb.fd 2013/01/14 v3.01 AMS symbols B
)
LaTeX Font Info:    Trying to load font information for OMS+cmr on input line 8
5.

(/Users/miguelportela/Library/TinyTeX/texmf-dist/tex/latex/base/omscmr.fd
File: omscmr.fd 2014/09/29 v2.5h Standard LaTeX font definitions
)
LaTeX Font Info:    Font shape `OMS/cmr/m/n' in size <10> not available
(Font)              Font shape `OMS/cmsy/m/n' tried instead on input line 85.
LaTeX Font Info:    Font shape `OMS/cmr/m/n' in size <7> not available
(Font)              Font shape `OMS/cmsy/m/n' tried instead on input line 85.

[1

{/Users/miguelportela/Library/TinyTeX/texmf-var/fonts/map/pdftex/updmap/pdftex.
map}] [2] [3] [4] [5]
<figures/figure.pdf, id=144, 614.295pt x 794.97pt>
File: figures/figure.pdf Graphic file (type pdf)
<use figures/figure.pdf>
Package pdftex.def Info: figures/figure.pdf  used on input line 305.
(pdftex.def)             Requested size: 221.9315pt x 226.34782pt.
 [6

]
Package epstopdf Info: Source file: <figures/elasticities_estimated.eps>
(epstopdf)                    date: 2018-11-30 18:02:08
(epstopdf)                    size: 984272 bytes
(epstopdf)             Output file: <figures/elasticities_estimated-eps-convert
ed-to.pdf>
(epstopdf)                    date: 2019-12-09 22:46:22
(epstopdf)                    size: 527150 bytes
(epstopdf)             Command: <repstopdf --outfile=figures/elasticities_estim
ated-eps-converted-to.pdf figures/elasticities_estimated.eps>
(epstopdf)             \includegraphics on input line 366.
Package epstopdf Info: Output file is already uptodate.
<figures/elasticities_estimated-eps-converted-to.pdf, id=162, 258.9675pt x 188.
705pt>
File: figures/elasticities_estimated-eps-converted-to.pdf Graphic file (type pd
f)
<use figures/elasticities_estimated-eps-converted-to.pdf>
Package pdftex.def Info: figures/elasticities_estimated-eps-converted-to.pdf  u
sed on input line 366.
(pdftex.def)             Requested size: 310.70274pt x 226.42758pt.
<figures/lnwage_education.png, id=163, 985.6825pt x 716.6775pt>
File: figures/lnwage_education.png Graphic file (type png)
<use figures/lnwage_education.png>
Package pdftex.def Info: figures/lnwage_education.png  used on input line 374.
(pdftex.def)             Requested size: 310.70274pt x 225.9077pt.
 Excluding 'comment' comment.
(./regression_analysis.tex
! Missing $ inserted.
<inserted text> 
                $
l.3 ...lign{\smallskip} & OLS & RE & FE & IV & FE_
                                                  IV & RE_IV & FE_cluster\\
I've inserted a begin-math/end-math symbol since I think
you left one out. Proceed, with fingers crossed.

! Missing $ inserted.
<inserted text> 
                $
l.3 ...{\smallskip} & OLS & RE & FE & IV & FE_IV &
                                                   RE_IV & FE_cluster\\
I've inserted something that you may have forgotten.
(See the <inserted text> above.)
With luck, this will get me unwedged. But if you
really didn't forget anything, try typing `2' now; then
my insertion and my current dilemma will both disappear.

! Missing $ inserted.
<inserted text> 
                $
l.3 ...allskip} & OLS & RE & FE & IV & FE_IV & RE_
                                                  IV & FE_cluster\\
I've inserted a begin-math/end-math symbol since I think
you left one out. Proceed, with fingers crossed.

! Missing $ inserted.
<inserted text> 
                $
l.3 ...kip} & OLS & RE & FE & IV & FE_IV & RE_IV &
                                                   FE_cluster\\
I've inserted something that you may have forgotten.
(See the <inserted text> above.)
With luck, this will get me unwedged. But if you
really didn't forget anything, try typing `2' now; then
my insertion and my current dilemma will both disappear.

! Missing $ inserted.
<inserted text> 
                $
l.3 ... & OLS & RE & FE & IV & FE_IV & RE_IV & FE_
                                                  cluster\\
I've inserted a begin-math/end-math symbol since I think
you left one out. Proceed, with fingers crossed.

! Missing $ inserted.
<inserted text> 
                $
l.4 \noalign
            {\smallskip}\hline \noalign{\smallskip}Education & 0.1071*** & 0...
I've inserted something that you may have forgotten.
(See the <inserted text> above.)
With luck, this will get me unwedged. But if you
really didn't forget anything, try typing `2' now; then
my insertion and my current dilemma will both disappear.


Overfull \hbox (61.15675pt too wide) in paragraph at lines 2--13
 [] 
 []

) [7 <./figures/figure.pdf>] [8] (./tex_paper.bbl [9 <./figures/elasticities_es
timated-eps-converted-to.pdf>] [10 <./figures/lnwage_education.png>])
Package atveryend Info: Empty hook `BeforeClearDocument' on input line 458.
 [11]
Package atveryend Info: Empty hook `AfterLastShipout' on input line 458.

(./tex_paper.aux)
Package atveryend Info: Executing hook `AtVeryEndDocument' on input line 458.
Package atveryend Info: Executing hook `AtEndAfterFileList' on input line 458.
Package rerunfilecheck Info: File `tex_paper.out' has not changed.
(rerunfilecheck)             Checksum: BA83A9CCF86823883728ED7B49E0945A;655.
Package atveryend Info: Empty hook `AtVeryVeryEnd' on input line 458.
 ) 
Here is how much of TeX's memory you used:
 10263 strings out of 494088
 154787 string characters out of 6171439
 278699 words of memory out of 5000000
 14114 multiletter control sequences out of 15000+600000
 14003 words of font info for 54 fonts, out of 8000000 for 9000
 16 hyphenation exceptions out of 8191
 46i,15n,46p,1052b,457s stack positions out of 5000i,500n,10000p,200000b,80000s
</Users/miguelportela/Library/TinyTeX/texmf-dist/fonts/type1/public/amsfonts/
cm/cmbx10.pfb></Users/miguelportela/Library/TinyTeX/texmf-dist/fonts/type1/publ
ic/amsfonts/cm/cmbx12.pfb></Users/miguelportela/Library/TinyTeX/texmf-dist/font
s/type1/public/amsfonts/cm/cmex10.pfb></Users/miguelportela/Library/TinyTeX/tex
mf-dist/fonts/type1/public/amsfonts/cm/cmmi10.pfb></Users/miguelportela/Library
/TinyTeX/texmf-dist/fonts/type1/public/amsfonts/cm/cmmi12.pfb></Users/miguelpor
tela/Library/TinyTeX/texmf-dist/fonts/type1/public/amsfonts/cm/cmmi6.pfb></User
s/miguelportela/Library/TinyTeX/texmf-dist/fonts/type1/public/amsfonts/cm/cmmi8
.pfb></Users/miguelportela/Library/TinyTeX/texmf-dist/fonts/type1/public/amsfon
ts/cm/cmr10.pfb></Users/miguelportela/Library/TinyTeX/texmf-dist/fonts/type1/pu
blic/amsfonts/cm/cmr12.pfb></Users/miguelportela/Library/TinyTeX/texmf-dist/fon
ts/type1/public/amsfonts/cm/cmr17.pfb></Users/miguelportela/Library/TinyTeX/tex
mf-dist/fonts/type1/public/amsfonts/cm/cmr6.pfb></Users/miguelportela/Library/T
inyTeX/texmf-dist/fonts/type1/public/amsfonts/cm/cmr7.pfb></Users/miguelportela
/Library/TinyTeX/texmf-dist/fonts/type1/public/amsfonts/cm/cmr8.pfb></Users/mig
uelportela/Library/TinyTeX/texmf-dist/fonts/type1/public/amsfonts/cm/cmsy10.pfb
></Users/miguelportela/Library/TinyTeX/texmf-dist/fonts/type1/public/amsfonts/c
m/cmsy6.pfb></Users/miguelportela/Library/TinyTeX/texmf-dist/fonts/type1/public
/amsfonts/cm/cmsy7.pfb></Users/miguelportela/Library/TinyTeX/texmf-dist/fonts/t
ype1/public/amsfonts/cm/cmsy8.pfb></Users/miguelportela/Library/TinyTeX/texmf-d
ist/fonts/type1/public/amsfonts/cm/cmti12.pfb>
Output written on tex_paper.pdf (11 pages, 1188749 bytes).
PDF statistics:
 293 PDF objects out of 1000 (max. 8388607)
 246 compressed objects within 3 object streams
 54 named destinations out of 1000 (max. 500000)
 110 words of extra memory for PDF output out of 10000 (max. 10000000)

