This is pdfTeX, Version 3.141592653-2.6-1.40.23 (TeX Live 2022/dev) (preloaded format=pdflatex 2022.9.29)  24 JAN 2023 08:22
entering extended mode
 restricted \write18 enabled.
 %&-line parsing enabled.
**Econometrics_II_R_notebook_V7.tex
(./Econometrics_II_R_notebook_V7.tex
LaTeX2e <2022-06-01> patch level 5
L3 programming layer <2022-08-30> (/Users/miguelportela/Library/TinyTeX/texmf-dist/tex/latex/base/article.cls
Document Class: article 2021/10/04 v1.4n Standard LaTeX document class
(/Users/miguelportela/Library/TinyTeX/texmf-dist/tex/latex/base/size12.clo
File: size12.clo 2021/10/04 v1.4n Standard LaTeX file (size option)
)
\c@part=\count185
\c@section=\count186
\c@subsection=\count187
\c@subsubsection=\count188
\c@paragraph=\count189
\c@subparagraph=\count190
\c@figure=\count191
\c@table=\count192
\abovecaptionskip=\skip47
\belowcaptionskip=\skip48
\bibindent=\dimen138
) (/Users/miguelportela/Library/TinyTeX/texmf-dist/tex/latex/amsmath/amsmath.sty
Package: amsmath 2022/04/08 v2.17n AMS math features
\@mathmargin=\skip49
For additional information on amsmath, use the `?' option.
(/Users/miguelportela/Library/TinyTeX/texmf-dist/tex/latex/amsmath/amstext.sty
Package: amstext 2021/08/26 v2.01 AMS text
(/Users/miguelportela/Library/TinyTeX/texmf-dist/tex/latex/amsmath/amsgen.sty
File: amsgen.sty 1999/11/30 v2.0 generic functions
\@emptytoks=\toks16
\ex@=\dimen139
)) (/Users/miguelportela/Library/TinyTeX/texmf-dist/tex/latex/amsmath/amsbsy.sty
Package: amsbsy 1999/11/29 v1.2d Bold Symbols
\pmbraise@=\dimen140
) (/Users/miguelportela/Library/TinyTeX/texmf-dist/tex/latex/amsmath/amsopn.sty
Package: amsopn 2022/04/08 v2.04 operator names
)
\inf@bad=\count193
LaTeX Info: Redefining \frac on input line 234.
\uproot@=\count194
\leftroot@=\count195
LaTeX Info: Redefining \overline on input line 399.
LaTeX Info: Redefining \colon on input line 410.
\classnum@=\count196
\DOTSCASE@=\count197
LaTeX Info: Redefining \ldots on input line 496.
LaTeX Info: Redefining \dots on input line 499.
LaTeX Info: Redefining \cdots on input line 620.
\Mathstrutbox@=\box51
\strutbox@=\box52
LaTeX Info: Redefining \big on input line 722.
LaTeX Info: Redefining \Big on input line 723.
LaTeX Info: Redefining \bigg on input line 724.
LaTeX Info: Redefining \Bigg on input line 725.
\big@size=\dimen141
LaTeX Font Info:    Redeclaring font encoding OML on input line 743.
LaTeX Font Info:    Redeclaring font encoding OMS on input line 744.
\macc@depth=\count198
LaTeX Info: Redefining \bmod on input line 905.
LaTeX Info: Redefining \pmod on input line 910.
LaTeX Info: Redefining \smash on input line 940.
LaTeX Info: Redefining \relbar on input line 970.
LaTeX Info: Redefining \Relbar on input line 971.
\c@MaxMatrixCols=\count199
\dotsspace@=\muskip16
\c@parentequation=\count266
\dspbrk@lvl=\count267
\tag@help=\toks17
\row@=\count268
\column@=\count269
\maxfields@=\count270
\andhelp@=\toks18
\eqnshift@=\dimen142
\alignsep@=\dimen143
\tagshift@=\dimen144
\tagwidth@=\dimen145
\totwidth@=\dimen146
\lineht@=\dimen147
\@envbody=\toks19
\multlinegap=\skip50
\multlinetaggap=\skip51
\mathdisplay@stack=\toks20
LaTeX Info: Redefining \[ on input line 2953.
LaTeX Info: Redefining \] on input line 2954.
) (/Users/miguelportela/Library/TinyTeX/texmf-dist/tex/latex/amsfonts/amssymb.sty
Package: amssymb 2013/01/14 v3.01 AMS font symbols
(/Users/miguelportela/Library/TinyTeX/texmf-dist/tex/latex/amsfonts/amsfonts.sty
Package: amsfonts 2013/01/14 v3.01 Basic AMSFonts support
\symAMSa=\mathgroup4
\symAMSb=\mathgroup5
LaTeX Font Info:    Redeclaring math symbol \hbar on input line 98.
LaTeX Font Info:    Overwriting math alphabet `\mathfrak' in version `bold'
(Font)                  U/euf/m/n --> U/euf/b/n on input line 106.
)) (/Users/miguelportela/Library/TinyTeX/texmf-dist/tex/latex/lm/lmodern.sty
Package: lmodern 2015/05/01 v1.6.1 Latin Modern Fonts
LaTeX Font Info:    Overwriting symbol font `operators' in version `normal'
(Font)                  OT1/cmr/m/n --> OT1/lmr/m/n on input line 22.
LaTeX Font Info:    Overwriting symbol font `letters' in version `normal'
(Font)                  OML/cmm/m/it --> OML/lmm/m/it on input line 23.
LaTeX Font Info:    Overwriting symbol font `symbols' in version `normal'
(Font)                  OMS/cmsy/m/n --> OMS/lmsy/m/n on input line 24.
LaTeX Font Info:    Overwriting symbol font `largesymbols' in version `normal'
(Font)                  OMX/cmex/m/n --> OMX/lmex/m/n on input line 25.
LaTeX Font Info:    Overwriting symbol font `operators' in version `bold'
(Font)                  OT1/cmr/bx/n --> OT1/lmr/bx/n on input line 26.
LaTeX Font Info:    Overwriting symbol font `letters' in version `bold'
(Font)                  OML/cmm/b/it --> OML/lmm/b/it on input line 27.
LaTeX Font Info:    Overwriting symbol font `symbols' in version `bold'
(Font)                  OMS/cmsy/b/n --> OMS/lmsy/b/n on input line 28.
LaTeX Font Info:    Overwriting symbol font `largesymbols' in version `bold'
(Font)                  OMX/cmex/m/n --> OMX/lmex/m/n on input line 29.
LaTeX Font Info:    Overwriting math alphabet `\mathbf' in version `normal'
(Font)                  OT1/cmr/bx/n --> OT1/lmr/bx/n on input line 31.
LaTeX Font Info:    Overwriting math alphabet `\mathsf' in version `normal'
(Font)                  OT1/cmss/m/n --> OT1/lmss/m/n on input line 32.
LaTeX Font Info:    Overwriting math alphabet `\mathit' in version `normal'
(Font)                  OT1/cmr/m/it --> OT1/lmr/m/it on input line 33.
LaTeX Font Info:    Overwriting math alphabet `\mathtt' in version `normal'
(Font)                  OT1/cmtt/m/n --> OT1/lmtt/m/n on input line 34.
LaTeX Font Info:    Overwriting math alphabet `\mathbf' in version `bold'
(Font)                  OT1/cmr/bx/n --> OT1/lmr/bx/n on input line 35.
LaTeX Font Info:    Overwriting math alphabet `\mathsf' in version `bold'
(Font)                  OT1/cmss/bx/n --> OT1/lmss/bx/n on input line 36.
LaTeX Font Info:    Overwriting math alphabet `\mathit' in version `bold'
(Font)                  OT1/cmr/bx/it --> OT1/lmr/bx/it on input line 37.
LaTeX Font Info:    Overwriting math alphabet `\mathtt' in version `bold'
(Font)                  OT1/cmtt/m/n --> OT1/lmtt/m/n on input line 38.
) (/Users/miguelportela/Library/TinyTeX/texmf-dist/tex/generic/iftex/iftex.sty
Package: iftex 2020/03/06 v1.0d TeX engine tests
) (/Users/miguelportela/Library/TinyTeX/texmf-dist/tex/latex/base/fontenc.sty
Package: fontenc 2021/04/29 v2.0v Standard LaTeX package
LaTeX Font Info:    Trying to load font information for T1+lmr on input line 112.
(/Users/miguelportela/Library/TinyTeX/texmf-dist/tex/latex/lm/t1lmr.fd
File: t1lmr.fd 2015/05/01 v1.6.1 Font defs for Latin Modern
)) (/Users/miguelportela/Library/TinyTeX/texmf-dist/tex/latex/base/inputenc.sty
Package: inputenc 2021/02/14 v1.3d Input encoding file
\inpenc@prehook=\toks21
\inpenc@posthook=\toks22
) (/Users/miguelportela/Library/TinyTeX/texmf-dist/tex/latex/base/textcomp.sty
Package: textcomp 2020/02/02 v2.0n Standard LaTeX package
) (/Users/miguelportela/Library/TinyTeX/texmf-dist/tex/latex/xcolor/xcolor.sty
Package: xcolor 2022/06/12 v2.14 LaTeX color extensions (UK)
(/Users/miguelportela/Library/TinyTeX/texmf-dist/tex/latex/graphics-cfg/color.cfg
File: color.cfg 2016/01/02 v1.6 sample color configuration
)
Package xcolor Info: Driver file: pdftex.def on input line 227.
(/Users/miguelportela/Library/TinyTeX/texmf-dist/tex/latex/graphics-def/pdftex.def
File: pdftex.def 2022/09/22 v1.2b Graphics/color driver for pdftex
\stockwidth=\dimen148
\stockheight=\dimen149
) (/Users/miguelportela/Library/TinyTeX/texmf-dist/tex/latex/graphics/mathcolor.ltx)
Package xcolor Info: Model `cmy' substituted by `cmy0' on input line 1353.
Package xcolor Info: Model `hsb' substituted by `rgb' on input line 1357.
Package xcolor Info: Model `RGB' extended on input line 1369.
Package xcolor Info: Model `HTML' substituted by `rgb' on input line 1371.
Package xcolor Info: Model `Hsb' substituted by `hsb' on input line 1372.
Package xcolor Info: Model `tHsb' substituted by `hsb' on input line 1373.
Package xcolor Info: Model `HSB' substituted by `hsb' on input line 1374.
Package xcolor Info: Model `Gray' substituted by `gray' on input line 1375.
Package xcolor Info: Model `wave' substituted by `hsb' on input line 1376.
) (/Users/miguelportela/Library/TinyTeX/texmf-dist/tex/latex/geometry/geometry.sty
Package: geometry 2020/01/02 v5.9 Page Geometry
(/Users/miguelportela/Library/TinyTeX/texmf-dist/tex/latex/graphics/keyval.sty
Package: keyval 2022/05/29 v1.15 key=value parser (DPC)
\KV@toks@=\toks23
) (/Users/miguelportela/Library/TinyTeX/texmf-dist/tex/generic/iftex/ifvtex.sty
Package: ifvtex 2019/10/25 v1.7 ifvtex legacy package. Use iftex instead.
)
\Gm@cnth=\count271
\Gm@cntv=\count272
\c@Gm@tempcnt=\count273
\Gm@bindingoffset=\dimen150
\Gm@wd@mp=\dimen151
\Gm@odd@mp=\dimen152
\Gm@even@mp=\dimen153
\Gm@layoutwidth=\dimen154
\Gm@layoutheight=\dimen155
\Gm@layouthoffset=\dimen156
\Gm@layoutvoffset=\dimen157
\Gm@dimlist=\toks24
) (/Users/miguelportela/Library/TinyTeX/texmf-dist/tex/latex/fancyvrb/fancyvrb.sty
Package: fancyvrb 2022/06/06 4.5 verbatim text (tvz,hv)
\FV@CodeLineNo=\count274
\FV@InFile=\read2
\FV@TabBox=\box53
\c@FancyVerbLine=\count275
\FV@StepNumber=\count276
\FV@OutFile=\write3
) (/Users/miguelportela/Library/TinyTeX/texmf-dist/tex/latex/framed/framed.sty
Package: framed 2011/10/22 v 0.96: framed or shaded text with page breaks
\OuterFrameSep=\skip52
\fb@frw=\dimen158
\fb@frh=\dimen159
\FrameRule=\dimen160
\FrameSep=\dimen161
) (/Users/miguelportela/Library/TinyTeX/texmf-dist/tex/latex/tools/longtable.sty
Package: longtable 2021-09-01 v4.17 Multi-page Table package (DPC)
\LTleft=\skip53
\LTright=\skip54
\LTpre=\skip55
\LTpost=\skip56
\LTchunksize=\count277
\LTcapwidth=\dimen162
\LT@head=\box54
\LT@firsthead=\box55
\LT@foot=\box56
\LT@lastfoot=\box57
\LT@gbox=\box58
\LT@cols=\count278
\LT@rows=\count279
\c@LT@tables=\count280
\c@LT@chunks=\count281
\LT@p@ftn=\toks25
) (/Users/miguelportela/Library/TinyTeX/texmf-dist/tex/latex/booktabs/booktabs.sty
Package: booktabs 2020/01/12 v1.61803398 Publication quality tables
\heavyrulewidth=\dimen163
\lightrulewidth=\dimen164
\cmidrulewidth=\dimen165
\belowrulesep=\dimen166
\belowbottomsep=\dimen167
\aboverulesep=\dimen168
\abovetopsep=\dimen169
\cmidrulesep=\dimen170
\cmidrulekern=\dimen171
\defaultaddspace=\dimen172
\@cmidla=\count282
\@cmidlb=\count283
\@aboverulesep=\dimen173
\@belowrulesep=\dimen174
\@thisruleclass=\count284
\@lastruleclass=\count285
\@thisrulewidth=\dimen175
) (/Users/miguelportela/Library/TinyTeX/texmf-dist/tex/latex/tools/array.sty
Package: array 2022/03/10 v2.5f Tabular extension package (FMi)
\col@sep=\dimen176
\ar@mcellbox=\box59
\extrarowheight=\dimen177
\NC@list=\toks26
\extratabsurround=\skip57
\backup@length=\skip58
\ar@cellbox=\box60
) (/Users/miguelportela/Library/TinyTeX/texmf-dist/tex/latex/tools/calc.sty
Package: calc 2017/05/25 v4.3 Infix arithmetic (KKT,FJ)
\calc@Acount=\count286
\calc@Bcount=\count287
\calc@Adimen=\dimen178
\calc@Bdimen=\dimen179
\calc@Askip=\skip59
\calc@Bskip=\skip60
LaTeX Info: Redefining \setlength on input line 80.
LaTeX Info: Redefining \addtolength on input line 81.
\calc@Ccount=\count288
\calc@Cskip=\skip61
) (/Users/miguelportela/Library/TinyTeX/texmf-dist/tex/latex/etoolbox/etoolbox.sty
Package: etoolbox 2020/10/05 v2.5k e-TeX tools for LaTeX (JAW)
\etb@tempcnta=\count289
) (/Users/miguelportela/Library/TinyTeX/texmf-dist/tex/latex/mdwtools/footnote.sty
Package: footnote 1997/01/28 1.13 Save footnotes around boxes
\fn@notes=\box61
\fn@width=\dimen180
) (/Users/miguelportela/Library/TinyTeX/texmf-dist/tex/latex/graphics/graphicx.sty
Package: graphicx 2021/09/16 v1.2d Enhanced LaTeX Graphics (DPC,SPQR)
(/Users/miguelportela/Library/TinyTeX/texmf-dist/tex/latex/graphics/graphics.sty
Package: graphics 2022/03/10 v1.4e Standard LaTeX Graphics (DPC,SPQR)
(/Users/miguelportela/Library/TinyTeX/texmf-dist/tex/latex/graphics/trig.sty
Package: trig 2021/08/11 v1.11 sin cos tan (DPC)
) (/Users/miguelportela/Library/TinyTeX/texmf-dist/tex/latex/graphics-cfg/graphics.cfg
File: graphics.cfg 2016/06/04 v1.11 sample graphics configuration
)
Package graphics Info: Driver file: pdftex.def on input line 107.
)
\Gin@req@height=\dimen181
\Gin@req@width=\dimen182
)
\cslhangindent=\skip62
\csllabelwidth=\skip63
\cslentryspacingunit=\skip64
(/Users/miguelportela/Library/TinyTeX/texmf-dist/tex/latex/hyperref/hyperref.sty
Package: hyperref 2022-09-22 v7.00t Hypertext links for LaTeX
(/Users/miguelportela/Library/TinyTeX/texmf-dist/tex/generic/ltxcmds/ltxcmds.sty
Package: ltxcmds 2020-05-10 v1.25 LaTeX kernel commands for general use (HO)
) (/Users/miguelportela/Library/TinyTeX/texmf-dist/tex/generic/pdftexcmds/pdftexcmds.sty
Package: pdftexcmds 2020-06-27 v0.33 Utility functions of pdfTeX for LuaTeX (HO)
(/Users/miguelportela/Library/TinyTeX/texmf-dist/tex/generic/infwarerr/infwarerr.sty
Package: infwarerr 2019/12/03 v1.5 Providing info/warning/error messages (HO)
)
Package pdftexcmds Info: \pdf@primitive is available.
Package pdftexcmds Info: \pdf@ifprimitive is available.
Package pdftexcmds Info: \pdfdraftmode found.
) (/Users/miguelportela/Library/TinyTeX/texmf-dist/tex/generic/kvsetkeys/kvsetkeys.sty
Package: kvsetkeys 2019/12/15 v1.18 Key value parser (HO)
) (/Users/miguelportela/Library/TinyTeX/texmf-dist/tex/generic/kvdefinekeys/kvdefinekeys.sty
Package: kvdefinekeys 2019-12-19 v1.6 Define keys (HO)
) (/Users/miguelportela/Library/TinyTeX/texmf-dist/tex/generic/pdfescape/pdfescape.sty
Package: pdfescape 2019/12/09 v1.15 Implements pdfTeX's escape features (HO)
) (/Users/miguelportela/Library/TinyTeX/texmf-dist/tex/latex/hycolor/hycolor.sty
Package: hycolor 2020-01-27 v1.10 Color options for hyperref/bookmark (HO)
) (/Users/miguelportela/Library/TinyTeX/texmf-dist/tex/latex/letltxmacro/letltxmacro.sty
Package: letltxmacro 2019/12/03 v1.6 Let assignment for LaTeX macros (HO)
) (/Users/miguelportela/Library/TinyTeX/texmf-dist/tex/latex/auxhook/auxhook.sty
Package: auxhook 2019-12-17 v1.6 Hooks for auxiliary files (HO)
) (/Users/miguelportela/Library/TinyTeX/texmf-dist/tex/latex/hyperref/nameref.sty
Package: nameref 2022-05-17 v2.50 Cross-referencing by name of section
(/Users/miguelportela/Library/TinyTeX/texmf-dist/tex/latex/refcount/refcount.sty
Package: refcount 2019/12/15 v3.6 Data extraction from label references (HO)
) (/Users/miguelportela/Library/TinyTeX/texmf-dist/tex/generic/gettitlestring/gettitlestring.sty
Package: gettitlestring 2019/12/15 v1.6 Cleanup title references (HO)
(/Users/miguelportela/Library/TinyTeX/texmf-dist/tex/latex/kvoptions/kvoptions.sty
Package: kvoptions 2022-06-15 v3.15 Key value format for package options (HO)
))
\c@section@level=\count290
)
\@linkdim=\dimen183
\Hy@linkcounter=\count291
\Hy@pagecounter=\count292
(/Users/miguelportela/Library/TinyTeX/texmf-dist/tex/latex/hyperref/pd1enc.def
File: pd1enc.def 2022-09-22 v7.00t Hyperref: PDFDocEncoding definition (HO)
Now handling font encoding PD1 ...
... no UTF-8 mapping file for font encoding PD1
) (/Users/miguelportela/Library/TinyTeX/texmf-dist/tex/generic/intcalc/intcalc.sty
Package: intcalc 2019/12/15 v1.3 Expandable calculations with integers (HO)
) (/Users/miguelportela/Library/TinyTeX/texmf-dist/tex/generic/etexcmds/etexcmds.sty
Package: etexcmds 2019/12/15 v1.7 Avoid name clashes with e-TeX commands (HO)
)
\Hy@SavedSpaceFactor=\count293
(/Users/miguelportela/Library/TinyTeX/texmf-dist/tex/latex/hyperref/puenc.def
File: puenc.def 2022-09-22 v7.00t Hyperref: PDF Unicode definition (HO)
Now handling font encoding PU ...
... no UTF-8 mapping file for font encoding PU
)
Package hyperref Info: Option `unicode' set `true' on input line 4045.
Package hyperref Info: Hyper figures OFF on input line 4162.
Package hyperref Info: Link nesting OFF on input line 4167.
Package hyperref Info: Hyper index ON on input line 4170.
Package hyperref Info: Plain pages OFF on input line 4177.
Package hyperref Info: Backreferencing OFF on input line 4182.
Package hyperref Info: Implicit mode ON; LaTeX internals redefined.
Package hyperref Info: Bookmarks ON on input line 4410.
\c@Hy@tempcnt=\count294
(/Users/miguelportela/Library/TinyTeX/texmf-dist/tex/latex/url/url.sty
\Urlmuskip=\muskip17
Package: url 2013/09/16  ver 3.4  Verb mode for urls, etc.
)
LaTeX Info: Redefining \url on input line 4748.
\XeTeXLinkMargin=\dimen184
(/Users/miguelportela/Library/TinyTeX/texmf-dist/tex/generic/bitset/bitset.sty
Package: bitset 2019/12/09 v1.3 Handle bit-vector datatype (HO)
(/Users/miguelportela/Library/TinyTeX/texmf-dist/tex/generic/bigintcalc/bigintcalc.sty
Package: bigintcalc 2019/12/15 v1.5 Expandable calculations on big integers (HO)
))
\Fld@menulength=\count295
\Field@Width=\dimen185
\Fld@charsize=\dimen186
Package hyperref Info: Hyper figures OFF on input line 6027.
Package hyperref Info: Link nesting OFF on input line 6032.
Package hyperref Info: Hyper index ON on input line 6035.
Package hyperref Info: backreferencing OFF on input line 6042.
Package hyperref Info: Link coloring OFF on input line 6047.
Package hyperref Info: Link coloring with OCG OFF on input line 6052.
Package hyperref Info: PDF/A mode OFF on input line 6057.
(/Users/miguelportela/Library/TinyTeX/texmf-dist/tex/latex/base/atbegshi-ltx.sty
Package: atbegshi-ltx 2021/01/10 v1.0c Emulation of the original atbegshi
package with kernel methods
)
\Hy@abspage=\count296
\c@Item=\count297
\c@Hfootnote=\count298
)
Package hyperref Info: Driver (autodetected): hpdftex.
(/Users/miguelportela/Library/TinyTeX/texmf-dist/tex/latex/hyperref/hpdftex.def
File: hpdftex.def 2022-09-22 v7.00t Hyperref driver for pdfTeX
(/Users/miguelportela/Library/TinyTeX/texmf-dist/tex/latex/base/atveryend-ltx.sty
Package: atveryend-ltx 2020/08/19 v1.0a Emulation of the original atveryend package
with kernel methods
)
\Fld@listcount=\count299
\c@bookmark@seq@number=\count300
(/Users/miguelportela/Library/TinyTeX/texmf-dist/tex/latex/rerunfilecheck/rerunfilecheck.sty
Package: rerunfilecheck 2022-07-10 v1.10 Rerun checks for auxiliary files (HO)
(/Users/miguelportela/Library/TinyTeX/texmf-dist/tex/generic/uniquecounter/uniquecounter.sty
Package: uniquecounter 2019/12/15 v1.4 Provide unlimited unique counter (HO)
)
Package uniquecounter Info: New unique counter `rerunfilecheck' on input line 285.
)
\Hy@SectionHShift=\skip65
) (/Users/miguelportela/Library/TinyTeX/texmf-dist/tex/latex/l3backend/l3backend-pdftex.def
File: l3backend-pdftex.def 2022-08-30 L3 backend support: PDF output (pdfTeX)
\l__color_backend_stack_int=\count301
\l__pdf_internal_box=\box62
) (./Econometrics_II_R_notebook_V7.aux)
\openout1 = `Econometrics_II_R_notebook_V7.aux'.

LaTeX Font Info:    Checking defaults for OML/cmm/m/it on input line 151.
LaTeX Font Info:    ... okay on input line 151.
LaTeX Font Info:    Checking defaults for OMS/cmsy/m/n on input line 151.
LaTeX Font Info:    ... okay on input line 151.
LaTeX Font Info:    Checking defaults for OT1/cmr/m/n on input line 151.
LaTeX Font Info:    ... okay on input line 151.
LaTeX Font Info:    Checking defaults for T1/cmr/m/n on input line 151.
LaTeX Font Info:    ... okay on input line 151.
LaTeX Font Info:    Checking defaults for TS1/cmr/m/n on input line 151.
LaTeX Font Info:    ... okay on input line 151.
LaTeX Font Info:    Checking defaults for OMX/cmex/m/n on input line 151.
LaTeX Font Info:    ... okay on input line 151.
LaTeX Font Info:    Checking defaults for U/cmr/m/n on input line 151.
LaTeX Font Info:    ... okay on input line 151.
LaTeX Font Info:    Checking defaults for PD1/pdf/m/n on input line 151.
LaTeX Font Info:    ... okay on input line 151.
LaTeX Font Info:    Checking defaults for PU/pdf/m/n on input line 151.
LaTeX Font Info:    ... okay on input line 151.
(/Users/miguelportela/Library/TinyTeX/texmf-dist/tex/latex/epstopdf-pkg/epstopdf-base.sty
Package: epstopdf-base 2020-01-24 v2.11 Base part for package epstopdf
Package epstopdf-base Info: Redefining graphics rule for `.eps' on input line 485.
(/Users/miguelportela/Library/TinyTeX/texmf-dist/tex/latex/latexconfig/epstopdf-sys.cfg
File: epstopdf-sys.cfg 2010/07/13 v1.3 Configuration of (r)epstopdf for TeX Live
))
*geometry* driver: auto-detecting
*geometry* detected driver: pdftex
*geometry* verbose mode - [ preamble ] result:
* driver: pdftex
* paper: <default>
* layout: <same size as paper>
* layoutoffset:(h,v)=(0.0pt,0.0pt)
* modes: 
* h-part:(L,W,R)=(72.26999pt, 469.75502pt, 72.26999pt)
* v-part:(T,H,B)=(72.26999pt, 650.43001pt, 72.26999pt)
* \paperwidth=614.295pt
* \paperheight=794.96999pt
* \textwidth=469.75502pt
* \textheight=650.43001pt
* \oddsidemargin=0.0pt
* \evensidemargin=0.0pt
* \topmargin=-37.0pt
* \headheight=12.0pt
* \headsep=25.0pt
* \topskip=12.0pt
* \footskip=30.0pt
* \marginparwidth=44.0pt
* \marginparsep=10.0pt
* \columnsep=10.0pt
* \skip\footins=10.8pt plus 4.0pt minus 2.0pt
* \hoffset=0.0pt
* \voffset=0.0pt
* \mag=1000
* \@twocolumnfalse
* \@twosidefalse
* \@mparswitchfalse
* \@reversemarginfalse
* (1in=72.27pt=25.4mm, 1cm=28.453pt)

Package hyperref Info: Link coloring OFF on input line 151.
(./Econometrics_II_R_notebook_V7.out) (./Econometrics_II_R_notebook_V7.out)
\@outlinefile=\write4
\openout4 = `Econometrics_II_R_notebook_V7.out'.

LaTeX Font Info:    Trying to load font information for OT1+lmr on input line 153.
(/Users/miguelportela/Library/TinyTeX/texmf-dist/tex/latex/lm/ot1lmr.fd
File: ot1lmr.fd 2015/05/01 v1.6.1 Font defs for Latin Modern
)
LaTeX Font Info:    Trying to load font information for OML+lmm on input line 153.
(/Users/miguelportela/Library/TinyTeX/texmf-dist/tex/latex/lm/omllmm.fd
File: omllmm.fd 2015/05/01 v1.6.1 Font defs for Latin Modern
)
LaTeX Font Info:    Trying to load font information for OMS+lmsy on input line 153.
(/Users/miguelportela/Library/TinyTeX/texmf-dist/tex/latex/lm/omslmsy.fd
File: omslmsy.fd 2015/05/01 v1.6.1 Font defs for Latin Modern
)
LaTeX Font Info:    Trying to load font information for OMX+lmex on input line 153.
(/Users/miguelportela/Library/TinyTeX/texmf-dist/tex/latex/lm/omxlmex.fd
File: omxlmex.fd 2015/05/01 v1.6.1 Font defs for Latin Modern
)
LaTeX Font Info:    External font `lmex10' loaded for size
(Font)              <14.4> on input line 153.
LaTeX Font Info:    External font `lmex10' loaded for size
(Font)              <10> on input line 153.
LaTeX Font Info:    External font `lmex10' loaded for size
(Font)              <7> on input line 153.
LaTeX Font Info:    Trying to load font information for U+msa on input line 153.
(/Users/miguelportela/Library/TinyTeX/texmf-dist/tex/latex/amsfonts/umsa.fd
File: umsa.fd 2013/01/14 v3.01 AMS symbols A
)
LaTeX Font Info:    Trying to load font information for U+msb on input line 153.
(/Users/miguelportela/Library/TinyTeX/texmf-dist/tex/latex/amsfonts/umsb.fd
File: umsb.fd 2013/01/14 v3.01 AMS symbols B
) (./Econometrics_II_R_notebook_V7.toc
LaTeX Font Info:    External font `lmex10' loaded for size
(Font)              <12> on input line 4.
LaTeX Font Info:    External font `lmex10' loaded for size
(Font)              <8> on input line 4.
LaTeX Font Info:    External font `lmex10' loaded for size
(Font)              <6> on input line 4.
)
\tf@toc=\write5
\openout5 = `Econometrics_II_R_notebook_V7.toc'.

[1

{/Users/miguelportela/Library/TinyTeX/texmf-var/fonts/map/pdftex/updmap/pdftex.map}] [2]
<Econometrics_II_R_notebook_V7_files/figure-latex/Visualize missing values-1.pdf, id=117, 453.695pt x 299.1175pt>
File: Econometrics_II_R_notebook_V7_files/figure-latex/Visualize missing values-1.pdf Graphic file (type pdf)
<use Econometrics_II_R_notebook_V7_files/figure-latex/Visualize missing values-1.pdf>
Package pdftex.def Info: Econometrics_II_R_notebook_V7_files/figure-latex/Visualize missing values-1.pdf  used on input line 194.
(pdftex.def)             Requested size: 453.6939pt x 299.11676pt.
<Econometrics_II_R_notebook_V7_files/figure-latex/Visualize missing values-2.pdf, id=118, 455.7025pt x 312.16624pt>
File: Econometrics_II_R_notebook_V7_files/figure-latex/Visualize missing values-2.pdf Graphic file (type pdf)
<use Econometrics_II_R_notebook_V7_files/figure-latex/Visualize missing values-2.pdf>
Package pdftex.def Info: Econometrics_II_R_notebook_V7_files/figure-latex/Visualize missing values-2.pdf  used on input line 194.
(pdftex.def)             Requested size: 455.70831pt x 312.17024pt.

Underfull \hbox (badness 10000) in paragraph at lines 194--195
[][]
 []

[3 <./Econometrics_II_R_notebook_V7_files/figure-latex/Visualize missing values-1.pdf>] [4 <./Econometrics_II_R_notebook_V7_files/figure-latex/Visualize missing values-2.pdf>]
LaTeX Font Info:    Trying to load font information for T1+lmtt on input line 207.
(/Users/miguelportela/Library/TinyTeX/texmf-dist/tex/latex/lm/t1lmtt.fd
File: t1lmtt.fd 2015/05/01 v1.6.1 Font defs for Latin Modern
)
Overfull \hbox (5.71321pt too wide) in paragraph at lines 213--213
[]\T1/lmtt/m/n/12 ## [19] "hours"     "wks_work"  "ln_wage"   "union_str" "wages_str" "wages_n"[] 
 []


LaTeX Warning: Reference `tab:data' on page 5 undefined on input line 219.

[5] [6]
Overfull \hbox (85.99525pt too wide) in paragraph at lines 327--327
[]\T1/lmtt/m/n/12 ## <table style="text-align:center"><caption><strong>Summary statistics</strong></caption>[] 
 []


Overfull \hbox (684.96355pt too wide) in paragraph at lines 327--327
[]\T1/lmtt/m/n/12 ## <tr><td colspan="6" style="border-bottom: 1px solid black"></td></tr><tr><td style="text-align:left">Statistic</td><td>N</td><td>Mean</td><td>St. Dev.</td><td>Min</td><td>Max</td></tr>[] 
 []


Overfull \hbox (721.99956pt too wide) in paragraph at lines 327--327
[]\T1/lmtt/m/n/12 ## <tr><td colspan="6" style="border-bottom: 1px solid black"></td></tr><tr><td style="text-align:left">idcode</td><td>27,831</td><td>2,593.87</td><td>1,487.17</td><td>1</td><td>5,159</td></tr>[] 
 []


Overfull \hbox (227.99231pt too wide) in paragraph at lines 327--327
[]\T1/lmtt/m/n/12 ## <tr><td style="text-align:left">year</td><td>27,831</td><td>77.98</td><td>6.39</td><td>68</td><td>88</td></tr>[] 
 []


Overfull \hbox (252.72034pt too wide) in paragraph at lines 327--327
[]\T1/lmtt/m/n/12 ## <tr><td style="text-align:left">birth_yr</td><td>27,831</td><td>48.07</td><td>3.01</td><td>41</td><td>54</td></tr>[] 
 []


Overfull \hbox (221.82431pt too wide) in paragraph at lines 327--327
[]\T1/lmtt/m/n/12 ## <tr><td style="text-align:left">age</td><td>27,807</td><td>29.08</td><td>6.71</td><td>14</td><td>46</td></tr>[] 
 []


Overfull \hbox (209.49532pt too wide) in paragraph at lines 327--327
[]\T1/lmtt/m/n/12 ## <tr><td style="text-align:left">race</td><td>27,831</td><td>1.30</td><td>0.48</td><td>1</td><td>3</td></tr>[] 
 []


Overfull \hbox (203.3063pt too wide) in paragraph at lines 327--327
[]\T1/lmtt/m/n/12 ## <tr><td style="text-align:left">msp</td><td>27,817</td><td>0.60</td><td>0.49</td><td>0</td><td>1</td></tr>[] 
 []


Overfull \hbox (228.02032pt too wide) in paragraph at lines 327--327
[]\T1/lmtt/m/n/12 ## <tr><td style="text-align:left">nev_mar</td><td>27,817</td><td>0.23</td><td>0.42</td><td>0</td><td>1</td></tr>[] 
 []


Overfull \hbox (228.01332pt too wide) in paragraph at lines 327--327
[]\T1/lmtt/m/n/12 ## <tr><td style="text-align:left">grade</td><td>27,829</td><td>12.54</td><td>2.32</td><td>0</td><td>18</td></tr>[] 
 []


Overfull \hbox (234.19533pt too wide) in paragraph at lines 327--327
[]\T1/lmtt/m/n/12 ## <tr><td style="text-align:left">collgrad</td><td>27,831</td><td>0.17</td><td>0.37</td><td>0</td><td>1</td></tr>[] 
 []


Overfull \hbox (234.19533pt too wide) in paragraph at lines 327--327
[]\T1/lmtt/m/n/12 ## <tr><td style="text-align:left">not_smsa</td><td>27,824</td><td>0.28</td><td>0.45</td><td>0</td><td>1</td></tr>[] 
 []

[7]
Overfull \hbox (221.83832pt too wide) in paragraph at lines 327--327
[]\T1/lmtt/m/n/12 ## <tr><td style="text-align:left">c_city</td><td>27,824</td><td>0.36</td><td>0.48</td><td>0</td><td>1</td></tr>[] 
 []


Overfull \hbox (215.66331pt too wide) in paragraph at lines 327--327
[]\T1/lmtt/m/n/12 ## <tr><td style="text-align:left">south</td><td>27,824</td><td>0.41</td><td>0.49</td><td>0</td><td>1</td></tr>[] 
 []


Overfull \hbox (240.37033pt too wide) in paragraph at lines 327--327
[]\T1/lmtt/m/n/12 ## <tr><td style="text-align:left">ind_code</td><td>27,520</td><td>7.70</td><td>3.00</td><td>1</td><td>12</td></tr>[] 
 []


Overfull \hbox (240.36333pt too wide) in paragraph at lines 327--327
[]\T1/lmtt/m/n/12 ## <tr><td style="text-align:left">occ_code</td><td>27,716</td><td>4.77</td><td>3.07</td><td>1</td><td>13</td></tr>[] 
 []


Overfull \hbox (215.67032pt too wide) in paragraph at lines 327--327
[]\T1/lmtt/m/n/12 ## <tr><td style="text-align:left">union</td><td>18,858</td><td>0.23</td><td>0.42</td><td>0</td><td>1</td></tr>[] 
 []


Overfull \hbox (228.00632pt too wide) in paragraph at lines 327--327
[]\T1/lmtt/m/n/12 ## <tr><td style="text-align:left">wks_ue</td><td>22,677</td><td>2.53</td><td>7.27</td><td>0</td><td>76</td></tr>[] 
 []


Overfull \hbox (271.21733pt too wide) in paragraph at lines 327--327
[]\T1/lmtt/m/n/12 ## <tr><td style="text-align:left">ttl_exp</td><td>27,831</td><td>6.26</td><td>4.66</td><td>0.00</td><td>28.88</td></tr>[] 
 []


Overfull \hbox (265.04933pt too wide) in paragraph at lines 327--327
[]\T1/lmtt/m/n/12 ## <tr><td style="text-align:left">tenure</td><td>27,408</td><td>3.16</td><td>3.76</td><td>0.00</td><td>25.92</td></tr>[] 
 []


Overfull \hbox (234.16731pt too wide) in paragraph at lines 327--327
[]\T1/lmtt/m/n/12 ## <tr><td style="text-align:left">hours</td><td>27,770</td><td>36.63</td><td>9.81</td><td>1</td><td>168</td></tr>[] 
 []


Overfull \hbox (258.87433pt too wide) in paragraph at lines 327--327
[]\T1/lmtt/m/n/12 ## <tr><td style="text-align:left">wks_work</td><td>27,831</td><td>53.99</td><td>29.03</td><td>0</td><td>104</td></tr>[] 
 []


Overfull \hbox (265.05634pt too wide) in paragraph at lines 327--327
[]\T1/lmtt/m/n/12 ## <tr><td style="text-align:left">ln_wage</td><td>27,831</td><td>1.68</td><td>0.48</td><td>0.00</td><td>5.26</td></tr>[] 
 []


Overfull \hbox (265.05634pt too wide) in paragraph at lines 327--327
[]\T1/lmtt/m/n/12 ## <tr><td style="text-align:left">wages_n</td><td>27,831</td><td>1.68</td><td>0.48</td><td>0.00</td><td>5.26</td></tr>[] 
 []


Overfull \hbox (228.02032pt too wide) in paragraph at lines 327--327
[]\T1/lmtt/m/n/12 ## <tr><td style="text-align:left">union_n</td><td>18,858</td><td>1.23</td><td>0.42</td><td>1</td><td>2</td></tr>[] 
 []


Overfull \hbox (295.93135pt too wide) in paragraph at lines 327--327
[]\T1/lmtt/m/n/12 ## <tr><td style="text-align:left">exper_sq</td><td>27,831</td><td>60.97</td><td>80.77</td><td>0.00</td><td>834.32</td></tr>[] 
 []


Overfull \hbox (24.23822pt too wide) in paragraph at lines 327--327
[]\T1/lmtt/m/n/12 ## <tr><td colspan="6" style="border-bottom: 1px solid black"></td></tr></table>[] 
 []

[8] [9]

LaTeX Warning: Reference `fig:wage-hist' on page 10 undefined on input line 449.

<Econometrics_II_R_notebook_V7_files/figure-latex/Histogram vs. density side by side-1.pdf, id=184, 459.7175pt x 316.18124pt>
File: Econometrics_II_R_notebook_V7_files/figure-latex/Histogram vs. density side by side-1.pdf Graphic file (type pdf)
<use Econometrics_II_R_notebook_V7_files/figure-latex/Histogram vs. density side by side-1.pdf>
Package pdftex.def Info: Econometrics_II_R_notebook_V7_files/figure-latex/Histogram vs. density side by side-1.pdf  used on input line 455.
(pdftex.def)             Requested size: 459.74442pt x 316.19975pt.
[10]
<Econometrics_II_R_notebook_V7_files/figure-latex/Scatter plot-1.pdf, id=190, 463.7325pt x 315.1775pt>
File: Econometrics_II_R_notebook_V7_files/figure-latex/Scatter plot-1.pdf Graphic file (type pdf)
<use Econometrics_II_R_notebook_V7_files/figure-latex/Scatter plot-1.pdf>
Package pdftex.def Info: Econometrics_II_R_notebook_V7_files/figure-latex/Scatter plot-1.pdf  used on input line 459.
(pdftex.def)             Requested size: 463.73842pt x 315.18153pt.
[11 <./Econometrics_II_R_notebook_V7_files/figure-latex/Histogram vs. density side by side-1.pdf>] [12 <./Econometrics_II_R_notebook_V7_files/figure-latex/Scatter plot-1.pdf>] [13] [14] [15] [16] [17] [18] [19] [20] [21] [22]
Overfull \hbox (98.34526pt too wide) in paragraph at lines 921--921
[]\T1/lmtt/m/n/12 ## data:  ln_wage ~ grade + experience + experience_sq + union + c_city +     union * c_city[] 
 []

<Econometrics_II_R_notebook_V7_files/figure-latex/Breush-Pagan-1.pdf, id=281, 437.635pt x 250.9375pt>
File: Econometrics_II_R_notebook_V7_files/figure-latex/Breush-Pagan-1.pdf Graphic file (type pdf)
<use Econometrics_II_R_notebook_V7_files/figure-latex/Breush-Pagan-1.pdf>
Package pdftex.def Info: Econometrics_II_R_notebook_V7_files/figure-latex/Breush-Pagan-1.pdf  used on input line 928.
(pdftex.def)             Requested size: 437.6406pt x 250.94069pt.
[23] [24 <./Econometrics_II_R_notebook_V7_files/figure-latex/Breush-Pagan-1.pdf>]
Overfull \hbox (87.72444pt too wide) in paragraph at lines 963--980
\T1/lmr/m/n/12 =============================================================
 []

[25] [26] (./Econometrics_II_R_notebook_V7.aux)

LaTeX Warning: There were undefined references.

Package rerunfilecheck Info: File `Econometrics_II_R_notebook_V7.out' has not changed.
(rerunfilecheck)             Checksum: D7EFF749374C72C4449CABF283D3975B;2712.
 ) 
Here is how much of TeX's memory you used:
 11899 strings out of 477042
 189264 string characters out of 5827023
 532531 words of memory out of 5000000
 32740 multiletter control sequences out of 15000+600000
 529719 words of font info for 72 fonts, out of 8000000 for 9000
 14 hyphenation exceptions out of 8191
 72i,9n,77p,988b,584s stack positions out of 10000i,1000n,20000p,200000b,200000s
{/Users/miguelportela/Library/TinyTeX/texmf-dist/fonts/enc/dvips/lm/lm-mathsy.enc}{/Users/miguelportela/Library/TinyTeX/texmf-dist/fonts/enc/dvips/lm/lm-ec.enc}{/Users/miguelportela/Library/TinyTeX/texmf-dist/fonts/enc/dvips/lm/lm-rm.enc}{/Users/miguelportela/Library/TinyTeX/texmf-dist/fonts/enc/dvips/lm/lm-mathit.enc}</Users/miguelportela/Library/TinyTeX/texmf-dist/fonts/type1/public/lm/lmbx12.pfb></Users/miguelportela/Library/TinyTeX/texmf-dist/fonts/type1/public/lm/lmbxi10.pfb></Users/miguelportela/Library/TinyTeX/texmf-dist/fonts/type1/public/lm/lmmi12.pfb></Users/miguelportela/Library/TinyTeX/texmf-dist/fonts/type1/public/lm/lmmi8.pfb></Users/miguelportela/Library/TinyTeX/texmf-dist/fonts/type1/public/lm/lmr12.pfb></Users/miguelportela/Library/TinyTeX/texmf-dist/fonts/type1/public/lm/lmr17.pfb></Users/miguelportela/Library/TinyTeX/texmf-dist/fonts/type1/public/lm/lmr8.pfb></Users/miguelportela/Library/TinyTeX/texmf-dist/fonts/type1/public/lm/lmri12.pfb></Users/miguelportela/Library/TinyTeX/texmf-dist/fonts/type1/public/lm/lmsy10.pfb></Users/miguelportela/Library/TinyTeX/texmf-dist/fonts/type1/public/lm/lmtt12.pfb></Users/miguelportela/Library/TinyTeX/texmf-dist/fonts/type1/public/amsfonts/symbols/msbm10.pfb>
Output written on Econometrics_II_R_notebook_V7.pdf (26 pages, 2779023 bytes).
PDF statistics:
 401 PDF objects out of 1000 (max. 8388607)
 330 compressed objects within 4 object streams
 103 named destinations out of 1000 (max. 500000)
 162 words of extra memory for PDF output out of 10000 (max. 10000000)

