This is pdfTeX, Version 3.14159265-2.6-1.40.21 (TeX Live 2020/W32TeX) (preloaded format=pdflatex 2020.11.3)  3 NOV 2020 00:47
entering extended mode
 restricted \write18 enabled.
 %&-line parsing enabled.
**eda_report.tex
(./eda_report.tex
LaTeX2e <2020-10-01> patch level 2
L3 programming layer <2020-10-27> xparse <2020-03-03>
(c:/Users/mangelo.EEG/AppData/Roaming/TinyTeX/texmf-dist/tex/latex/base/book.cl
s
Document Class: book 2020/04/10 v1.4m Standard LaTeX document class

(c:/Users/mangelo.EEG/AppData/Roaming/TinyTeX/texmf-dist/tex/latex/base/bk10.cl
o
File: bk10.clo 2020/04/10 v1.4m Standard LaTeX file (size option)
)
\c@part=\count175
\c@chapter=\count176
\c@section=\count177
\c@subsection=\count178
\c@subsubsection=\count179
\c@paragraph=\count180
\c@subparagraph=\count181
\c@figure=\count182
\c@table=\count183
\abovecaptionskip=\skip47
\belowcaptionskip=\skip48
\bibindent=\dimen138
)
(c:/Users/mangelo.EEG/AppData/Roaming/TinyTeX/texmf-dist/tex/latex/graphics/gra
phicx.sty
Package: graphicx 2020/09/09 v1.2b Enhanced LaTeX Graphics (DPC,SPQR)

(c:/Users/mangelo.EEG/AppData/Roaming/TinyTeX/texmf-dist/tex/latex/graphics/key
val.sty
Package: keyval 2014/10/28 v1.15 key=value parser (DPC)
\KV@toks@=\toks15
)
(c:/Users/mangelo.EEG/AppData/Roaming/TinyTeX/texmf-dist/tex/latex/graphics/gra
phics.sty
Package: graphics 2020/08/30 v1.4c Standard LaTeX Graphics (DPC,SPQR)

(c:/Users/mangelo.EEG/AppData/Roaming/TinyTeX/texmf-dist/tex/latex/graphics/tri
g.sty
Package: trig 2016/01/03 v1.10 sin cos tan (DPC)
)
(c:/Users/mangelo.EEG/AppData/Roaming/TinyTeX/texmf-dist/tex/latex/graphics-cfg
/graphics.cfg
File: graphics.cfg 2016/06/04 v1.11 sample graphics configuration
)
Package graphics Info: Driver file: pdftex.def on input line 105.

(c:/Users/mangelo.EEG/AppData/Roaming/TinyTeX/texmf-dist/tex/latex/graphics-def
/pdftex.def
File: pdftex.def 2020/10/05 v1.2a Graphics/color driver for pdftex
))
\Gin@req@height=\dimen139
\Gin@req@width=\dimen140
)
(c:/Users/mangelo.EEG/AppData/Roaming/TinyTeX/texmf-dist/tex/latex/graphics/col
or.sty
Package: color 2020/02/24 v1.2b Standard LaTeX Color (DPC)

(c:/Users/mangelo.EEG/AppData/Roaming/TinyTeX/texmf-dist/tex/latex/graphics-cfg
/color.cfg
File: color.cfg 2016/01/02 v1.6 sample color configuration
)
Package color Info: Driver file: pdftex.def on input line 147.
)
(c:/Users/mangelo.EEG/AppData/Roaming/TinyTeX/texmf-dist/tex/latex/framed/frame
d.sty
Package: framed 2011/10/22 v 0.96: framed or shaded text with page breaks
\OuterFrameSep=\skip49
\fb@frw=\dimen141
\fb@frh=\dimen142
\FrameRule=\dimen143
\FrameSep=\dimen144
)
(c:/Users/mangelo.EEG/AppData/Roaming/TinyTeX/texmf-dist/tex/latex/base/alltt.s
ty
Package: alltt 1997/06/16 v2.0g defines alltt environment
)
(c:/Users/mangelo.EEG/AppData/Roaming/TinyTeX/texmf-dist/tex/latex/geometry/geo
metry.sty
Package: geometry 2020/01/02 v5.9 Page Geometry

(c:/Users/mangelo.EEG/AppData/Roaming/TinyTeX/texmf-dist/tex/generic/iftex/ifvt
ex.sty
Package: ifvtex 2019/10/25 v1.7 ifvtex legacy package. Use iftex instead.

(c:/Users/mangelo.EEG/AppData/Roaming/TinyTeX/texmf-dist/tex/generic/iftex/ifte
x.sty
Package: iftex 2020/03/06 v1.0d TeX engine tests
))
\Gm@cnth=\count184
\Gm@cntv=\count185
\c@Gm@tempcnt=\count186
\Gm@bindingoffset=\dimen145
\Gm@wd@mp=\dimen146
\Gm@odd@mp=\dimen147
\Gm@even@mp=\dimen148
\Gm@layoutwidth=\dimen149
\Gm@layoutheight=\dimen150
\Gm@layouthoffset=\dimen151
\Gm@layoutvoffset=\dimen152
\Gm@dimlist=\toks16
)
(c:/Users/mangelo.EEG/AppData/Roaming/TinyTeX/texmf-dist/tex/latex/base/inputen
c.sty
Package: inputenc 2020/08/01 v1.3d Input encoding file
\inpenc@prehook=\toks17
\inpenc@posthook=\toks18
)
(c:/Users/mangelo.EEG/AppData/Roaming/TinyTeX/texmf-dist/tex/latex/setspace/set
space.sty
Package: setspace 2011/12/19 v6.7a set line spacing
)
(c:/Users/mangelo.EEG/AppData/Roaming/TinyTeX/texmf-dist/tex/latex/tocloft/tocl
oft.sty
Package: tocloft 2017/08/31 v2.3i parameterised ToC, etc., typesetting
Package tocloft Info: The document has chapter divisions on input line 51.
\cftparskip=\skip50
\cftbeforetoctitleskip=\skip51
\cftaftertoctitleskip=\skip52
\cftbeforepartskip=\skip53
\cftpartnumwidth=\skip54
\cftpartindent=\skip55
\cftbeforechapskip=\skip56
\cftchapindent=\skip57
\cftchapnumwidth=\skip58
\cftbeforesecskip=\skip59
\cftsecindent=\skip60
\cftsecnumwidth=\skip61
\cftbeforesubsecskip=\skip62
\cftsubsecindent=\skip63
\cftsubsecnumwidth=\skip64
\cftbeforesubsubsecskip=\skip65
\cftsubsubsecindent=\skip66
\cftsubsubsecnumwidth=\skip67
\cftbeforeparaskip=\skip68
\cftparaindent=\skip69
\cftparanumwidth=\skip70
\cftbeforesubparaskip=\skip71
\cftsubparaindent=\skip72
\cftsubparanumwidth=\skip73
\cftbeforeloftitleskip=\skip74
\cftafterloftitleskip=\skip75
\cftbeforefigskip=\skip76
\cftfigindent=\skip77
\cftfignumwidth=\skip78
\c@lofdepth=\count187
\c@lotdepth=\count188
\cftbeforelottitleskip=\skip79
\cftafterlottitleskip=\skip80
\cftbeforetabskip=\skip81
\cfttabindent=\skip82
\cfttabnumwidth=\skip83
)
(c:/Users/mangelo.EEG/AppData/Roaming/TinyTeX/texmf-dist/tex/latex/base/makeidx
.sty
Package: makeidx 2014/09/29 v1.0m Standard LaTeX package
)
(c:/Users/mangelo.EEG/AppData/Roaming/TinyTeX/texmf-dist/tex/latex/relsize/rels
ize.sty
Package: relsize 2013/03/29 ver 4.1
)
(c:/Users/mangelo.EEG/AppData/Roaming/TinyTeX/texmf-dist/tex/latex/graphics/rot
ating.sty
Package: rotating 2016/08/11 v2.16d rotated objects in LaTeX

(c:/Users/mangelo.EEG/AppData/Roaming/TinyTeX/texmf-dist/tex/latex/base/ifthen.
sty
Package: ifthen 2014/09/29 v1.1c Standard LaTeX ifthen package (DPC)
)
\c@r@tfl@t=\count189
\rotFPtop=\skip84
\rotFPbot=\skip85
\rot@float@box=\box47
\rot@mess@toks=\toks19
)
(c:/Users/mangelo.EEG/AppData/Roaming/TinyTeX/texmf-dist/tex/latex/graphics/lsc
ape.sty
Package: lscape 2020/05/28 v3.02 Landscape Pages (DPC)
)
(c:/Users/mangelo.EEG/AppData/Roaming/TinyTeX/texmf-dist/tex/latex/hyperref/hyp
erref.sty
Package: hyperref 2020-05-15 v7.00e Hypertext links for LaTeX

(c:/Users/mangelo.EEG/AppData/Roaming/TinyTeX/texmf-dist/tex/generic/ltxcmds/lt
xcmds.sty
Package: ltxcmds 2020-05-10 v1.25 LaTeX kernel commands for general use (HO)
)
(c:/Users/mangelo.EEG/AppData/Roaming/TinyTeX/texmf-dist/tex/generic/pdftexcmds
/pdftexcmds.sty
Package: pdftexcmds 2020-06-27 v0.33 Utility functions of pdfTeX for LuaTeX (HO
)

(c:/Users/mangelo.EEG/AppData/Roaming/TinyTeX/texmf-dist/tex/generic/infwarerr/
infwarerr.sty
Package: infwarerr 2019/12/03 v1.5 Providing info/warning/error messages (HO)
)
Package pdftexcmds Info: \pdf@primitive is available.
Package pdftexcmds Info: \pdf@ifprimitive is available.
Package pdftexcmds Info: \pdfdraftmode found.
)
(c:/Users/mangelo.EEG/AppData/Roaming/TinyTeX/texmf-dist/tex/generic/kvsetkeys/
kvsetkeys.sty
Package: kvsetkeys 2019/12/15 v1.18 Key value parser (HO)
)
(c:/Users/mangelo.EEG/AppData/Roaming/TinyTeX/texmf-dist/tex/generic/kvdefineke
ys/kvdefinekeys.sty
Package: kvdefinekeys 2019-12-19 v1.6 Define keys (HO)
)
(c:/Users/mangelo.EEG/AppData/Roaming/TinyTeX/texmf-dist/tex/generic/pdfescape/
pdfescape.sty
Package: pdfescape 2019/12/09 v1.15 Implements pdfTeX's escape features (HO)
)
(c:/Users/mangelo.EEG/AppData/Roaming/TinyTeX/texmf-dist/tex/latex/hycolor/hyco
lor.sty
Package: hycolor 2020-01-27 v1.10 Color options for hyperref/bookmark (HO)
)
(c:/Users/mangelo.EEG/AppData/Roaming/TinyTeX/texmf-dist/tex/latex/letltxmacro/
letltxmacro.sty
Package: letltxmacro 2019/12/03 v1.6 Let assignment for LaTeX macros (HO)
)
(c:/Users/mangelo.EEG/AppData/Roaming/TinyTeX/texmf-dist/tex/latex/auxhook/auxh
ook.sty
Package: auxhook 2019-12-17 v1.6 Hooks for auxiliary files (HO)
)
(c:/Users/mangelo.EEG/AppData/Roaming/TinyTeX/texmf-dist/tex/latex/kvoptions/kv
options.sty
Package: kvoptions 2020-10-07 v3.14 Key value format for package options (HO)
)
\@linkdim=\dimen153
\Hy@linkcounter=\count190
\Hy@pagecounter=\count191

(c:/Users/mangelo.EEG/AppData/Roaming/TinyTeX/texmf-dist/tex/latex/hyperref/pd1
enc.def
File: pd1enc.def 2020-05-15 v7.00e Hyperref: PDFDocEncoding definition (HO)
Now handling font encoding PD1 ...
... no UTF-8 mapping file for font encoding PD1
)
(c:/Users/mangelo.EEG/AppData/Roaming/TinyTeX/texmf-dist/tex/generic/intcalc/in
tcalc.sty
Package: intcalc 2019/12/15 v1.3 Expandable calculations with integers (HO)
)
(c:/Users/mangelo.EEG/AppData/Roaming/TinyTeX/texmf-dist/tex/generic/etexcmds/e
texcmds.sty
Package: etexcmds 2019/12/15 v1.7 Avoid name clashes with e-TeX commands (HO)
)
\Hy@SavedSpaceFactor=\count192
Package hyperref Info: Hyper figures OFF on input line 4464.
Package hyperref Info: Link nesting OFF on input line 4469.
Package hyperref Info: Hyper index ON on input line 4472.
Package hyperref Info: Plain pages OFF on input line 4479.
Package hyperref Info: Backreferencing OFF on input line 4484.
Package hyperref Info: Implicit mode ON; LaTeX internals redefined.
Package hyperref Info: Bookmarks ON on input line 4717.
\c@Hy@tempcnt=\count193
(c:/Users/mangelo.EEG/AppData/Roaming/TinyTeX/texmf-dist/tex/latex/url/url.sty
\Urlmuskip=\muskip16
Package: url 2013/09/16  ver 3.4  Verb mode for urls, etc.
)
LaTeX Info: Redefining \url on input line 5076.
\XeTeXLinkMargin=\dimen154

(c:/Users/mangelo.EEG/AppData/Roaming/TinyTeX/texmf-dist/tex/generic/bitset/bit
set.sty
Package: bitset 2019/12/09 v1.3 Handle bit-vector datatype (HO)

(c:/Users/mangelo.EEG/AppData/Roaming/TinyTeX/texmf-dist/tex/generic/bigintcalc
/bigintcalc.sty
Package: bigintcalc 2019/12/15 v1.5 Expandable calculations on big integers (HO
)
))
\Fld@menulength=\count194
\Field@Width=\dimen155
\Fld@charsize=\dimen156
Package hyperref Info: Hyper figures OFF on input line 6347.
Package hyperref Info: Link nesting OFF on input line 6352.
Package hyperref Info: Hyper index ON on input line 6355.
Package hyperref Info: backreferencing OFF on input line 6362.
Package hyperref Info: Link coloring OFF on input line 6367.
Package hyperref Info: Link coloring with OCG OFF on input line 6372.
Package hyperref Info: PDF/A mode OFF on input line 6377.
LaTeX Info: Redefining \ref on input line 6417.
LaTeX Info: Redefining \pageref on input line 6421.

(c:/Users/mangelo.EEG/AppData/Roaming/TinyTeX/texmf-dist/tex/latex/base/atbegsh
i-ltx.sty
Package: atbegshi-ltx 2020/08/17 v1.0a Emulation of the original atbegshi packa
ge
with kernel methods
)
\Hy@abspage=\count195
\c@Item=\count196
\c@Hfootnote=\count197
)
Package hyperref Info: Driver (autodetected): hpdftex.

(c:/Users/mangelo.EEG/AppData/Roaming/TinyTeX/texmf-dist/tex/latex/hyperref/hpd
ftex.def
File: hpdftex.def 2020-05-15 v7.00e Hyperref driver for pdfTeX

(c:/Users/mangelo.EEG/AppData/Roaming/TinyTeX/texmf-dist/tex/latex/base/atverye
nd-ltx.sty
Package: atveryend-ltx 2020/08/19 v1.0a Emulation of the original atvery packag
e
with kernel methods
)
\Fld@listcount=\count198
\c@bookmark@seq@number=\count199

(c:/Users/mangelo.EEG/AppData/Roaming/TinyTeX/texmf-dist/tex/latex/rerunfileche
ck/rerunfilecheck.sty
Package: rerunfilecheck 2019/12/05 v1.9 Rerun checks for auxiliary files (HO)

(c:/Users/mangelo.EEG/AppData/Roaming/TinyTeX/texmf-dist/tex/generic/uniquecoun
ter/uniquecounter.sty
Package: uniquecounter 2019/12/15 v1.4 Provide unlimited unique counter (HO)
)
Package uniquecounter Info: New unique counter `rerunfilecheck' on input line 2
86.
)
\Hy@SectionHShift=\skip86
)
(c:/Users/mangelo.EEG/AppData/Roaming/TinyTeX/texmf-dist/tex/latex/tools/indent
first.sty
Package: indentfirst 1995/11/23 v1.03 Indent first paragraph (DPC)
)
(c:/Users/mangelo.EEG/AppData/Roaming/TinyTeX/texmf-dist/tex/latex/booktabs/boo
ktabs.sty
Package: booktabs 2020/01/12 v1.61803398 Publication quality tables
\heavyrulewidth=\dimen157
\lightrulewidth=\dimen158
\cmidrulewidth=\dimen159
\belowrulesep=\dimen160
\belowbottomsep=\dimen161
\aboverulesep=\dimen162
\abovetopsep=\dimen163
\cmidrulesep=\dimen164
\cmidrulekern=\dimen165
\defaultaddspace=\dimen166
\@cmidla=\count266
\@cmidlb=\count267
\@aboverulesep=\dimen167
\@belowrulesep=\dimen168
\@thisruleclass=\count268
\@lastruleclass=\count269
\@thisrulewidth=\dimen169
)
(c:/Users/mangelo.EEG/AppData/Roaming/TinyTeX/texmf-dist/tex/latex/tools/longta
ble.sty
Package: longtable 2020/01/07 v4.13 Multi-page Table package (DPC)
\LTleft=\skip87
\LTright=\skip88
\LTpre=\skip89
\LTpost=\skip90
\LTchunksize=\count270
\LTcapwidth=\dimen170
\LT@head=\box48
\LT@firsthead=\box49
\LT@foot=\box50
\LT@lastfoot=\box51
\LT@cols=\count271
\LT@rows=\count272
\c@LT@tables=\count273
\c@LT@chunks=\count274
\LT@p@ftn=\toks20
)
(c:/Users/mangelo.EEG/AppData/Roaming/TinyTeX/texmf-dist/tex/latex/tools/array.
sty
Package: array 2020/10/01 v2.5c Tabular extension package (FMi)
\col@sep=\dimen171
\ar@mcellbox=\box52
\extrarowheight=\dimen172
\NC@list=\toks21
\extratabsurround=\skip91
\backup@length=\skip92
\ar@cellbox=\box53
)
(c:/Users/mangelo.EEG/AppData/Roaming/TinyTeX/texmf-dist/tex/latex/multirow/mul
tirow.sty
Package: multirow 2019/05/31 v2.5 Span multiple rows of a table
\multirow@colwidth=\skip93
\multirow@cntb=\count275
\multirow@dima=\skip94
\bigstrutjot=\dimen173
)
(c:/Users/mangelo.EEG/AppData/Roaming/TinyTeX/texmf-dist/tex/latex/xcolor/xcolo
r.sty
Package: xcolor 2016/05/11 v2.12 LaTeX color extensions (UK)

(c:/Users/mangelo.EEG/AppData/Roaming/TinyTeX/texmf-dist/tex/latex/graphics-cfg
/color.cfg
File: color.cfg 2016/01/02 v1.6 sample color configuration
)
Package xcolor Info: Driver file: pdftex.def on input line 225.

(c:/Users/mangelo.EEG/AppData/Roaming/TinyTeX/texmf-dist/tex/latex/colortbl/col
ortbl.sty
Package: colortbl 2020/01/04 v1.0e Color table columns (DPC)
\everycr=\toks22
\minrowclearance=\skip95
)
LaTeX Info: Redefining \color on input line 709.
\rownum=\count276
Package xcolor Info: Model `cmy' substituted by `cmy0' on input line 1348.
Package xcolor Info: Model `hsb' substituted by `rgb' on input line 1352.
Package xcolor Info: Model `RGB' extended on input line 1364.
Package xcolor Info: Model `HTML' substituted by `rgb' on input line 1366.
Package xcolor Info: Model `Hsb' substituted by `hsb' on input line 1367.
Package xcolor Info: Model `tHsb' substituted by `hsb' on input line 1368.
Package xcolor Info: Model `HSB' substituted by `hsb' on input line 1369.
Package xcolor Info: Model `Gray' substituted by `gray' on input line 1370.
Package xcolor Info: Model `wave' substituted by `hsb' on input line 1371.
)
(c:/Users/mangelo.EEG/AppData/Roaming/TinyTeX/texmf-dist/tex/latex/wrapfig/wrap
fig.sty
\wrapoverhang=\dimen174
\WF@size=\dimen175
\c@WF@wrappedlines=\count277
\WF@box=\box54
\WF@everypar=\toks23
Package: wrapfig 2003/01/31  v 3.6
)
(c:/Users/mangelo.EEG/AppData/Roaming/TinyTeX/texmf-dist/tex/latex/float/float.
sty
Package: float 2001/11/08 v1.3d Float enhancements (AL)
\c@float@type=\count278
\float@exts=\toks24
\float@box=\box55
\@float@everytoks=\toks25
\@floatcapt=\box56
)
(c:/Users/mangelo.EEG/AppData/Roaming/TinyTeX/texmf-dist/tex/latex/pdflscape/pd
flscape.sty
Package: pdflscape 2019/12/05 v0.12 Display of landscape pages in PDF (HO)
Package pdflscape Info: Auto-detected driver: pdftex on input line 81.
)

! LaTeX Error: File `tabu.sty' not found.

Type X to quit or <RETURN> to proceed,
or enter new name. (Default extension: sty)

Enter file name: 
! Emergency stop.
<read *> 
         
l.74 \usepackage
                {threeparttable}^^M 
Here is how much of TeX's memory you used:
 6310 strings out of 481433
 97051 string characters out of 5918304
 399483 words of memory out of 5000000
 22968 multiletter control sequences out of 15000+600000
 535088 words of font info for 29 fonts, out of 8000000 for 9000
 14 hyphenation exceptions out of 8191
 66i,0n,72p,250b,36s stack positions out of 5000i,500n,10000p,200000b,80000s

!  ==> Fatal error occurred, no output PDF file produced!
