This is XeTeX, Version 3.14159265-2.6-0.999992 (TeX Live 2020/W32TeX) (preloaded format=xelatex 2020.11.3)  13 NOV 2020 11:53
entering extended mode
 restricted \write18 enabled.
 %&-line parsing enabled.
**02_Beamer.tex
(./02_Beamer.tex
LaTeX2e <2020-10-01> patch level 2
L3 programming layer <2020-10-27> xparse <2020-03-03>
(c:/Users/mangelo.EEG/AppData/Roaming/TinyTeX/texmf-dist/tex/latex/beamer/beame
r.cls
Document Class: beamer 2020/07/22 v3.59 A class for typesetting presentations

(c:/Users/mangelo.EEG/AppData/Roaming/TinyTeX/texmf-dist/tex/latex/beamer/beame
rbasemodes.sty
(c:/Users/mangelo.EEG/AppData/Roaming/TinyTeX/texmf-dist/tex/latex/etoolbox/eto
olbox.sty
Package: etoolbox 2020/10/05 v2.5k e-TeX tools for LaTeX (JAW)
\etb@tempcnta=\count171
)
\beamer@tempbox=\box47
\beamer@tempcount=\count172
\c@beamerpauses=\count173

(c:/Users/mangelo.EEG/AppData/Roaming/TinyTeX/texmf-dist/tex/latex/beamer/beame
rbasedecode.sty
\beamer@slideinframe=\count174
\beamer@minimum=\count175
\beamer@decode@box=\box48
)
\beamer@commentbox=\box49
\beamer@modecount=\count176
)
(c:/Users/mangelo.EEG/AppData/Roaming/TinyTeX/texmf-dist/tex/generic/iftex/ifpd
f.sty
Package: ifpdf 2019/10/25 v3.4 ifpdf legacy package. Use iftex instead.

(c:/Users/mangelo.EEG/AppData/Roaming/TinyTeX/texmf-dist/tex/generic/iftex/ifte
x.sty
Package: iftex 2020/03/06 v1.0d TeX engine tests
))
\headdp=\dimen138
\footheight=\dimen139
\sidebarheight=\dimen140
\beamer@tempdim=\dimen141
\beamer@finalheight=\dimen142
\beamer@animht=\dimen143
\beamer@animdp=\dimen144
\beamer@animwd=\dimen145
\beamer@leftmargin=\dimen146
\beamer@rightmargin=\dimen147
\beamer@leftsidebar=\dimen148
\beamer@rightsidebar=\dimen149
\beamer@boxsize=\dimen150
\beamer@vboxoffset=\dimen151
\beamer@descdefault=\dimen152
\beamer@descriptionwidth=\dimen153
\beamer@lastskip=\skip47
\beamer@areabox=\box50
\beamer@animcurrent=\box51
\beamer@animshowbox=\box52
\beamer@sectionbox=\box53
\beamer@logobox=\box54
\beamer@linebox=\box55
\beamer@sectioncount=\count177
\beamer@subsubsectionmax=\count178
\beamer@subsectionmax=\count179
\beamer@sectionmax=\count180
\beamer@totalheads=\count181
\beamer@headcounter=\count182
\beamer@partstartpage=\count183
\beamer@sectionstartpage=\count184
\beamer@subsectionstartpage=\count185
\beamer@animationtempa=\count186
\beamer@animationtempb=\count187
\beamer@xpos=\count188
\beamer@ypos=\count189
\beamer@ypos@offset=\count190
\beamer@showpartnumber=\count191
\beamer@currentsubsection=\count192
\beamer@coveringdepth=\count193
\beamer@sectionadjust=\count194
\beamer@tocsectionnumber=\count195

(c:/Users/mangelo.EEG/AppData/Roaming/TinyTeX/texmf-dist/tex/latex/beamer/beame
rbaseoptions.sty
(c:/Users/mangelo.EEG/AppData/Roaming/TinyTeX/texmf-dist/tex/latex/graphics/key
val.sty
Package: keyval 2014/10/28 v1.15 key=value parser (DPC)
\KV@toks@=\toks15
))
\beamer@paperwidth=\skip48
\beamer@paperheight=\skip49

(c:/Users/mangelo.EEG/AppData/Roaming/TinyTeX/texmf-dist/tex/latex/geometry/geo
metry.sty
Package: geometry 2020/01/02 v5.9 Page Geometry

(c:/Users/mangelo.EEG/AppData/Roaming/TinyTeX/texmf-dist/tex/generic/iftex/ifvt
ex.sty
Package: ifvtex 2019/10/25 v1.7 ifvtex legacy package. Use iftex instead.
)
\Gm@cnth=\count196
\Gm@cntv=\count197
\c@Gm@tempcnt=\count198
\Gm@bindingoffset=\dimen154
\Gm@wd@mp=\dimen155
\Gm@odd@mp=\dimen156
\Gm@even@mp=\dimen157
\Gm@layoutwidth=\dimen158
\Gm@layoutheight=\dimen159
\Gm@layouthoffset=\dimen160
\Gm@layoutvoffset=\dimen161
\Gm@dimlist=\toks16
)
(c:/Users/mangelo.EEG/AppData/Roaming/TinyTeX/texmf-dist/tex/latex/base/size10.
clo
File: size10.clo 2020/04/10 v1.4m Standard LaTeX file (size option)
)
(c:/Users/mangelo.EEG/AppData/Roaming/TinyTeX/texmf-dist/tex/latex/pgf/basiclay
er/pgfcore.sty
(c:/Users/mangelo.EEG/AppData/Roaming/TinyTeX/texmf-dist/tex/latex/graphics/gra
phicx.sty
Package: graphicx 2020/09/09 v1.2b Enhanced LaTeX Graphics (DPC,SPQR)

(c:/Users/mangelo.EEG/AppData/Roaming/TinyTeX/texmf-dist/tex/latex/graphics/gra
phics.sty
Package: graphics 2020/08/30 v1.4c Standard LaTeX Graphics (DPC,SPQR)

(c:/Users/mangelo.EEG/AppData/Roaming/TinyTeX/texmf-dist/tex/latex/graphics/tri
g.sty
Package: trig 2016/01/03 v1.10 sin cos tan (DPC)
)
(c:/Users/mangelo.EEG/AppData/Roaming/TinyTeX/texmf-dist/tex/latex/graphics-cfg
/graphics.cfg
File: graphics.cfg 2016/06/04 v1.11 sample graphics configuration
)
Package graphics Info: Driver file: xetex.def on input line 105.

(c:/Users/mangelo.EEG/AppData/Roaming/TinyTeX/texmf-dist/tex/latex/graphics-def
/xetex.def
File: xetex.def 2020/08/26 v5.0i Graphics/color driver for xetex
))
\Gin@req@height=\dimen162
\Gin@req@width=\dimen163
)
(c:/Users/mangelo.EEG/AppData/Roaming/TinyTeX/texmf-dist/tex/latex/pgf/systemla
yer/pgfsys.sty
(c:/Users/mangelo.EEG/AppData/Roaming/TinyTeX/texmf-dist/tex/latex/pgf/utilitie
s/pgfrcs.sty
(c:/Users/mangelo.EEG/AppData/Roaming/TinyTeX/texmf-dist/tex/generic/pgf/utilit
ies/pgfutil-common.tex
\pgfutil@everybye=\toks17
\pgfutil@tempdima=\dimen164
\pgfutil@tempdimb=\dimen165

(c:/Users/mangelo.EEG/AppData/Roaming/TinyTeX/texmf-dist/tex/generic/pgf/utilit
ies/pgfutil-common-lists.tex))
(c:/Users/mangelo.EEG/AppData/Roaming/TinyTeX/texmf-dist/tex/generic/pgf/utilit
ies/pgfutil-latex.def
\pgfutil@abb=\box56
)
(c:/Users/mangelo.EEG/AppData/Roaming/TinyTeX/texmf-dist/tex/generic/pgf/utilit
ies/pgfrcs.code.tex
(c:/Users/mangelo.EEG/AppData/Roaming/TinyTeX/texmf-dist/tex/generic/pgf/pgf.re
vision.tex)
Package: pgfrcs 2020/10/01 v3.1.6a (3.1.6a)
))
(c:/Users/mangelo.EEG/AppData/Roaming/TinyTeX/texmf-dist/tex/generic/pgf/system
layer/pgfsys.code.tex
Package: pgfsys 2020/10/01 v3.1.6a (3.1.6a)

(c:/Users/mangelo.EEG/AppData/Roaming/TinyTeX/texmf-dist/tex/generic/pgf/utilit
ies/pgfkeys.code.tex
\pgfkeys@pathtoks=\toks18
\pgfkeys@temptoks=\toks19

(c:/Users/mangelo.EEG/AppData/Roaming/TinyTeX/texmf-dist/tex/generic/pgf/utilit
ies/pgfkeysfiltered.code.tex
\pgfkeys@tmptoks=\toks20
))
\pgf@x=\dimen166
\pgf@y=\dimen167
\pgf@xa=\dimen168
\pgf@ya=\dimen169
\pgf@xb=\dimen170
\pgf@yb=\dimen171
\pgf@xc=\dimen172
\pgf@yc=\dimen173
\pgf@xd=\dimen174
\pgf@yd=\dimen175
\w@pgf@writea=\write3
\r@pgf@reada=\read2
\c@pgf@counta=\count199
\c@pgf@countb=\count266
\c@pgf@countc=\count267
\c@pgf@countd=\count268
\t@pgf@toka=\toks21
\t@pgf@tokb=\toks22
\t@pgf@tokc=\toks23
\pgf@sys@id@count=\count269

(c:/Users/mangelo.EEG/AppData/Roaming/TinyTeX/texmf-dist/tex/generic/pgf/system
layer/pgf.cfg
File: pgf.cfg 2020/10/01 v3.1.6a (3.1.6a)
)
Driver file for pgf: pgfsys-xetex.def

(c:/Users/mangelo.EEG/AppData/Roaming/TinyTeX/texmf-dist/tex/generic/pgf/system
layer/pgfsys-xetex.def
File: pgfsys-xetex.def 2020/10/01 v3.1.6a (3.1.6a)

(c:/Users/mangelo.EEG/AppData/Roaming/TinyTeX/texmf-dist/tex/generic/pgf/system
layer/pgfsys-dvipdfmx.def
File: pgfsys-dvipdfmx.def 2020/10/01 v3.1.6a (3.1.6a)

(c:/Users/mangelo.EEG/AppData/Roaming/TinyTeX/texmf-dist/tex/generic/pgf/system
layer/pgfsys-common-pdf.def
File: pgfsys-common-pdf.def 2020/10/01 v3.1.6a (3.1.6a)
)
\pgfsys@objnum=\count270
)))
(c:/Users/mangelo.EEG/AppData/Roaming/TinyTeX/texmf-dist/tex/generic/pgf/system
layer/pgfsyssoftpath.code.tex
File: pgfsyssoftpath.code.tex 2020/10/01 v3.1.6a (3.1.6a)
\pgfsyssoftpath@smallbuffer@items=\count271
\pgfsyssoftpath@bigbuffer@items=\count272
)
(c:/Users/mangelo.EEG/AppData/Roaming/TinyTeX/texmf-dist/tex/generic/pgf/system
layer/pgfsysprotocol.code.tex
File: pgfsysprotocol.code.tex 2020/10/01 v3.1.6a (3.1.6a)
))
(c:/Users/mangelo.EEG/AppData/Roaming/TinyTeX/texmf-dist/tex/latex/xcolor/xcolo
r.sty
Package: xcolor 2016/05/11 v2.12 LaTeX color extensions (UK)

(c:/Users/mangelo.EEG/AppData/Roaming/TinyTeX/texmf-dist/tex/latex/graphics-cfg
/color.cfg
File: color.cfg 2016/01/02 v1.6 sample color configuration
)
Package xcolor Info: Driver file: xetex.def on input line 225.
Package xcolor Info: Model `cmy' substituted by `cmy0' on input line 1348.
Package xcolor Info: Model `RGB' extended on input line 1364.
Package xcolor Info: Model `HTML' substituted by `rgb' on input line 1366.
Package xcolor Info: Model `Hsb' substituted by `hsb' on input line 1367.
Package xcolor Info: Model `tHsb' substituted by `hsb' on input line 1368.
Package xcolor Info: Model `HSB' substituted by `hsb' on input line 1369.
Package xcolor Info: Model `Gray' substituted by `gray' on input line 1370.
Package xcolor Info: Model `wave' substituted by `hsb' on input line 1371.

(c:/Users/mangelo.EEG/AppData/Roaming/TinyTeX/texmf-dist/tex/latex/graphics/dvi
psnam.def
File: dvipsnam.def 2016/06/17 v3.0m Driver-dependent file (DPC,SPQR)
)
(c:/Users/mangelo.EEG/AppData/Roaming/TinyTeX/texmf-dist/tex/latex/xcolor/svgna
m.def
File: svgnam.def 2016/05/11 v2.12 Predefined colors according to SVG 1.1 (UK)
)
(c:/Users/mangelo.EEG/AppData/Roaming/TinyTeX/texmf-dist/tex/latex/xcolor/x11na
m.def
File: x11nam.def 2016/05/11 v2.12 Predefined colors according to Unix/X11 (UK)
))
(c:/Users/mangelo.EEG/AppData/Roaming/TinyTeX/texmf-dist/tex/generic/pgf/basicl
ayer/pgfcore.code.tex
Package: pgfcore 2020/10/01 v3.1.6a (3.1.6a)

(c:/Users/mangelo.EEG/AppData/Roaming/TinyTeX/texmf-dist/tex/generic/pgf/math/p
gfmath.code.tex
(c:/Users/mangelo.EEG/AppData/Roaming/TinyTeX/texmf-dist/tex/generic/pgf/math/p
gfmathcalc.code.tex
(c:/Users/mangelo.EEG/AppData/Roaming/TinyTeX/texmf-dist/tex/generic/pgf/math/p
gfmathutil.code.tex)
(c:/Users/mangelo.EEG/AppData/Roaming/TinyTeX/texmf-dist/tex/generic/pgf/math/p
gfmathparser.code.tex
\pgfmath@dimen=\dimen176
\pgfmath@count=\count273
\pgfmath@box=\box57
\pgfmath@toks=\toks24
\pgfmath@stack@operand=\toks25
\pgfmath@stack@operation=\toks26
)
(c:/Users/mangelo.EEG/AppData/Roaming/TinyTeX/texmf-dist/tex/generic/pgf/math/p
gfmathfunctions.code.tex
(c:/Users/mangelo.EEG/AppData/Roaming/TinyTeX/texmf-dist/tex/generic/pgf/math/p
gfmathfunctions.basic.code.tex)
(c:/Users/mangelo.EEG/AppData/Roaming/TinyTeX/texmf-dist/tex/generic/pgf/math/p
gfmathfunctions.trigonometric.code.tex)
(c:/Users/mangelo.EEG/AppData/Roaming/TinyTeX/texmf-dist/tex/generic/pgf/math/p
gfmathfunctions.random.code.tex)
(c:/Users/mangelo.EEG/AppData/Roaming/TinyTeX/texmf-dist/tex/generic/pgf/math/p
gfmathfunctions.comparison.code.tex)
(c:/Users/mangelo.EEG/AppData/Roaming/TinyTeX/texmf-dist/tex/generic/pgf/math/p
gfmathfunctions.base.code.tex)
(c:/Users/mangelo.EEG/AppData/Roaming/TinyTeX/texmf-dist/tex/generic/pgf/math/p
gfmathfunctions.round.code.tex)
(c:/Users/mangelo.EEG/AppData/Roaming/TinyTeX/texmf-dist/tex/generic/pgf/math/p
gfmathfunctions.misc.code.tex)
(c:/Users/mangelo.EEG/AppData/Roaming/TinyTeX/texmf-dist/tex/generic/pgf/math/p
gfmathfunctions.integerarithmetics.code.tex)))
(c:/Users/mangelo.EEG/AppData/Roaming/TinyTeX/texmf-dist/tex/generic/pgf/math/p
gfmathfloat.code.tex
\c@pgfmathroundto@lastzeros=\count274
))
(c:/Users/mangelo.EEG/AppData/Roaming/TinyTeX/texmf-dist/tex/generic/pgf/math/p
gfint.code.tex)
(c:/Users/mangelo.EEG/AppData/Roaming/TinyTeX/texmf-dist/tex/generic/pgf/basicl
ayer/pgfcorepoints.code.tex
File: pgfcorepoints.code.tex 2020/10/01 v3.1.6a (3.1.6a)
\pgf@picminx=\dimen177
\pgf@picmaxx=\dimen178
\pgf@picminy=\dimen179
\pgf@picmaxy=\dimen180
\pgf@pathminx=\dimen181
\pgf@pathmaxx=\dimen182
\pgf@pathminy=\dimen183
\pgf@pathmaxy=\dimen184
\pgf@xx=\dimen185
\pgf@xy=\dimen186
\pgf@yx=\dimen187
\pgf@yy=\dimen188
\pgf@zx=\dimen189
\pgf@zy=\dimen190
)
(c:/Users/mangelo.EEG/AppData/Roaming/TinyTeX/texmf-dist/tex/generic/pgf/basicl
ayer/pgfcorepathconstruct.code.tex
File: pgfcorepathconstruct.code.tex 2020/10/01 v3.1.6a (3.1.6a)
\pgf@path@lastx=\dimen191
\pgf@path@lasty=\dimen192
)
(c:/Users/mangelo.EEG/AppData/Roaming/TinyTeX/texmf-dist/tex/generic/pgf/basicl
ayer/pgfcorepathusage.code.tex
File: pgfcorepathusage.code.tex 2020/10/01 v3.1.6a (3.1.6a)
\pgf@shorten@end@additional=\dimen193
\pgf@shorten@start@additional=\dimen194
)
(c:/Users/mangelo.EEG/AppData/Roaming/TinyTeX/texmf-dist/tex/generic/pgf/basicl
ayer/pgfcorescopes.code.tex
File: pgfcorescopes.code.tex 2020/10/01 v3.1.6a (3.1.6a)
\pgfpic=\box58
\pgf@hbox=\box59
\pgf@layerbox@main=\box60
\pgf@picture@serial@count=\count275
)
(c:/Users/mangelo.EEG/AppData/Roaming/TinyTeX/texmf-dist/tex/generic/pgf/basicl
ayer/pgfcoregraphicstate.code.tex
File: pgfcoregraphicstate.code.tex 2020/10/01 v3.1.6a (3.1.6a)
\pgflinewidth=\dimen195
)
(c:/Users/mangelo.EEG/AppData/Roaming/TinyTeX/texmf-dist/tex/generic/pgf/basicl
ayer/pgfcoretransformations.code.tex
File: pgfcoretransformations.code.tex 2020/10/01 v3.1.6a (3.1.6a)
\pgf@pt@x=\dimen196
\pgf@pt@y=\dimen197
\pgf@pt@temp=\dimen198
)
(c:/Users/mangelo.EEG/AppData/Roaming/TinyTeX/texmf-dist/tex/generic/pgf/basicl
ayer/pgfcorequick.code.tex
File: pgfcorequick.code.tex 2020/10/01 v3.1.6a (3.1.6a)
)
(c:/Users/mangelo.EEG/AppData/Roaming/TinyTeX/texmf-dist/tex/generic/pgf/basicl
ayer/pgfcoreobjects.code.tex
File: pgfcoreobjects.code.tex 2020/10/01 v3.1.6a (3.1.6a)
)
(c:/Users/mangelo.EEG/AppData/Roaming/TinyTeX/texmf-dist/tex/generic/pgf/basicl
ayer/pgfcorepathprocessing.code.tex
File: pgfcorepathprocessing.code.tex 2020/10/01 v3.1.6a (3.1.6a)
)
(c:/Users/mangelo.EEG/AppData/Roaming/TinyTeX/texmf-dist/tex/generic/pgf/basicl
ayer/pgfcorearrows.code.tex
File: pgfcorearrows.code.tex 2020/10/01 v3.1.6a (3.1.6a)
\pgfarrowsep=\dimen199
)
(c:/Users/mangelo.EEG/AppData/Roaming/TinyTeX/texmf-dist/tex/generic/pgf/basicl
ayer/pgfcoreshade.code.tex
File: pgfcoreshade.code.tex 2020/10/01 v3.1.6a (3.1.6a)
\pgf@max=\dimen256
\pgf@sys@shading@range@num=\count276
\pgf@shadingcount=\count277
)
(c:/Users/mangelo.EEG/AppData/Roaming/TinyTeX/texmf-dist/tex/generic/pgf/basicl
ayer/pgfcoreimage.code.tex
File: pgfcoreimage.code.tex 2020/10/01 v3.1.6a (3.1.6a)

(c:/Users/mangelo.EEG/AppData/Roaming/TinyTeX/texmf-dist/tex/generic/pgf/basicl
ayer/pgfcoreexternal.code.tex
File: pgfcoreexternal.code.tex 2020/10/01 v3.1.6a (3.1.6a)
\pgfexternal@startupbox=\box61
))
(c:/Users/mangelo.EEG/AppData/Roaming/TinyTeX/texmf-dist/tex/generic/pgf/basicl
ayer/pgfcorelayers.code.tex
File: pgfcorelayers.code.tex 2020/10/01 v3.1.6a (3.1.6a)
)
(c:/Users/mangelo.EEG/AppData/Roaming/TinyTeX/texmf-dist/tex/generic/pgf/basicl
ayer/pgfcoretransparency.code.tex
File: pgfcoretransparency.code.tex 2020/10/01 v3.1.6a (3.1.6a)
)
(c:/Users/mangelo.EEG/AppData/Roaming/TinyTeX/texmf-dist/tex/generic/pgf/basicl
ayer/pgfcorepatterns.code.tex
File: pgfcorepatterns.code.tex 2020/10/01 v3.1.6a (3.1.6a)
)
(c:/Users/mangelo.EEG/AppData/Roaming/TinyTeX/texmf-dist/tex/generic/pgf/basicl
ayer/pgfcorerdf.code.tex
File: pgfcorerdf.code.tex 2020/10/01 v3.1.6a (3.1.6a)
)))
(c:/Users/mangelo.EEG/AppData/Roaming/TinyTeX/texmf-dist/tex/latex/pgf/utilitie
s/xxcolor.sty
Package: xxcolor 2003/10/24 ver 0.1
\XC@nummixins=\count278
\XC@countmixins=\count279
)
(c:/Users/mangelo.EEG/AppData/Roaming/TinyTeX/texmf-dist/tex/latex/base/atbegsh
i-ltx.sty
Package: atbegshi-ltx 2020/08/17 v1.0a Emulation of the original atbegshi packa
ge
with kernel methods
)
(c:/Users/mangelo.EEG/AppData/Roaming/TinyTeX/texmf-dist/tex/latex/hyperref/hyp
erref.sty
Package: hyperref 2020-05-15 v7.00e Hypertext links for LaTeX

(c:/Users/mangelo.EEG/AppData/Roaming/TinyTeX/texmf-dist/tex/generic/ltxcmds/lt
xcmds.sty
Package: ltxcmds 2020-05-10 v1.25 LaTeX kernel commands for general use (HO)
)
(c:/Users/mangelo.EEG/AppData/Roaming/TinyTeX/texmf-dist/tex/generic/pdftexcmds
/pdftexcmds.sty
Package: pdftexcmds 2020-06-27 v0.33 Utility functions of pdfTeX for LuaTeX (HO
)

(c:/Users/mangelo.EEG/AppData/Roaming/TinyTeX/texmf-dist/tex/generic/infwarerr/
infwarerr.sty
Package: infwarerr 2019/12/03 v1.5 Providing info/warning/error messages (HO)
)
Package pdftexcmds Info: \pdf@primitive is available.
Package pdftexcmds Info: \pdf@ifprimitive is available.
Package pdftexcmds Info: \pdfdraftmode not found.
)
(c:/Users/mangelo.EEG/AppData/Roaming/TinyTeX/texmf-dist/tex/generic/kvsetkeys/
kvsetkeys.sty
Package: kvsetkeys 2019/12/15 v1.18 Key value parser (HO)
)
(c:/Users/mangelo.EEG/AppData/Roaming/TinyTeX/texmf-dist/tex/generic/kvdefineke
ys/kvdefinekeys.sty
Package: kvdefinekeys 2019-12-19 v1.6 Define keys (HO)
)
(c:/Users/mangelo.EEG/AppData/Roaming/TinyTeX/texmf-dist/tex/generic/pdfescape/
pdfescape.sty
Package: pdfescape 2019/12/09 v1.15 Implements pdfTeX's escape features (HO)
)
(c:/Users/mangelo.EEG/AppData/Roaming/TinyTeX/texmf-dist/tex/latex/hycolor/hyco
lor.sty
Package: hycolor 2020-01-27 v1.10 Color options for hyperref/bookmark (HO)
)
(c:/Users/mangelo.EEG/AppData/Roaming/TinyTeX/texmf-dist/tex/latex/letltxmacro/
letltxmacro.sty
Package: letltxmacro 2019/12/03 v1.6 Let assignment for LaTeX macros (HO)
)
(c:/Users/mangelo.EEG/AppData/Roaming/TinyTeX/texmf-dist/tex/latex/auxhook/auxh
ook.sty
Package: auxhook 2019-12-17 v1.6 Hooks for auxiliary files (HO)
)
(c:/Users/mangelo.EEG/AppData/Roaming/TinyTeX/texmf-dist/tex/latex/kvoptions/kv
options.sty
Package: kvoptions 2020-10-07 v3.14 Key value format for package options (HO)
)
\@linkdim=\dimen257
\Hy@linkcounter=\count280
\Hy@pagecounter=\count281

(c:/Users/mangelo.EEG/AppData/Roaming/TinyTeX/texmf-dist/tex/latex/hyperref/pd1
enc.def
File: pd1enc.def 2020-05-15 v7.00e Hyperref: PDFDocEncoding definition (HO)
)
(c:/Users/mangelo.EEG/AppData/Roaming/TinyTeX/texmf-dist/tex/generic/intcalc/in
tcalc.sty
Package: intcalc 2019/12/15 v1.3 Expandable calculations with integers (HO)
)
(c:/Users/mangelo.EEG/AppData/Roaming/TinyTeX/texmf-dist/tex/generic/etexcmds/e
texcmds.sty
Package: etexcmds 2019/12/15 v1.7 Avoid name clashes with e-TeX commands (HO)
)
\Hy@SavedSpaceFactor=\count282
Package hyperref Info: Option `unicode' set `true' on input line 4338.

(c:/Users/mangelo.EEG/AppData/Roaming/TinyTeX/texmf-dist/tex/latex/hyperref/pue
nc.def
File: puenc.def 2020-05-15 v7.00e Hyperref: PDF Unicode definition (HO)
)
Package hyperref Info: Option `bookmarks' set `true' on input line 4338.
Package hyperref Info: Option `bookmarksopen' set `true' on input line 4338.
Package hyperref Info: Option `implicit' set `false' on input line 4338.
Package hyperref Info: Hyper figures OFF on input line 4464.
Package hyperref Info: Link nesting OFF on input line 4469.
Package hyperref Info: Hyper index ON on input line 4472.
Package hyperref Info: Plain pages OFF on input line 4479.
Package hyperref Info: Backreferencing OFF on input line 4484.
Package hyperref Info: Implicit mode OFF; no redefinition of LaTeX internals.
Package hyperref Info: Bookmarks ON on input line 4717.
\c@Hy@tempcnt=\count283
(c:/Users/mangelo.EEG/AppData/Roaming/TinyTeX/texmf-dist/tex/latex/url/url.sty
\Urlmuskip=\muskip16
Package: url 2013/09/16  ver 3.4  Verb mode for urls, etc.
)
LaTeX Info: Redefining \url on input line 5076.
\XeTeXLinkMargin=\dimen258

(c:/Users/mangelo.EEG/AppData/Roaming/TinyTeX/texmf-dist/tex/generic/bitset/bit
set.sty
Package: bitset 2019/12/09 v1.3 Handle bit-vector datatype (HO)

(c:/Users/mangelo.EEG/AppData/Roaming/TinyTeX/texmf-dist/tex/generic/bigintcalc
/bigintcalc.sty
Package: bigintcalc 2019/12/15 v1.5 Expandable calculations on big integers (HO
)
))
\Fld@menulength=\count284
\Field@Width=\dimen259
\Fld@charsize=\dimen260
Package hyperref Info: Hyper figures OFF on input line 6347.
Package hyperref Info: Link nesting OFF on input line 6352.
Package hyperref Info: Hyper index ON on input line 6355.
Package hyperref Info: backreferencing OFF on input line 6362.
Package hyperref Info: Link coloring OFF on input line 6367.
Package hyperref Info: Link coloring with OCG OFF on input line 6372.
Package hyperref Info: PDF/A mode OFF on input line 6377.
LaTeX Info: Redefining \ref on input line 6417.
LaTeX Info: Redefining \pageref on input line 6421.
\Hy@abspage=\count285

Package hyperref Message: Stopped early.

)
Package hyperref Info: Driver (autodetected): hxetex.

(c:/Users/mangelo.EEG/AppData/Roaming/TinyTeX/texmf-dist/tex/latex/hyperref/hxe
tex.def
File: hxetex.def 2020-05-15 v7.00e Hyperref driver for XeTeX

(c:/Users/mangelo.EEG/AppData/Roaming/TinyTeX/texmf-dist/tex/generic/stringenc/
stringenc.sty
Package: stringenc 2019/11/29 v1.12 Convert strings between diff. encodings (HO
)
)
\pdfm@box=\box62
\c@Hy@AnnotLevel=\count286
\HyField@AnnotCount=\count287
\Fld@listcount=\count288
\c@bookmark@seq@number=\count289

(c:/Users/mangelo.EEG/AppData/Roaming/TinyTeX/texmf-dist/tex/latex/rerunfileche
ck/rerunfilecheck.sty
Package: rerunfilecheck 2019/12/05 v1.9 Rerun checks for auxiliary files (HO)

(c:/Users/mangelo.EEG/AppData/Roaming/TinyTeX/texmf-dist/tex/latex/base/atverye
nd-ltx.sty
Package: atveryend-ltx 2020/08/19 v1.0a Emulation of the original atvery packag
e
with kernel methods
)
(c:/Users/mangelo.EEG/AppData/Roaming/TinyTeX/texmf-dist/tex/generic/uniquecoun
ter/uniquecounter.sty
Package: uniquecounter 2019/12/15 v1.4 Provide unlimited unique counter (HO)
)
Package uniquecounter Info: New unique counter `rerunfilecheck' on input line 2
86.
))
(c:/Users/mangelo.EEG/AppData/Roaming/TinyTeX/texmf-dist/tex/latex/beamer/beame
rbaserequires.sty
(c:/Users/mangelo.EEG/AppData/Roaming/TinyTeX/texmf-dist/tex/latex/beamer/beame
rbasecompatibility.sty)
(c:/Users/mangelo.EEG/AppData/Roaming/TinyTeX/texmf-dist/tex/latex/beamer/beame
rbasefont.sty
(c:/Users/mangelo.EEG/AppData/Roaming/TinyTeX/texmf-dist/tex/latex/amsfonts/ams
symb.sty
Package: amssymb 2013/01/14 v3.01 AMS font symbols

(c:/Users/mangelo.EEG/AppData/Roaming/TinyTeX/texmf-dist/tex/latex/amsfonts/ams
fonts.sty
Package: amsfonts 2013/01/14 v3.01 Basic AMSFonts support
\@emptytoks=\toks27
\symAMSa=\mathgroup4
\symAMSb=\mathgroup5
LaTeX Font Info:    Redeclaring math symbol \hbar on input line 98.
LaTeX Font Info:    Overwriting math alphabet `\mathfrak' in version `bold'
(Font)                  U/euf/m/n --> U/euf/b/n on input line 106.
)))
(c:/Users/mangelo.EEG/AppData/Roaming/TinyTeX/texmf-dist/tex/latex/beamer/beame
rbasetranslator.sty
(c:/Users/mangelo.EEG/AppData/Roaming/TinyTeX/texmf-dist/tex/latex/translator/t
ranslator.sty
Package: translator 2020-08-03 v1.12c Easy translation of strings in LaTeX
))
(c:/Users/mangelo.EEG/AppData/Roaming/TinyTeX/texmf-dist/tex/latex/beamer/beame
rbasemisc.sty)
(c:/Users/mangelo.EEG/AppData/Roaming/TinyTeX/texmf-dist/tex/latex/beamer/beame
rbasetwoscreens.sty)
(c:/Users/mangelo.EEG/AppData/Roaming/TinyTeX/texmf-dist/tex/latex/beamer/beame
rbaseoverlay.sty
\beamer@argscount=\count290
\beamer@lastskipcover=\skip50
\beamer@trivlistdepth=\count291
)
(c:/Users/mangelo.EEG/AppData/Roaming/TinyTeX/texmf-dist/tex/latex/beamer/beame
rbasetitle.sty)
(c:/Users/mangelo.EEG/AppData/Roaming/TinyTeX/texmf-dist/tex/latex/beamer/beame
rbasesection.sty
\c@lecture=\count292
\c@part=\count293
\c@section=\count294
\c@subsection=\count295
\c@subsubsection=\count296
)
(c:/Users/mangelo.EEG/AppData/Roaming/TinyTeX/texmf-dist/tex/latex/beamer/beame
rbaseframe.sty
\beamer@framebox=\box63
\beamer@frametitlebox=\box64
\beamer@zoombox=\box65
\beamer@zoomcount=\count297
\beamer@zoomframecount=\count298
\beamer@frametextheight=\dimen261
\c@subsectionslide=\count299
\beamer@frametopskip=\skip51
\beamer@framebottomskip=\skip52
\beamer@frametopskipautobreak=\skip53
\beamer@framebottomskipautobreak=\skip54
\beamer@envbody=\toks28
\framewidth=\dimen262
\c@framenumber=\count300
)
(c:/Users/mangelo.EEG/AppData/Roaming/TinyTeX/texmf-dist/tex/latex/beamer/beame
rbaseverbatim.sty
\beamer@verbatimfileout=\write4
)
(c:/Users/mangelo.EEG/AppData/Roaming/TinyTeX/texmf-dist/tex/latex/beamer/beame
rbaseframesize.sty
\beamer@splitbox=\box66
\beamer@autobreakcount=\count301
\beamer@autobreaklastheight=\dimen263
\beamer@frametitletoks=\toks29
\beamer@framesubtitletoks=\toks30
)
(c:/Users/mangelo.EEG/AppData/Roaming/TinyTeX/texmf-dist/tex/latex/beamer/beame
rbaseframecomponents.sty
\beamer@footins=\box67
)
(c:/Users/mangelo.EEG/AppData/Roaming/TinyTeX/texmf-dist/tex/latex/beamer/beame
rbasecolor.sty)
(c:/Users/mangelo.EEG/AppData/Roaming/TinyTeX/texmf-dist/tex/latex/beamer/beame
rbasenotes.sty
\beamer@frameboxcopy=\box68
)
(c:/Users/mangelo.EEG/AppData/Roaming/TinyTeX/texmf-dist/tex/latex/beamer/beame
rbasetoc.sty)
(c:/Users/mangelo.EEG/AppData/Roaming/TinyTeX/texmf-dist/tex/latex/beamer/beame
rbasetemplates.sty
\beamer@sbttoks=\toks31

(c:/Users/mangelo.EEG/AppData/Roaming/TinyTeX/texmf-dist/tex/latex/beamer/beame
rbaseauxtemplates.sty
(c:/Users/mangelo.EEG/AppData/Roaming/TinyTeX/texmf-dist/tex/latex/beamer/beame
rbaseboxes.sty
\bmb@box=\box69
\bmb@colorbox=\box70
\bmb@boxshadow=\box71
\bmb@boxshadowball=\box72
\bmb@boxshadowballlarge=\box73
\bmb@temp=\dimen264
\bmb@dima=\dimen265
\bmb@dimb=\dimen266
\bmb@prevheight=\dimen267
)
\beamer@blockheadheight=\dimen268
))
(c:/Users/mangelo.EEG/AppData/Roaming/TinyTeX/texmf-dist/tex/latex/beamer/beame
rbaselocalstructure.sty
(c:/Users/mangelo.EEG/AppData/Roaming/TinyTeX/texmf-dist/tex/latex/tools/enumer
ate.sty
Package: enumerate 2015/07/23 v3.00 enumerate extensions (DPC)
\@enLab=\toks32
)
\c@figure=\count302
\c@table=\count303
\abovecaptionskip=\skip55
\belowcaptionskip=\skip56
)
(c:/Users/mangelo.EEG/AppData/Roaming/TinyTeX/texmf-dist/tex/latex/beamer/beame
rbasenavigation.sty
\beamer@section@min@dim=\dimen269
)
(c:/Users/mangelo.EEG/AppData/Roaming/TinyTeX/texmf-dist/tex/latex/beamer/beame
rbasetheorems.sty
(c:/Users/mangelo.EEG/AppData/Roaming/TinyTeX/texmf-dist/tex/latex/amsmath/amsm
ath.sty
Package: amsmath 2020/09/23 v2.17i AMS math features
\@mathmargin=\skip57
For additional information on amsmath, use the `?' option.

(c:/Users/mangelo.EEG/AppData/Roaming/TinyTeX/texmf-dist/tex/latex/amsmath/amst
ext.sty
Package: amstext 2000/06/29 v2.01 AMS text

(c:/Users/mangelo.EEG/AppData/Roaming/TinyTeX/texmf-dist/tex/latex/amsmath/amsg
en.sty
File: amsgen.sty 1999/11/30 v2.0 generic functions
\@emptytoks=\toks33
\ex@=\dimen270
))
(c:/Users/mangelo.EEG/AppData/Roaming/TinyTeX/texmf-dist/tex/latex/amsmath/amsb
sy.sty
Package: amsbsy 1999/11/29 v1.2d Bold Symbols
\pmbraise@=\dimen271
)
(c:/Users/mangelo.EEG/AppData/Roaming/TinyTeX/texmf-dist/tex/latex/amsmath/amso
pn.sty
Package: amsopn 2016/03/08 v2.02 operator names
)
\inf@bad=\count304
LaTeX Info: Redefining \frac on input line 234.
\uproot@=\count305
\leftroot@=\count306
LaTeX Info: Redefining \overline on input line 399.
\classnum@=\count307
\DOTSCASE@=\count308
LaTeX Info: Redefining \ldots on input line 496.
LaTeX Info: Redefining \dots on input line 499.
LaTeX Info: Redefining \cdots on input line 620.
\Mathstrutbox@=\box74
\strutbox@=\box75
\big@size=\dimen272
LaTeX Font Info:    Redeclaring font encoding OML on input line 743.
LaTeX Font Info:    Redeclaring font encoding OMS on input line 744.
\macc@depth=\count309
\c@MaxMatrixCols=\count310
\dotsspace@=\muskip17
\c@parentequation=\count311
\dspbrk@lvl=\count312
\tag@help=\toks34
\row@=\count313
\column@=\count314
\maxfields@=\count315
\andhelp@=\toks35
\eqnshift@=\dimen273
\alignsep@=\dimen274
\tagshift@=\dimen275
\tagwidth@=\dimen276
\totwidth@=\dimen277
\lineht@=\dimen278
\@envbody=\toks36
\multlinegap=\skip58
\multlinetaggap=\skip59
\mathdisplay@stack=\toks37
LaTeX Info: Redefining \[ on input line 2923.
LaTeX Info: Redefining \] on input line 2924.
)
(c:/Users/mangelo.EEG/AppData/Roaming/TinyTeX/texmf-dist/tex/latex/amscls/amsth
m.sty
Package: amsthm 2020/05/29 v2.20.6
\thm@style=\toks38
\thm@bodyfont=\toks39
\thm@headfont=\toks40
\thm@notefont=\toks41
\thm@headpunct=\toks42
\thm@preskip=\skip60
\thm@postskip=\skip61
\thm@headsep=\skip62
\dth@everypar=\toks43
)
\c@theorem=\count316
)
(c:/Users/mangelo.EEG/AppData/Roaming/TinyTeX/texmf-dist/tex/latex/beamer/beame
rbasethemes.sty))
(c:/Users/mangelo.EEG/AppData/Roaming/TinyTeX/texmf-dist/tex/latex/beamer/beame
rthemedefault.sty
(c:/Users/mangelo.EEG/AppData/Roaming/TinyTeX/texmf-dist/tex/latex/beamer/beame
rfontthemedefault.sty)
(c:/Users/mangelo.EEG/AppData/Roaming/TinyTeX/texmf-dist/tex/latex/beamer/beame
rcolorthemedefault.sty)
(c:/Users/mangelo.EEG/AppData/Roaming/TinyTeX/texmf-dist/tex/latex/beamer/beame
rinnerthemedefault.sty
\beamer@dima=\dimen279
\beamer@dimb=\dimen280
)
(c:/Users/mangelo.EEG/AppData/Roaming/TinyTeX/texmf-dist/tex/latex/beamer/beame
routerthemedefault.sty)))
(c:/Users/mangelo.EEG/AppData/Roaming/TinyTeX/texmf-dist/tex/latex/pgf/utilitie
s/pgfpages.sty
Package: pgfpages 2011/01/05 ver 0.02

(c:/Users/mangelo.EEG/AppData/Roaming/TinyTeX/texmf-dist/tex/latex/tools/calc.s
ty
Package: calc 2017/05/25 v4.3 Infix arithmetic (KKT,FJ)
\calc@Acount=\count317
\calc@Bcount=\count318
\calc@Adimen=\dimen281
\calc@Bdimen=\dimen282
\calc@Askip=\skip63
\calc@Bskip=\skip64
LaTeX Info: Redefining \setlength on input line 80.
LaTeX Info: Redefining \addtolength on input line 81.
\calc@Ccount=\count319
\calc@Cskip=\skip65
)
\pgf@logicalpages=\count320
\pgf@firstshipout=\count321
\pgf@lastshipout=\count322
\pgf@currentshipout=\count323
\pgf@cpn=\count324
\pgf@shipoutnextto=\count325
\pgfphysicalheight=\dimen283
\pgfphysicalwidth=\dimen284
\pgfpages@shipoutbox=\box76
)
(c:/Users/mangelo.EEG/AppData/Roaming/TinyTeX/texmf-dist/tex/latex/lm/lmodern.s
ty
Package: lmodern 2009/10/30 v1.6 Latin Modern Fonts
LaTeX Font Info:    Overwriting symbol font `operators' in version `normal'
(Font)                  OT1/cmr/m/n --> OT1/lmr/m/n on input line 22.
LaTeX Font Info:    Overwriting symbol font `letters' in version `normal'
(Font)                  OML/cmm/m/it --> OML/lmm/m/it on input line 23.
LaTeX Font Info:    Overwriting symbol font `symbols' in version `normal'
(Font)                  OMS/cmsy/m/n --> OMS/lmsy/m/n on input line 24.
LaTeX Font Info:    Overwriting symbol font `largesymbols' in version `normal'
(Font)                  OMX/cmex/m/n --> OMX/lmex/m/n on input line 25.
LaTeX Font Info:    Overwriting symbol font `operators' in version `bold'
(Font)                  OT1/cmr/bx/n --> OT1/lmr/bx/n on input line 26.
LaTeX Font Info:    Overwriting symbol font `letters' in version `bold'
(Font)                  OML/cmm/b/it --> OML/lmm/b/it on input line 27.
LaTeX Font Info:    Overwriting symbol font `symbols' in version `bold'
(Font)                  OMS/cmsy/b/n --> OMS/lmsy/b/n on input line 28.
LaTeX Font Info:    Overwriting symbol font `largesymbols' in version `bold'
(Font)                  OMX/cmex/m/n --> OMX/lmex/m/n on input line 29.
LaTeX Font Info:    Overwriting math alphabet `\mathbf' in version `normal'
(Font)                  OT1/cmr/bx/n --> OT1/lmr/bx/n on input line 31.
LaTeX Font Info:    Overwriting math alphabet `\mathsf' in version `normal'
(Font)                  OT1/cmss/m/n --> OT1/lmss/m/n on input line 32.
LaTeX Font Info:    Overwriting math alphabet `\mathit' in version `normal'
(Font)                  OT1/cmr/m/it --> OT1/lmr/m/it on input line 33.
LaTeX Font Info:    Overwriting math alphabet `\mathtt' in version `normal'
(Font)                  OT1/cmtt/m/n --> OT1/lmtt/m/n on input line 34.
LaTeX Font Info:    Overwriting math alphabet `\mathbf' in version `bold'
(Font)                  OT1/cmr/bx/n --> OT1/lmr/bx/n on input line 35.
LaTeX Font Info:    Overwriting math alphabet `\mathsf' in version `bold'
(Font)                  OT1/cmss/bx/n --> OT1/lmss/bx/n on input line 36.
LaTeX Font Info:    Overwriting math alphabet `\mathit' in version `bold'
(Font)                  OT1/cmr/bx/it --> OT1/lmr/bx/it on input line 37.
LaTeX Font Info:    Overwriting math alphabet `\mathtt' in version `bold'
(Font)                  OT1/cmtt/m/n --> OT1/lmtt/m/n on input line 38.
)
(c:/Users/mangelo.EEG/AppData/Roaming/TinyTeX/texmf-dist/tex/generic/iftex/ifxe
tex.sty
Package: ifxetex 2019/10/25 v0.7 ifxetex legacy package. Use iftex instead.
)
(c:/Users/mangelo.EEG/AppData/Roaming/TinyTeX/texmf-dist/tex/generic/iftex/iflu
atex.sty
Package: ifluatex 2019/10/25 v1.5 ifluatex legacy package. Use iftex instead.
)
(c:/Users/mangelo.EEG/AppData/Roaming/TinyTeX/texmf-dist/tex/latex/unicode-math
/unicode-math.sty
(c:/Users/mangelo.EEG/AppData/Roaming/TinyTeX/texmf-dist/tex/latex/l3kernel/exp
l3.sty
Package: expl3 2020-10-27 L3 programming layer (loader) 

(c:/Users/mangelo.EEG/AppData/Roaming/TinyTeX/texmf-dist/tex/latex/l3backend/l3
backend-xetex.def
File: l3backend-xetex.def 2020-09-24 L3 backend support: XeTeX
\g__graphics_track_int=\count326
\l__pdf_internal_box=\box77
\g__pdf_backend_object_int=\count327
\g__pdf_backend_annotation_int=\count328
))
Package: unicode-math 2020/01/31 v0.8q Unicode maths in XeLaTeX and LuaLaTeX

(c:/Users/mangelo.EEG/AppData/Roaming/TinyTeX/texmf-dist/tex/latex/unicode-math
/unicode-math-xetex.sty
Package: unicode-math-xetex 2020/01/31 v0.8q Unicode maths in XeLaTeX and LuaLa
TeX

(c:/Users/mangelo.EEG/AppData/Roaming/TinyTeX/texmf-dist/tex/latex/l3packages/x
parse/xparse.sty
Package: xparse 2020-10-27 L3 Experimental document command parser

(c:/Users/mangelo.EEG/AppData/Roaming/TinyTeX/texmf-dist/tex/latex/l3packages/x
parse/xparse-generic.tex))
(c:/Users/mangelo.EEG/AppData/Roaming/TinyTeX/texmf-dist/tex/latex/l3packages/l
3keys2e/l3keys2e.sty
Package: l3keys2e 2020-10-27 LaTeX2e option processing using LaTeX3 keys
)
(c:/Users/mangelo.EEG/AppData/Roaming/TinyTeX/texmf-dist/tex/latex/fontspec/fon
tspec.sty
Package: fontspec 2020/02/21 v2.7i Font selection for XeLaTeX and LuaLaTeX

(c:/Users/mangelo.EEG/AppData/Roaming/TinyTeX/texmf-dist/tex/latex/fontspec/fon
tspec-xetex.sty
Package: fontspec-xetex 2020/02/21 v2.7i Font selection for XeLaTeX and LuaLaTe
X
\l__fontspec_script_int=\count329
\l__fontspec_language_int=\count330
\l__fontspec_strnum_int=\count331
\l__fontspec_tmp_int=\count332
\l__fontspec_tmpa_int=\count333
\l__fontspec_tmpb_int=\count334
\l__fontspec_tmpc_int=\count335
\l__fontspec_em_int=\count336
\l__fontspec_emdef_int=\count337
\l__fontspec_strong_int=\count338
\l__fontspec_strongdef_int=\count339
\l__fontspec_tmpa_dim=\dimen285
\l__fontspec_tmpb_dim=\dimen286
\l__fontspec_tmpc_dim=\dimen287

(c:/Users/mangelo.EEG/AppData/Roaming/TinyTeX/texmf-dist/tex/latex/base/fontenc
.sty
Package: fontenc 2020/08/10 v2.0s Standard LaTeX package
)
(c:/Users/mangelo.EEG/AppData/Roaming/TinyTeX/texmf-dist/tex/latex/fontspec/fon
tspec.cfg)))
(c:/Users/mangelo.EEG/AppData/Roaming/TinyTeX/texmf-dist/tex/latex/base/fix-cm.
sty
Package: fix-cm 2015/01/14 v1.1t fixes to LaTeX

(c:/Users/mangelo.EEG/AppData/Roaming/TinyTeX/texmf-dist/tex/latex/base/ts1enc.
def
File: ts1enc.def 2001/06/05 v3.0e (jk/car/fm) Standard LaTeX file
LaTeX Font Info:    Redeclaring font encoding TS1 on input line 47.
))
\g__um_fam_int=\count340
\g__um_fonts_used_int=\count341
\l__um_primecount_int=\count342
\g__um_primekern_muskip=\muskip18

(c:/Users/mangelo.EEG/AppData/Roaming/TinyTeX/texmf-dist/tex/latex/unicode-math
/unicode-math-table.tex)))
(c:/Users/mangelo.EEG/AppData/Roaming/TinyTeX/texmf-dist/tex/latex/beamertheme-
metropolis/beamerthememetropolis.sty
Package: beamerthememetropolis 2017/01/23 v1.2 Metropolis Beamer theme

(c:/Users/mangelo.EEG/AppData/Roaming/TinyTeX/texmf-dist/tex/latex/pgfopts/pgfo
pts.sty
Package: pgfopts 2014/07/10 v2.1a LaTeX package options with pgfkeys

(c:/Users/mangelo.EEG/AppData/Roaming/TinyTeX/texmf-dist/tex/latex/pgf/utilitie
s/pgfkeys.sty
(c:/Users/mangelo.EEG/AppData/Roaming/TinyTeX/texmf-dist/tex/generic/pgf/utilit
ies/pgfkeys.code.tex))
\pgfopts@list@add@a@toks=\toks44
\pgfopts@list@add@b@toks=\toks45
)
(c:/Users/mangelo.EEG/AppData/Roaming/TinyTeX/texmf-dist/tex/latex/beamertheme-
metropolis/beamerinnerthememetropolis.sty
Package: beamerinnerthememetropolis 2017/01/23 Metropolis inner theme

(c:/Users/mangelo.EEG/AppData/Roaming/TinyTeX/texmf-dist/tex/latex/pgf/frontend
layer/tikz.sty
(c:/Users/mangelo.EEG/AppData/Roaming/TinyTeX/texmf-dist/tex/latex/pgf/basiclay
er/pgf.sty
Package: pgf 2020/10/01 v3.1.6a (3.1.6a)

(c:/Users/mangelo.EEG/AppData/Roaming/TinyTeX/texmf-dist/tex/generic/pgf/module
s/pgfmoduleshapes.code.tex
File: pgfmoduleshapes.code.tex 2020/10/01 v3.1.6a (3.1.6a)
\pgfnodeparttextbox=\box78
)
(c:/Users/mangelo.EEG/AppData/Roaming/TinyTeX/texmf-dist/tex/generic/pgf/module
s/pgfmoduleplot.code.tex
File: pgfmoduleplot.code.tex 2020/10/01 v3.1.6a (3.1.6a)
)
(c:/Users/mangelo.EEG/AppData/Roaming/TinyTeX/texmf-dist/tex/latex/pgf/compatib
ility/pgfcomp-version-0-65.sty
Package: pgfcomp-version-0-65 2020/10/01 v3.1.6a (3.1.6a)
\pgf@nodesepstart=\dimen288
\pgf@nodesepend=\dimen289
)
(c:/Users/mangelo.EEG/AppData/Roaming/TinyTeX/texmf-dist/tex/latex/pgf/compatib
ility/pgfcomp-version-1-18.sty
Package: pgfcomp-version-1-18 2020/10/01 v3.1.6a (3.1.6a)
))
(c:/Users/mangelo.EEG/AppData/Roaming/TinyTeX/texmf-dist/tex/latex/pgf/utilitie
s/pgffor.sty
(c:/Users/mangelo.EEG/AppData/Roaming/TinyTeX/texmf-dist/tex/latex/pgf/math/pgf
math.sty
(c:/Users/mangelo.EEG/AppData/Roaming/TinyTeX/texmf-dist/tex/generic/pgf/math/p
gfmath.code.tex))
(c:/Users/mangelo.EEG/AppData/Roaming/TinyTeX/texmf-dist/tex/generic/pgf/utilit
ies/pgffor.code.tex
Package: pgffor 2020/10/01 v3.1.6a (3.1.6a)

(c:/Users/mangelo.EEG/AppData/Roaming/TinyTeX/texmf-dist/tex/generic/pgf/math/p
gfmath.code.tex)
\pgffor@iter=\dimen290
\pgffor@skip=\dimen291
\pgffor@stack=\toks46
\pgffor@toks=\toks47
))
(c:/Users/mangelo.EEG/AppData/Roaming/TinyTeX/texmf-dist/tex/generic/pgf/fronte
ndlayer/tikz/tikz.code.tex
Package: tikz 2020/10/01 v3.1.6a (3.1.6a)

(c:/Users/mangelo.EEG/AppData/Roaming/TinyTeX/texmf-dist/tex/generic/pgf/librar
ies/pgflibraryplothandlers.code.tex
File: pgflibraryplothandlers.code.tex 2020/10/01 v3.1.6a (3.1.6a)
\pgf@plot@mark@count=\count343
\pgfplotmarksize=\dimen292
)
\tikz@lastx=\dimen293
\tikz@lasty=\dimen294
\tikz@lastxsaved=\dimen295
\tikz@lastysaved=\dimen296
\tikz@lastmovetox=\dimen297
\tikz@lastmovetoy=\dimen298
\tikzleveldistance=\dimen299
\tikzsiblingdistance=\dimen300
\tikz@figbox=\box79
\tikz@figbox@bg=\box80
\tikz@tempbox=\box81
\tikz@tempbox@bg=\box82
\tikztreelevel=\count344
\tikznumberofchildren=\count345
\tikznumberofcurrentchild=\count346
\tikz@fig@count=\count347

(c:/Users/mangelo.EEG/AppData/Roaming/TinyTeX/texmf-dist/tex/generic/pgf/module
s/pgfmodulematrix.code.tex
File: pgfmodulematrix.code.tex 2020/10/01 v3.1.6a (3.1.6a)
\pgfmatrixcurrentrow=\count348
\pgfmatrixcurrentcolumn=\count349
\pgf@matrix@numberofcolumns=\count350
)
\tikz@expandcount=\count351

(c:/Users/mangelo.EEG/AppData/Roaming/TinyTeX/texmf-dist/tex/generic/pgf/fronte
ndlayer/tikz/libraries/tikzlibrarytopaths.code.tex
File: tikzlibrarytopaths.code.tex 2020/10/01 v3.1.6a (3.1.6a)
)))
\metropolis@titleseparator@linewidth=\skip66
\metropolis@progressonsectionpage=\skip67
\metropolis@progressonsectionpage@linewidth=\skip68
\metropolis@blocksep=\skip69
\metropolis@blockadjust=\skip70
\metropolis@parskip=\skip71
)
(c:/Users/mangelo.EEG/AppData/Roaming/TinyTeX/texmf-dist/tex/latex/beamertheme-
metropolis/beamerouterthememetropolis.sty
Package: beamerouterthememetropolis 2017/01/23 Metropolis outer theme
\metropolis@frametitle@padding=\skip72
\metropolis@progressinheadfoot=\skip73
\metropolis@progressinheadfoot@linewidth=\skip74
)
(c:/Users/mangelo.EEG/AppData/Roaming/TinyTeX/texmf-dist/tex/latex/beamertheme-
metropolis/beamercolorthememetropolis.sty
Package: beamercolorthememetropolis 2017/01/23 Metropolis color theme
)
(c:/Users/mangelo.EEG/AppData/Roaming/TinyTeX/texmf-dist/tex/latex/beamertheme-
metropolis/beamerfontthememetropolis.sty
Package: beamerfontthememetropolis 2017/01/23 Metropolis font theme
\c@fontsnotfound=\count352

Package beamerthememetropolis Warning: Could not find Fira Sans fonts on input 
line 95.


Package beamerthememetropolis Warning: Could not find Fira Mono fonts on input 
line 95.

))
(c:/Users/mangelo.EEG/AppData/Roaming/TinyTeX/texmf-dist/tex/latex/bookmark/boo
kmark.sty
Package: bookmark 2020-11-06 v1.29 PDF bookmarks (HO)

(c:/Users/mangelo.EEG/AppData/Roaming/TinyTeX/texmf-dist/tex/latex/bookmark/bkm
-dvipdfm.def
File: bkm-dvipdfm.def 2020-11-06 v1.29 bookmark driver for dvipdfm (HO)
\BKM@id=\count353
))
Package hyperref Info: Option `colorlinks' set `true' on input line 89.

(c:/Users/mangelo.EEG/AppData/Roaming/TinyTeX/texmf-dist/tex/latex/fancyvrb/fan
cyvrb.sty
Package: fancyvrb 2020/05/03 v3.6 verbatim text (tvz,hv)
\FV@CodeLineNo=\count354
\FV@InFile=\read3
\FV@TabBox=\box83
\c@FancyVerbLine=\count355
\FV@StepNumber=\count356
\FV@OutFile=\write5
)
(c:/Users/mangelo.EEG/AppData/Roaming/TinyTeX/texmf-dist/tex/latex/framed/frame
d.sty
Package: framed 2011/10/22 v 0.96: framed or shaded text with page breaks
\OuterFrameSep=\skip75
\fb@frw=\dimen301
\fb@frh=\dimen302
\FrameRule=\dimen303
\FrameSep=\dimen304
)
(c:/Users/mangelo.EEG/AppData/Roaming/TinyTeX/texmf-dist/tex/latex/tools/longta
ble.sty
Package: longtable 2020/01/07 v4.13 Multi-page Table package (DPC)
\LTleft=\skip76
\LTright=\skip77
\LTpre=\skip78
\LTpost=\skip79
\LTchunksize=\count357
\LTcapwidth=\dimen305
\LT@head=\box84
\LT@firsthead=\box85
\LT@foot=\box86
\LT@lastfoot=\box87
\LT@cols=\count358
\LT@rows=\count359
\c@LT@tables=\count360
\c@LT@chunks=\count361
\LT@p@ftn=\toks48
)
(c:/Users/mangelo.EEG/AppData/Roaming/TinyTeX/texmf-dist/tex/latex/booktabs/boo
ktabs.sty
Package: booktabs 2020/01/12 v1.61803398 Publication quality tables
\heavyrulewidth=\dimen306
\lightrulewidth=\dimen307
\cmidrulewidth=\dimen308
\belowrulesep=\dimen309
\belowbottomsep=\dimen310
\aboverulesep=\dimen311
\abovetopsep=\dimen312
\cmidrulesep=\dimen313
\cmidrulekern=\dimen314
\defaultaddspace=\dimen315
\@cmidla=\count362
\@cmidlb=\count363
\@aboverulesep=\dimen316
\@belowrulesep=\dimen317
\@thisruleclass=\count364
\@lastruleclass=\count365
\@thisrulewidth=\dimen318
)
(c:/Users/mangelo.EEG/AppData/Roaming/TinyTeX/texmf-dist/tex/latex/caption/capt
ion.sty
Package: caption 2020/10/26 v3.5g Customizing captions (AR)

(c:/Users/mangelo.EEG/AppData/Roaming/TinyTeX/texmf-dist/tex/latex/caption/capt
ion3.sty
Package: caption3 2020/10/21 v2.2e caption3 kernel (AR)
\captionmargin=\dimen319
\captionmargin@=\dimen320
\captionwidth=\dimen321
\caption@tempdima=\dimen322
\caption@indent=\dimen323
\caption@parindent=\dimen324
\caption@hangindent=\dimen325
Package caption Info: beamer document class detected.

(c:/Users/mangelo.EEG/AppData/Roaming/TinyTeX/texmf-dist/tex/latex/caption/capt
ion-beamer.sto
File: caption-beamer.sto 2020/08/22 v2.0 Adaption of the caption package to the
 beamer document classes (AR)
))
\c@caption@flags=\count366
\c@continuedfloat=\count367
Package caption Info: hyperref package is loaded.
Package caption Info: Hyperref support is turned off
(caption)             because hyperref has stopped early.
Package caption Info: longtable package is loaded.

(c:/Users/mangelo.EEG/AppData/Roaming/TinyTeX/texmf-dist/tex/latex/caption/ltca
ption.sty
Package: ltcaption 2020/05/30 v1.4b longtable captions (AR)
)) (./02_Beamer.aux)
\openout1 = `02_Beamer.aux'.

LaTeX Font Info:    Checking defaults for OML/cmm/m/it on input line 151.
LaTeX Font Info:    ... okay on input line 151.
LaTeX Font Info:    Checking defaults for OMS/cmsy/m/n on input line 151.
LaTeX Font Info:    ... okay on input line 151.
LaTeX Font Info:    Checking defaults for OT1/cmr/m/n on input line 151.
LaTeX Font Info:    ... okay on input line 151.
LaTeX Font Info:    Checking defaults for T1/cmr/m/n on input line 151.
LaTeX Font Info:    ... okay on input line 151.
LaTeX Font Info:    Checking defaults for TS1/cmr/m/n on input line 151.
LaTeX Font Info:    ... okay on input line 151.
LaTeX Font Info:    Checking defaults for TU/lmr/m/n on input line 151.
LaTeX Font Info:    ... okay on input line 151.
LaTeX Font Info:    Checking defaults for OMX/cmex/m/n on input line 151.
LaTeX Font Info:    ... okay on input line 151.
LaTeX Font Info:    Checking defaults for U/cmr/m/n on input line 151.
LaTeX Font Info:    ... okay on input line 151.
LaTeX Font Info:    Checking defaults for PD1/pdf/m/n on input line 151.
LaTeX Font Info:    ... okay on input line 151.
LaTeX Font Info:    Checking defaults for PU/pdf/m/n on input line 151.
LaTeX Font Info:    ... okay on input line 151.
*geometry* driver: auto-detecting
*geometry* detected driver: xetex
*geometry* verbose mode - [ preamble ] result:
* driver: xetex
* paper: custom
* layout: <same size as paper>
* layoutoffset:(h,v)=(0.0pt,0.0pt)
* modes: includehead includefoot 
* h-part:(L,W,R)=(28.45274pt, 307.28987pt, 28.45274pt)
* v-part:(T,H,B)=(0.0pt, 273.14662pt, 0.0pt)
* \paperwidth=364.19536pt
* \paperheight=273.14662pt
* \textwidth=307.28987pt
* \textheight=244.6939pt
* \oddsidemargin=-43.81725pt
* \evensidemargin=-43.81725pt
* \topmargin=-72.26999pt
* \headheight=14.22636pt
* \headsep=0.0pt
* \topskip=10.0pt
* \footskip=14.22636pt
* \marginparwidth=3.0pt
* \marginparsep=11.0pt
* \columnsep=10.0pt
* \skip\footins=9.0pt plus 4.0pt minus 2.0pt
* \hoffset=0.0pt
* \voffset=0.0pt
* \mag=1000
* \@twocolumnfalse
* \@twosidefalse
* \@mparswitchfalse
* \@reversemarginfalse
* (1in=72.27pt=25.4mm, 1cm=28.453pt)

Package hyperref Info: Link coloring ON on input line 151.

(c:/Users/mangelo.EEG/AppData/Roaming/TinyTeX/texmf-dist/tex/latex/hyperref/nam
eref.sty
Package: nameref 2019/09/16 v2.46 Cross-referencing by name of section

(c:/Users/mangelo.EEG/AppData/Roaming/TinyTeX/texmf-dist/tex/latex/refcount/ref
count.sty
Package: refcount 2019/12/15 v3.6 Data extraction from label references (HO)
)
(c:/Users/mangelo.EEG/AppData/Roaming/TinyTeX/texmf-dist/tex/generic/gettitlest
ring/gettitlestring.sty
Package: gettitlestring 2019/12/15 v1.6 Cleanup title references (HO)
)
\c@section@level=\count368
)
LaTeX Info: Redefining \ref on input line 151.
LaTeX Info: Redefining \pageref on input line 151.
LaTeX Info: Redefining \nameref on input line 151.

(c:/Users/mangelo.EEG/AppData/Roaming/TinyTeX/texmf-dist/tex/latex/translator/t
ranslator-basic-dictionary-English.dict
Dictionary: translator-basic-dictionary, Language: English 
)
(c:/Users/mangelo.EEG/AppData/Roaming/TinyTeX/texmf-dist/tex/latex/translator/t
ranslator-bibliography-dictionary-English.dict
Dictionary: translator-bibliography-dictionary, Language: English 
)
(c:/Users/mangelo.EEG/AppData/Roaming/TinyTeX/texmf-dist/tex/latex/translator/t
ranslator-environment-dictionary-English.dict
Dictionary: translator-environment-dictionary, Language: English 
)
(c:/Users/mangelo.EEG/AppData/Roaming/TinyTeX/texmf-dist/tex/latex/translator/t
ranslator-months-dictionary-English.dict
Dictionary: translator-months-dictionary, Language: English 
)
(c:/Users/mangelo.EEG/AppData/Roaming/TinyTeX/texmf-dist/tex/latex/translator/t
ranslator-numbers-dictionary-English.dict
Dictionary: translator-numbers-dictionary, Language: English 
)
(c:/Users/mangelo.EEG/AppData/Roaming/TinyTeX/texmf-dist/tex/latex/translator/t
ranslator-theorem-dictionary-English.dict
Dictionary: translator-theorem-dictionary, Language: English 
)
LaTeX Font Info:    Overwriting math alphabet `\mathrm' in version `normal'
(Font)                  OT1/lmr/m/n --> TU/lmr/m/n on input line 151.
LaTeX Font Info:    Overwriting math alphabet `\mathit' in version `normal'
(Font)                  OT1/lmr/m/it --> TU/lmr/m/it on input line 151.
LaTeX Font Info:    Overwriting math alphabet `\mathbf' in version `normal'
(Font)                  OT1/lmr/bx/n --> TU/lmr/bx/n on input line 151.
LaTeX Font Info:    Overwriting math alphabet `\mathsf' in version `normal'
(Font)                  OT1/lmss/m/n --> TU/lmss/m/n on input line 151.
LaTeX Font Info:    Overwriting math alphabet `\mathsf' in version `bold'
(Font)                  OT1/lmss/bx/n --> TU/lmss/bx/n on input line 151.
LaTeX Font Info:    Overwriting math alphabet `\mathtt' in version `normal'
(Font)                  OT1/lmtt/m/n --> TU/lmtt/m/n on input line 151.
LaTeX Font Info:    Overwriting math alphabet `\mathtt' in version `bold'
(Font)                  OT1/lmtt/m/n --> TU/lmtt/bx/n on input line 151.

Package fontspec Info: latinmodern-math scale = 1.030159915882193.


Package fontspec Info: latinmodern-math scale = 1.030159915882193.


Package fontspec Info: latinmodern-math scale = 1.030159915882193.


Package fontspec Info: Font family 'latinmodern-math.otf(0)' created for font
(fontspec)             'latinmodern-math.otf' with options
(fontspec)             [Scale=MatchLowercase,BoldItalicFont={},ItalicFont={},Sm
allCapsFont={},Script=Math,BoldFont={latinmodern-math.otf}].
(fontspec)              
(fontspec)              This font family consists of the following NFSS
(fontspec)             series/shapes:
(fontspec)              
(fontspec)             - 'normal' (m/n) with NFSS spec.:
(fontspec)             <->s*[1.030159915882193]"[latinmodern-math.otf]/OT:scrip
t=math;language=dflt;"
(fontspec)             - 'small caps'  (m/sc) with NFSS spec.: 
(fontspec)             - 'bold' (b/n) with NFSS spec.:
(fontspec)             <->s*[1.030159915882193]"[latinmodern-math.otf]/OT:scrip
t=math;language=dflt;"
(fontspec)             - 'bold small caps'  (b/sc) with NFSS spec.: 

LaTeX Font Info:    Font shape `TU/latinmodern-math.otf(0)/m/n' will be
(Font)              scaled to size 10.30167pt on input line 151.

Package fontspec Info: latinmodern-math scale = 1.030159915882193.


Package fontspec Info: latinmodern-math scale = 1.030159915882193.


Package fontspec Info: latinmodern-math scale = 1.030159915882193.


Package fontspec Info: latinmodern-math scale = 1.030159915882193.


Package fontspec Info: latinmodern-math scale = 1.030159915882193.


Package fontspec Info: Font family 'latinmodern-math.otf(1)' created for font
(fontspec)             'latinmodern-math.otf' with options
(fontspec)             [Scale=MatchLowercase,BoldItalicFont={},ItalicFont={},Sm
allCapsFont={},Script=Math,SizeFeatures={{Size=8.5-},{Size=6-8.5,Font=latinmode
rn-math.otf,Style=MathScript},{Size=-6,Font=latinmodern-math.otf,Style=MathScri
ptScript}},BoldFont={latinmodern-math.otf}].
(fontspec)              
(fontspec)              This font family consists of the following NFSS
(fontspec)             series/shapes:
(fontspec)              
(fontspec)             - 'normal' (m/n) with NFSS spec.:
(fontspec)             <8.5->s*[1.030159915882193]"[latinmodern-math.otf]/OT:sc
ript=math;language=dflt;"<6-8.5>s*[1.030159915882193]"[latinmodern-math.otf]/OT
:script=math;language=dflt;+ssty=0;"<-6>s*[1.030159915882193]"[latinmodern-math
.otf]/OT:script=math;language=dflt;+ssty=1;"
(fontspec)             - 'small caps'  (m/sc) with NFSS spec.: 
(fontspec)             - 'bold' (b/n) with NFSS spec.:
(fontspec)             <->s*[1.030159915882193]"[latinmodern-math.otf]/OT:scrip
t=math;language=dflt;"
(fontspec)             - 'bold small caps'  (b/sc) with NFSS spec.: 

LaTeX Font Info:    Font shape `TU/latinmodern-math.otf(1)/m/n' will be
(Font)              scaled to size 10.30167pt on input line 151.
LaTeX Font Info:    Encoding `OT1' has changed to `TU' for symbol font
(Font)              `operators' in the math version `normal' on input line 151.

LaTeX Font Info:    Overwriting symbol font `operators' in version `normal'
(Font)                  OT1/lmr/m/n --> TU/latinmodern-math.otf(1)/m/n on input
 line 151.
LaTeX Font Info:    Encoding `OT1' has changed to `TU' for symbol font
(Font)              `operators' in the math version `bold' on input line 151.
LaTeX Font Info:    Overwriting symbol font `operators' in version `bold'
(Font)                  OT1/lmr/bx/n --> TU/latinmodern-math.otf(1)/b/n on inpu
t line 151.

Package fontspec Info: latinmodern-math scale = 1.030159915882193.


Package fontspec Info: latinmodern-math scale = 1.030262931873781.


Package fontspec Info: latinmodern-math scale = 1.030159915882193.


Package fontspec Info: latinmodern-math scale = 1.030262931873781.


Package fontspec Info: latinmodern-math scale = 1.030159915882193.


Package fontspec Info: latinmodern-math scale = 1.030262931873781.


Package fontspec Info: latinmodern-math scale = 1.030159915882193.


Package fontspec Info: latinmodern-math scale = 1.030262931873781.


Package fontspec Info: latinmodern-math scale = 1.030159915882193.


Package fontspec Info: latinmodern-math scale = 1.030262931873781.


Package fontspec Info: Font family 'latinmodern-math.otf(2)' created for font
(fontspec)             'latinmodern-math.otf' with options
(fontspec)             [Scale=MatchLowercase,BoldItalicFont={},ItalicFont={},Sm
allCapsFont={},Script=Math,SizeFeatures={{Size=8.5-},{Size=6-8.5,Font=latinmode
rn-math.otf,Style=MathScript},{Size=-6,Font=latinmodern-math.otf,Style=MathScri
ptScript}},BoldFont={latinmodern-math.otf},ScaleAgain=1.0001,FontAdjustment={\f
ontdimen
(fontspec)             8\font =6.97423pt\relax \fontdimen 9\font
(fontspec)             =4.05885pt\relax \fontdimen 10\font =4.57394pt\relax
(fontspec)             \fontdimen 11\font =7.06694pt\relax \fontdimen 12\font
(fontspec)             =3.55408pt\relax \fontdimen 13\font =3.7395pt\relax
(fontspec)             \fontdimen 14\font =3.7395pt\relax \fontdimen 15\font
(fontspec)             =2.97719pt\relax \fontdimen 16\font =2.54451pt\relax
(fontspec)             \fontdimen 17\font =2.54451pt\relax \fontdimen 18\font
(fontspec)             =2.57542pt\relax \fontdimen 19\font =2.06033pt\relax
(fontspec)             \fontdimen 22\font =2.57542pt\relax \fontdimen 20\font
(fontspec)             =0pt\relax \fontdimen 21\font =0pt\relax }].
(fontspec)              
(fontspec)              This font family consists of the following NFSS
(fontspec)             series/shapes:
(fontspec)              
(fontspec)             - 'normal' (m/n) with NFSS spec.:
(fontspec)             <8.5->s*[1.030262931873781]"[latinmodern-math.otf]/OT:sc
ript=math;language=dflt;"<6-8.5>s*[1.030262931873781]"[latinmodern-math.otf]/OT
:script=math;language=dflt;+ssty=0;"<-6>s*[1.030262931873781]"[latinmodern-math
.otf]/OT:script=math;language=dflt;+ssty=1;"
(fontspec)             - 'small caps'  (m/sc) with NFSS spec.: 
(fontspec)             and font adjustment code:
(fontspec)             \fontdimen 8\font =6.97423pt\relax \fontdimen 9\font
(fontspec)             =4.05885pt\relax \fontdimen 10\font =4.57394pt\relax
(fontspec)             \fontdimen 11\font =7.06694pt\relax \fontdimen 12\font
(fontspec)             =3.55408pt\relax \fontdimen 13\font =3.7395pt\relax
(fontspec)             \fontdimen 14\font =3.7395pt\relax \fontdimen 15\font
(fontspec)             =2.97719pt\relax \fontdimen 16\font =2.54451pt\relax
(fontspec)             \fontdimen 17\font =2.54451pt\relax \fontdimen 18\font
(fontspec)             =2.57542pt\relax \fontdimen 19\font =2.06033pt\relax
(fontspec)             \fontdimen 22\font =2.57542pt\relax \fontdimen 20\font
(fontspec)             =0pt\relax \fontdimen 21\font =0pt\relax 
(fontspec)             - 'bold' (b/n) with NFSS spec.:
(fontspec)             <->s*[1.030262931873781]"[latinmodern-math.otf]/OT:scrip
t=math;language=dflt;"
(fontspec)             - 'bold small caps'  (b/sc) with NFSS spec.: 
(fontspec)             and font adjustment code:
(fontspec)             \fontdimen 8\font =6.97423pt\relax \fontdimen 9\font
(fontspec)             =4.05885pt\relax \fontdimen 10\font =4.57394pt\relax
(fontspec)             \fontdimen 11\font =7.06694pt\relax \fontdimen 12\font
(fontspec)             =3.55408pt\relax \fontdimen 13\font =3.7395pt\relax
(fontspec)             \fontdimen 14\font =3.7395pt\relax \fontdimen 15\font
(fontspec)             =2.97719pt\relax \fontdimen 16\font =2.54451pt\relax
(fontspec)             \fontdimen 17\font =2.54451pt\relax \fontdimen 18\font
(fontspec)             =2.57542pt\relax \fontdimen 19\font =2.06033pt\relax
(fontspec)             \fontdimen 22\font =2.57542pt\relax \fontdimen 20\font
(fontspec)             =0pt\relax \fontdimen 21\font =0pt\relax 

LaTeX Font Info:    Encoding `OMS' has changed to `TU' for symbol font
(Font)              `symbols' in the math version `normal' on input line 151.
LaTeX Font Info:    Overwriting symbol font `symbols' in version `normal'
(Font)                  OMS/lmsy/m/n --> TU/latinmodern-math.otf(2)/m/n on inpu
t line 151.
LaTeX Font Info:    Encoding `OMS' has changed to `TU' for symbol font
(Font)              `symbols' in the math version `bold' on input line 151.
LaTeX Font Info:    Overwriting symbol font `symbols' in version `bold'
(Font)                  OMS/lmsy/b/n --> TU/latinmodern-math.otf(2)/b/n on inpu
t line 151.

Package fontspec Info: latinmodern-math scale = 1.030159915882193.


Package fontspec Info: latinmodern-math scale = 1.030056899890605.


Package fontspec Info: latinmodern-math scale = 1.030159915882193.


Package fontspec Info: latinmodern-math scale = 1.030056899890605.


Package fontspec Info: latinmodern-math scale = 1.030159915882193.


Package fontspec Info: latinmodern-math scale = 1.030056899890605.


Package fontspec Info: latinmodern-math scale = 1.030159915882193.


Package fontspec Info: latinmodern-math scale = 1.030056899890605.


Package fontspec Info: latinmodern-math scale = 1.030159915882193.


Package fontspec Info: latinmodern-math scale = 1.030056899890605.


Package fontspec Info: Font family 'latinmodern-math.otf(3)' created for font
(fontspec)             'latinmodern-math.otf' with options
(fontspec)             [Scale=MatchLowercase,BoldItalicFont={},ItalicFont={},Sm
allCapsFont={},Script=Math,SizeFeatures={{Size=8.5-},{Size=6-8.5,Font=latinmode
rn-math.otf,Style=MathScript},{Size=-6,Font=latinmodern-math.otf,Style=MathScri
ptScript}},BoldFont={latinmodern-math.otf},ScaleAgain=0.9999,FontAdjustment={\f
ontdimen
(fontspec)             8\font =0.41206pt\relax \fontdimen 9\font
(fontspec)             =2.06033pt\relax \fontdimen 10\font =1.72038pt\relax
(fontspec)             \fontdimen 11\font =1.14348pt\relax \fontdimen 12\font
(fontspec)             =6.181pt\relax \fontdimen 13\font =0pt\relax }].
(fontspec)              
(fontspec)              This font family consists of the following NFSS
(fontspec)             series/shapes:
(fontspec)              
(fontspec)             - 'normal' (m/n) with NFSS spec.:
(fontspec)             <8.5->s*[1.030056899890605]"[latinmodern-math.otf]/OT:sc
ript=math;language=dflt;"<6-8.5>s*[1.030056899890605]"[latinmodern-math.otf]/OT
:script=math;language=dflt;+ssty=0;"<-6>s*[1.030056899890605]"[latinmodern-math
.otf]/OT:script=math;language=dflt;+ssty=1;"
(fontspec)             - 'small caps'  (m/sc) with NFSS spec.: 
(fontspec)             and font adjustment code:
(fontspec)             \fontdimen 8\font =0.41206pt\relax \fontdimen 9\font
(fontspec)             =2.06033pt\relax \fontdimen 10\font =1.72038pt\relax
(fontspec)             \fontdimen 11\font =1.14348pt\relax \fontdimen 12\font
(fontspec)             =6.181pt\relax \fontdimen 13\font =0pt\relax 
(fontspec)             - 'bold' (b/n) with NFSS spec.:
(fontspec)             <->s*[1.030056899890605]"[latinmodern-math.otf]/OT:scrip
t=math;language=dflt;"
(fontspec)             - 'bold small caps'  (b/sc) with NFSS spec.: 
(fontspec)             and font adjustment code:
(fontspec)             \fontdimen 8\font =0.41206pt\relax \fontdimen 9\font
(fontspec)             =2.06033pt\relax \fontdimen 10\font =1.72038pt\relax
(fontspec)             \fontdimen 11\font =1.14348pt\relax \fontdimen 12\font
(fontspec)             =6.181pt\relax \fontdimen 13\font =0pt\relax 

LaTeX Font Info:    Encoding `OMX' has changed to `TU' for symbol font
(Font)              `largesymbols' in the math version `normal' on input line 1
51.
LaTeX Font Info:    Overwriting symbol font `largesymbols' in version `normal'
(Font)                  OMX/lmex/m/n --> TU/latinmodern-math.otf(3)/m/n on inpu
t line 151.
LaTeX Font Info:    Encoding `OMX' has changed to `TU' for symbol font
(Font)              `largesymbols' in the math version `bold' on input line 151
.
LaTeX Font Info:    Overwriting symbol font `largesymbols' in version `bold'
(Font)                  OMX/lmex/m/n --> TU/latinmodern-math.otf(3)/b/n on inpu
t line 151.
Package caption Info: Begin \AtBeginDocument code.
Package caption Info: End \AtBeginDocument code.
(./02_Beamer.nav)
Overfull \vbox (39.66992pt too high) detected at line 152
 []

[1

] (./02_Beamer.toc) [2

]
LaTeX Font Info:    Font shape `TU/latinmodern-math.otf(1)/m/n' will be
(Font)              scaled to size 7.21117pt on input line 158.
LaTeX Font Info:    Font shape `TU/latinmodern-math.otf(1)/m/n' will be
(Font)              scaled to size 5.15083pt on input line 158.
LaTeX Font Info:    Trying to load font information for OML+lmm on input line 1
58.

(c:/Users/mangelo.EEG/AppData/Roaming/TinyTeX/texmf-dist/tex/latex/lm/omllmm.fd
File: omllmm.fd 2009/10/30 v1.6 Font defs for Latin Modern
)
LaTeX Font Info:    Font shape `TU/latinmodern-math.otf(2)/m/n' will be
(Font)              scaled to size 10.30258pt on input line 158.
LaTeX Font Info:    Font shape `TU/latinmodern-math.otf(2)/m/n' will be
(Font)              scaled to size 7.2118pt on input line 158.
LaTeX Font Info:    Font shape `TU/latinmodern-math.otf(2)/m/n' will be
(Font)              scaled to size 5.15129pt on input line 158.
LaTeX Font Info:    Font shape `TU/latinmodern-math.otf(3)/m/n' will be
(Font)              scaled to size 10.3006pt on input line 158.
LaTeX Font Info:    Font shape `TU/latinmodern-math.otf(3)/m/n' will be
(Font)              scaled to size 7.21042pt on input line 158.
LaTeX Font Info:    Font shape `TU/latinmodern-math.otf(3)/m/n' will be
(Font)              scaled to size 5.1503pt on input line 158.
LaTeX Font Info:    Trying to load font information for U+msa on input line 158
.

(c:/Users/mangelo.EEG/AppData/Roaming/TinyTeX/texmf-dist/tex/latex/amsfonts/ums
a.fd
File: umsa.fd 2013/01/14 v3.01 AMS symbols A
)
LaTeX Font Info:    Trying to load font information for U+msb on input line 158
.

(c:/Users/mangelo.EEG/AppData/Roaming/TinyTeX/texmf-dist/tex/latex/amsfonts/ums
b.fd
File: umsb.fd 2013/01/14 v3.01 AMS symbols B
) [3

]
\openout4 = `02_Beamer.vrb'.

(./02_Beamer.vrb
LaTeX Font Info:    Font shape `TU/lmtt/bx/n' in size <10> not available
(Font)              Font shape `TU/lmtt/b/n' tried instead on input line 10.

Package hyperref Warning: Suppressing empty link on input line 32.

) [4

] (./02_Beamer.vrb

Package hyperref Warning: Suppressing empty link on input line 32.

) [5

] (./02_Beamer.vrb

Package hyperref Warning: Suppressing empty link on input line 32.

) [6

] (./02_Beamer.vrb

Package hyperref Warning: Suppressing empty link on input line 32.

) [7

] (./02_Beamer.vrb

Package hyperref Warning: Suppressing empty link on input line 32.

) [8

] (./02_Beamer.vrb

Package hyperref Warning: Suppressing empty link on input line 32.

) [9

] (./02_Beamer.vrb

Package hyperref Warning: Suppressing empty link on input line 32.

) [10

] [11

] [12

] [13

] [14

] [15

]
\openout4 = `02_Beamer.vrb'.

(./02_Beamer.vrb
Overfull \hbox (102.21013pt too wide) in paragraph at lines 26--26
[]  \TU/lmtt/m/n/10 species island bill_length_mm bill_depth_mm flipper_length_
~ body_mass_g sex[] 
 []


Overfull \hbox (112.71013pt too wide) in paragraph at lines 26--26
[]  \TU/lmtt/m/n/10 <fct>   <fct>           <dbl>         <dbl>            <int
>       <int> <fct>[] 
 []


Overfull \hbox (107.46013pt too wide) in paragraph at lines 26--26
[]\TU/lmtt/m/n/10 1 Adelie  Torge~           39.1          18.7              18
1        3750 male[] 
 []


Overfull \hbox (112.71013pt too wide) in paragraph at lines 26--26
[]\TU/lmtt/m/n/10 2 Adelie  Torge~           39.5          17.4              18
6        3800 fema~[] 
 []


Overfull \hbox (112.71013pt too wide) in paragraph at lines 26--26
[]\TU/lmtt/m/n/10 3 Adelie  Torge~           40.3          18                19
5        3250 fema~[] 
 []


Overfull \hbox (107.46013pt too wide) in paragraph at lines 26--26
[]\TU/lmtt/m/n/10 4 Adelie  Torge~           NA            NA                 N
A          NA <NA>[] 
 []


Overfull \hbox (112.71013pt too wide) in paragraph at lines 26--26
[]\TU/lmtt/m/n/10 5 Adelie  Torge~           36.7          19.3              19
3        3450 fema~[] 
 []


Overfull \hbox (107.46013pt too wide) in paragraph at lines 26--26
[]\TU/lmtt/m/n/10 6 Adelie  Torge~           39.3          20.6              19
0        3650 male[] 
 []

) [16

] [17

]
\openout4 = `02_Beamer.vrb'.

(./02_Beamer.vrb
File: figs/cow.jpg Graphic file (type bmp)
<figs/cow.jpg>
)
Overfull \vbox (23.8253pt too high) detected at line 289
 []

[18

] (./02_Beamer.vrb
File: figs/cow.jpg Graphic file (type bmp)
<figs/cow.jpg>
)
Overfull \vbox (23.8253pt too high) detected at line 289
 []

[19

] (./02_Beamer.vrb
File: figs/cow.jpg Graphic file (type bmp)
<figs/cow.jpg>
)
Overfull \vbox (23.8253pt too high) detected at line 289
 []

[20

] (./02_Beamer.vrb
File: figs/cow.jpg Graphic file (type bmp)
<figs/cow.jpg>
)
Overfull \vbox (23.8253pt too high) detected at line 289
 []

[21

] [22

]
\openout4 = `02_Beamer.vrb'.

(./02_Beamer.vrb
File: figs/figggplot-1.pdf Graphic file (type pdf)
<use figs/figggplot-1.pdf>
)
LaTeX Font Info:    Font shape `TU/lmtt/bx/n' in size <12> not available
(Font)              Font shape `TU/lmtt/b/n' tried instead on input line 311.

Overfull \vbox (7.9932pt too high) detected at line 311
 []

[23

] (./02_Beamer.vrb
File: figs/figggplot-1.pdf Graphic file (type pdf)
<use figs/figggplot-1.pdf>
)
Overfull \vbox (7.9932pt too high) detected at line 311
 []

[24

] (./02_Beamer.vrb
File: figs/figggplot-1.pdf Graphic file (type pdf)
<use figs/figggplot-1.pdf>
)
Overfull \vbox (7.9932pt too high) detected at line 311
 []

[25

] (./02_Beamer.vrb
File: figs/figggplot-1.pdf Graphic file (type pdf)
<use figs/figggplot-1.pdf>
)
Overfull \vbox (7.9932pt too high) detected at line 311
 []

[26

]
\openout4 = `02_Beamer.vrb'.

(./02_Beamer.vrb
Overfull \hbox (53.62022pt too wide) in alignment at lines 19--24
 [] [] [] [] [] 
 []


Overfull \hbox (53.62022pt too wide) in alignment at lines 24--29
 [] [] [] [] [] 
 []

)
Overfull \vbox (27.27014pt too high) detected at line 342
 []

[27

]
\openout4 = `02_Beamer.vrb'.

(./02_Beamer.vrb

Package fontspec Warning: \addfontfeature(s) ignored on line 29; it cannot be
(fontspec)                used with a font that wasn't selected by a fontspec
(fontspec)                command.
(fontspec)                 
(fontspec)                 The current font is "\TU/lmss/bx/n/9 ".
(fontspec)                  The requested feature is "Numbers={Monospaced}". 

) [28

] (./02_Beamer.vrb

Package fontspec Warning: \addfontfeature(s) ignored on line 29; it cannot be
(fontspec)                used with a font that wasn't selected by a fontspec
(fontspec)                command.
(fontspec)                 
(fontspec)                 The current font is "\TU/lmss/bx/n/9 ".
(fontspec)                  The requested feature is "Numbers={Monospaced}". 

) [29

] (./02_Beamer.vrb

Package fontspec Warning: \addfontfeature(s) ignored on line 29; it cannot be
(fontspec)                used with a font that wasn't selected by a fontspec
(fontspec)                command.
(fontspec)                 
(fontspec)                 The current font is "\TU/lmss/bx/n/9 ".
(fontspec)                  The requested feature is "Numbers={Monospaced}". 

) [30

] (./02_Beamer.vrb

Package fontspec Warning: \addfontfeature(s) ignored on line 29; it cannot be
(fontspec)                used with a font that wasn't selected by a fontspec
(fontspec)                command.
(fontspec)                 
(fontspec)                 The current font is "\TU/lmss/bx/n/9 ".
(fontspec)                  The requested feature is "Numbers={Monospaced}". 

) [31

] [32

] [33

]
\tf@nav=\write6
\openout6 = `02_Beamer.nav'.

\tf@toc=\write7
\openout7 = `02_Beamer.toc'.

\tf@snm=\write8
\openout8 = `02_Beamer.snm'.

(./02_Beamer.aux) ) 
Here is how much of TeX's memory you used:
 32544 strings out of 479393
 661532 string characters out of 5877442
 1086177 words of memory out of 5000000
 51259 multiletter control sequences out of 15000+600000
 538689 words of font info for 69 fonts, out of 8000000 for 9000
 14 hyphenation exceptions out of 8191
 107i,13n,118p,1810b,732s stack positions out of 5000i,500n,10000p,200000b,80000s

Output written on 02_Beamer.pdf (33 pages).

! kpathsea:make_tex: Invalid filename `Fira Sans Light', contains ' '
! kpathsea:make_tex: Invalid filename `Fira Sans Light Italic', contains ' '
! kpathsea:make_tex: Invalid filename `Fira Sans', contains ' '
! kpathsea:make_tex: Invalid filename `Fira Sans Italic', contains ' '
! kpathsea:make_tex: Invalid filename `Fira Sans Light OT', contains ' '
! kpathsea:make_tex: Invalid filename `Fira Sans Light Italic OT', contains ' '
! kpathsea:make_tex: Invalid filename `Fira Sans OT', contains ' '
! kpathsea:make_tex: Invalid filename `Fira Sans Italic OT', contains ' '
! kpathsea:make_tex: Invalid filename `Fira Mono', contains ' '
! kpathsea:make_tex: Invalid filename `Fira Mono Bold', contains ' '
! kpathsea:make_tex: Invalid filename `Fira Mono OT', contains ' '
! kpathsea:make_tex: Invalid filename `Fira Mono Bold OT', contains ' '
