This is pdfTeX, Version 3.14159265-2.6-1.40.21 (TeX Live 2020/W32TeX) (preloaded format=pdflatex 2020.10.29)  29 OCT 2020 11:09
entering extended mode
 restricted \write18 enabled.
 %&-line parsing enabled.
**4.Rmarkdown_example.tex
(./4.Rmarkdown_example.tex
LaTeX2e <2020-10-01> patch level 2
L3 programming layer <2020-10-27> xparse <2020-03-03>
(c:/Users/mangelo.EEG/AppData/Roaming/TinyTeX/texmf-dist/tex/latex/base/article
.cls
Document Class: article 2020/04/10 v1.4m Standard LaTeX document class

(c:/Users/mangelo.EEG/AppData/Roaming/TinyTeX/texmf-dist/tex/latex/base/size10.
clo
File: size10.clo 2020/04/10 v1.4m Standard LaTeX file (size option)
)
\c@part=\count175
\c@section=\count176
\c@subsection=\count177
\c@subsubsection=\count178
\c@paragraph=\count179
\c@subparagraph=\count180
\c@figure=\count181
\c@table=\count182
\abovecaptionskip=\skip47
\belowcaptionskip=\skip48
\bibindent=\dimen138
)
(c:/Users/mangelo.EEG/AppData/Roaming/TinyTeX/texmf-dist/tex/latex/lm/lmodern.s
ty
Package: lmodern 2009/10/30 v1.6 Latin Modern Fonts
LaTeX Font Info:    Overwriting symbol font `operators' in version `normal'
(Font)                  OT1/cmr/m/n --> OT1/lmr/m/n on input line 22.
LaTeX Font Info:    Overwriting symbol font `letters' in version `normal'
(Font)                  OML/cmm/m/it --> OML/lmm/m/it on input line 23.
LaTeX Font Info:    Overwriting symbol font `symbols' in version `normal'
(Font)                  OMS/cmsy/m/n --> OMS/lmsy/m/n on input line 24.
LaTeX Font Info:    Overwriting symbol font `largesymbols' in version `normal'
(Font)                  OMX/cmex/m/n --> OMX/lmex/m/n on input line 25.
LaTeX Font Info:    Overwriting symbol font `operators' in version `bold'
(Font)                  OT1/cmr/bx/n --> OT1/lmr/bx/n on input line 26.
LaTeX Font Info:    Overwriting symbol font `letters' in version `bold'
(Font)                  OML/cmm/b/it --> OML/lmm/b/it on input line 27.
LaTeX Font Info:    Overwriting symbol font `symbols' in version `bold'
(Font)                  OMS/cmsy/b/n --> OMS/lmsy/b/n on input line 28.
LaTeX Font Info:    Overwriting symbol font `largesymbols' in version `bold'
(Font)                  OMX/cmex/m/n --> OMX/lmex/m/n on input line 29.
LaTeX Font Info:    Overwriting math alphabet `\mathbf' in version `normal'
(Font)                  OT1/cmr/bx/n --> OT1/lmr/bx/n on input line 31.
LaTeX Font Info:    Overwriting math alphabet `\mathsf' in version `normal'
(Font)                  OT1/cmss/m/n --> OT1/lmss/m/n on input line 32.
LaTeX Font Info:    Overwriting math alphabet `\mathit' in version `normal'
(Font)                  OT1/cmr/m/it --> OT1/lmr/m/it on input line 33.
LaTeX Font Info:    Overwriting math alphabet `\mathtt' in version `normal'
(Font)                  OT1/cmtt/m/n --> OT1/lmtt/m/n on input line 34.
LaTeX Font Info:    Overwriting math alphabet `\mathbf' in version `bold'
(Font)                  OT1/cmr/bx/n --> OT1/lmr/bx/n on input line 35.
LaTeX Font Info:    Overwriting math alphabet `\mathsf' in version `bold'
(Font)                  OT1/cmss/bx/n --> OT1/lmss/bx/n on input line 36.
LaTeX Font Info:    Overwriting math alphabet `\mathit' in version `bold'
(Font)                  OT1/cmr/bx/it --> OT1/lmr/bx/it on input line 37.
LaTeX Font Info:    Overwriting math alphabet `\mathtt' in version `bold'
(Font)                  OT1/cmtt/m/n --> OT1/lmtt/m/n on input line 38.
)
(c:/Users/mangelo.EEG/AppData/Roaming/TinyTeX/texmf-dist/tex/latex/amsmath/amsm
ath.sty
Package: amsmath 2020/09/23 v2.17i AMS math features
\@mathmargin=\skip49
For additional information on amsmath, use the `?' option.

(c:/Users/mangelo.EEG/AppData/Roaming/TinyTeX/texmf-dist/tex/latex/amsmath/amst
ext.sty
Package: amstext 2000/06/29 v2.01 AMS text

(c:/Users/mangelo.EEG/AppData/Roaming/TinyTeX/texmf-dist/tex/latex/amsmath/amsg
en.sty
File: amsgen.sty 1999/11/30 v2.0 generic functions
\@emptytoks=\toks15
\ex@=\dimen139
))
(c:/Users/mangelo.EEG/AppData/Roaming/TinyTeX/texmf-dist/tex/latex/amsmath/amsb
sy.sty
Package: amsbsy 1999/11/29 v1.2d Bold Symbols
\pmbraise@=\dimen140
)
(c:/Users/mangelo.EEG/AppData/Roaming/TinyTeX/texmf-dist/tex/latex/amsmath/amso
pn.sty
Package: amsopn 2016/03/08 v2.02 operator names
)
\inf@bad=\count183
LaTeX Info: Redefining \frac on input line 234.
\uproot@=\count184
\leftroot@=\count185
LaTeX Info: Redefining \overline on input line 399.
\classnum@=\count186
\DOTSCASE@=\count187
LaTeX Info: Redefining \ldots on input line 496.
LaTeX Info: Redefining \dots on input line 499.
LaTeX Info: Redefining \cdots on input line 620.
\Mathstrutbox@=\box47
\strutbox@=\box48
\big@size=\dimen141
LaTeX Font Info:    Redeclaring font encoding OML on input line 743.
LaTeX Font Info:    Redeclaring font encoding OMS on input line 744.
\macc@depth=\count188
\c@MaxMatrixCols=\count189
\dotsspace@=\muskip16
\c@parentequation=\count190
\dspbrk@lvl=\count191
\tag@help=\toks16
\row@=\count192
\column@=\count193
\maxfields@=\count194
\andhelp@=\toks17
\eqnshift@=\dimen142
\alignsep@=\dimen143
\tagshift@=\dimen144
\tagwidth@=\dimen145
\totwidth@=\dimen146
\lineht@=\dimen147
\@envbody=\toks18
\multlinegap=\skip50
\multlinetaggap=\skip51
\mathdisplay@stack=\toks19
LaTeX Info: Redefining \[ on input line 2923.
LaTeX Info: Redefining \] on input line 2924.
)
(c:/Users/mangelo.EEG/AppData/Roaming/TinyTeX/texmf-dist/tex/generic/iftex/ifxe
tex.sty
Package: ifxetex 2019/10/25 v0.7 ifxetex legacy package. Use iftex instead.

(c:/Users/mangelo.EEG/AppData/Roaming/TinyTeX/texmf-dist/tex/generic/iftex/ifte
x.sty
Package: iftex 2020/03/06 v1.0d TeX engine tests
))
(c:/Users/mangelo.EEG/AppData/Roaming/TinyTeX/texmf-dist/tex/generic/iftex/iflu
atex.sty
Package: ifluatex 2019/10/25 v1.5 ifluatex legacy package. Use iftex instead.
)
(c:/Users/mangelo.EEG/AppData/Roaming/TinyTeX/texmf-dist/tex/latex/base/fontenc
.sty
Package: fontenc 2020/08/10 v2.0s Standard LaTeX package
LaTeX Font Info:    Trying to load font information for T1+lmr on input line 11
2.
(c:/Users/mangelo.EEG/AppData/Roaming/TinyTeX/texmf-dist/tex/latex/lm/t1lmr.fd
File: t1lmr.fd 2009/10/30 v1.6 Font defs for Latin Modern
))
(c:/Users/mangelo.EEG/AppData/Roaming/TinyTeX/texmf-dist/tex/latex/base/inputen
c.sty
Package: inputenc 2020/08/01 v1.3d Input encoding file
\inpenc@prehook=\toks20
\inpenc@posthook=\toks21
)
(c:/Users/mangelo.EEG/AppData/Roaming/TinyTeX/texmf-dist/tex/latex/base/textcom
p.sty
Package: textcomp 2020/02/02 v2.0n Standard LaTeX package
)
(c:/Users/mangelo.EEG/AppData/Roaming/TinyTeX/texmf-dist/tex/latex/amsfonts/ams
symb.sty
Package: amssymb 2013/01/14 v3.01 AMS font symbols

(c:/Users/mangelo.EEG/AppData/Roaming/TinyTeX/texmf-dist/tex/latex/amsfonts/ams
fonts.sty
Package: amsfonts 2013/01/14 v3.01 Basic AMSFonts support
\symAMSa=\mathgroup4
\symAMSb=\mathgroup5
LaTeX Font Info:    Redeclaring math symbol \hbar on input line 98.
LaTeX Font Info:    Overwriting math alphabet `\mathfrak' in version `bold'
(Font)                  U/euf/m/n --> U/euf/b/n on input line 106.
))
(c:/Users/mangelo.EEG/AppData/Roaming/TinyTeX/texmf-dist/tex/latex/xcolor/xcolo
r.sty
Package: xcolor 2016/05/11 v2.12 LaTeX color extensions (UK)

(c:/Users/mangelo.EEG/AppData/Roaming/TinyTeX/texmf-dist/tex/latex/graphics-cfg
/color.cfg
File: color.cfg 2016/01/02 v1.6 sample color configuration
)
Package xcolor Info: Driver file: pdftex.def on input line 225.

(c:/Users/mangelo.EEG/AppData/Roaming/TinyTeX/texmf-dist/tex/latex/graphics-def
/pdftex.def
File: pdftex.def 2020/10/05 v1.2a Graphics/color driver for pdftex
)
Package xcolor Info: Model `cmy' substituted by `cmy0' on input line 1348.
Package xcolor Info: Model `hsb' substituted by `rgb' on input line 1352.
Package xcolor Info: Model `RGB' extended on input line 1364.
Package xcolor Info: Model `HTML' substituted by `rgb' on input line 1366.
Package xcolor Info: Model `Hsb' substituted by `hsb' on input line 1367.
Package xcolor Info: Model `tHsb' substituted by `hsb' on input line 1368.
Package xcolor Info: Model `HSB' substituted by `hsb' on input line 1369.
Package xcolor Info: Model `Gray' substituted by `gray' on input line 1370.
Package xcolor Info: Model `wave' substituted by `hsb' on input line 1371.
)
(c:/Users/mangelo.EEG/AppData/Roaming/TinyTeX/texmf-dist/tex/latex/hyperref/hyp
erref.sty
Package: hyperref 2020-05-15 v7.00e Hypertext links for LaTeX

(c:/Users/mangelo.EEG/AppData/Roaming/TinyTeX/texmf-dist/tex/generic/ltxcmds/lt
xcmds.sty
Package: ltxcmds 2020-05-10 v1.25 LaTeX kernel commands for general use (HO)
)
(c:/Users/mangelo.EEG/AppData/Roaming/TinyTeX/texmf-dist/tex/generic/pdftexcmds
/pdftexcmds.sty
Package: pdftexcmds 2020-06-27 v0.33 Utility functions of pdfTeX for LuaTeX (HO
)

(c:/Users/mangelo.EEG/AppData/Roaming/TinyTeX/texmf-dist/tex/generic/infwarerr/
infwarerr.sty
Package: infwarerr 2019/12/03 v1.5 Providing info/warning/error messages (HO)
)
Package pdftexcmds Info: \pdf@primitive is available.
Package pdftexcmds Info: \pdf@ifprimitive is available.
Package pdftexcmds Info: \pdfdraftmode found.
)
(c:/Users/mangelo.EEG/AppData/Roaming/TinyTeX/texmf-dist/tex/latex/graphics/key
val.sty
Package: keyval 2014/10/28 v1.15 key=value parser (DPC)
\KV@toks@=\toks22
)
(c:/Users/mangelo.EEG/AppData/Roaming/TinyTeX/texmf-dist/tex/generic/kvsetkeys/
kvsetkeys.sty
Package: kvsetkeys 2019/12/15 v1.18 Key value parser (HO)
)
(c:/Users/mangelo.EEG/AppData/Roaming/TinyTeX/texmf-dist/tex/generic/kvdefineke
ys/kvdefinekeys.sty
Package: kvdefinekeys 2019-12-19 v1.6 Define keys (HO)
)
(c:/Users/mangelo.EEG/AppData/Roaming/TinyTeX/texmf-dist/tex/generic/pdfescape/
pdfescape.sty
Package: pdfescape 2019/12/09 v1.15 Implements pdfTeX's escape features (HO)
)
(c:/Users/mangelo.EEG/AppData/Roaming/TinyTeX/texmf-dist/tex/latex/hycolor/hyco
lor.sty
Package: hycolor 2020-01-27 v1.10 Color options for hyperref/bookmark (HO)
)
(c:/Users/mangelo.EEG/AppData/Roaming/TinyTeX/texmf-dist/tex/latex/letltxmacro/
letltxmacro.sty
Package: letltxmacro 2019/12/03 v1.6 Let assignment for LaTeX macros (HO)
)
(c:/Users/mangelo.EEG/AppData/Roaming/TinyTeX/texmf-dist/tex/latex/auxhook/auxh
ook.sty
Package: auxhook 2019-12-17 v1.6 Hooks for auxiliary files (HO)
)
(c:/Users/mangelo.EEG/AppData/Roaming/TinyTeX/texmf-dist/tex/latex/kvoptions/kv
options.sty
Package: kvoptions 2020-10-07 v3.14 Key value format for package options (HO)
)
\@linkdim=\dimen148
\Hy@linkcounter=\count195
\Hy@pagecounter=\count196

(c:/Users/mangelo.EEG/AppData/Roaming/TinyTeX/texmf-dist/tex/latex/hyperref/pd1
enc.def
File: pd1enc.def 2020-05-15 v7.00e Hyperref: PDFDocEncoding definition (HO)
Now handling font encoding PD1 ...
... no UTF-8 mapping file for font encoding PD1
)
(c:/Users/mangelo.EEG/AppData/Roaming/TinyTeX/texmf-dist/tex/generic/intcalc/in
tcalc.sty
Package: intcalc 2019/12/15 v1.3 Expandable calculations with integers (HO)
)
(c:/Users/mangelo.EEG/AppData/Roaming/TinyTeX/texmf-dist/tex/generic/etexcmds/e
texcmds.sty
Package: etexcmds 2019/12/15 v1.7 Avoid name clashes with e-TeX commands (HO)
)
\Hy@SavedSpaceFactor=\count197
Package hyperref Info: Option `unicode' set `true' on input line 4338.

(c:/Users/mangelo.EEG/AppData/Roaming/TinyTeX/texmf-dist/tex/latex/hyperref/pue
nc.def
File: puenc.def 2020-05-15 v7.00e Hyperref: PDF Unicode definition (HO)
Now handling font encoding PU ...
... no UTF-8 mapping file for font encoding PU
)
Package hyperref Info: Hyper figures OFF on input line 4464.
Package hyperref Info: Link nesting OFF on input line 4469.
Package hyperref Info: Hyper index ON on input line 4472.
Package hyperref Info: Plain pages OFF on input line 4479.
Package hyperref Info: Backreferencing OFF on input line 4484.
Package hyperref Info: Implicit mode ON; LaTeX internals redefined.
Package hyperref Info: Bookmarks ON on input line 4717.
\c@Hy@tempcnt=\count198
(c:/Users/mangelo.EEG/AppData/Roaming/TinyTeX/texmf-dist/tex/latex/url/url.sty
\Urlmuskip=\muskip17
Package: url 2013/09/16  ver 3.4  Verb mode for urls, etc.
)
LaTeX Info: Redefining \url on input line 5076.
\XeTeXLinkMargin=\dimen149

(c:/Users/mangelo.EEG/AppData/Roaming/TinyTeX/texmf-dist/tex/generic/bitset/bit
set.sty
Package: bitset 2019/12/09 v1.3 Handle bit-vector datatype (HO)

(c:/Users/mangelo.EEG/AppData/Roaming/TinyTeX/texmf-dist/tex/generic/bigintcalc
/bigintcalc.sty
Package: bigintcalc 2019/12/15 v1.5 Expandable calculations on big integers (HO
)
))
\Fld@menulength=\count199
\Field@Width=\dimen150
\Fld@charsize=\dimen151
Package hyperref Info: Hyper figures OFF on input line 6347.
Package hyperref Info: Link nesting OFF on input line 6352.
Package hyperref Info: Hyper index ON on input line 6355.
Package hyperref Info: backreferencing OFF on input line 6362.
Package hyperref Info: Link coloring OFF on input line 6367.
Package hyperref Info: Link coloring with OCG OFF on input line 6372.
Package hyperref Info: PDF/A mode OFF on input line 6377.
LaTeX Info: Redefining \ref on input line 6417.
LaTeX Info: Redefining \pageref on input line 6421.

(c:/Users/mangelo.EEG/AppData/Roaming/TinyTeX/texmf-dist/tex/latex/base/atbegsh
i-ltx.sty
Package: atbegshi-ltx 2020/08/17 v1.0a Emulation of the original atbegshi packa
ge
with kernel methods
)
\Hy@abspage=\count266
\c@Item=\count267
\c@Hfootnote=\count268
)
Package hyperref Info: Driver (autodetected): hpdftex.

(c:/Users/mangelo.EEG/AppData/Roaming/TinyTeX/texmf-dist/tex/latex/hyperref/hpd
ftex.def
File: hpdftex.def 2020-05-15 v7.00e Hyperref driver for pdfTeX

(c:/Users/mangelo.EEG/AppData/Roaming/TinyTeX/texmf-dist/tex/latex/base/atverye
nd-ltx.sty
Package: atveryend-ltx 2020/08/19 v1.0a Emulation of the original atvery packag
e
with kernel methods
)
\Fld@listcount=\count269
\c@bookmark@seq@number=\count270

(c:/Users/mangelo.EEG/AppData/Roaming/TinyTeX/texmf-dist/tex/latex/rerunfileche
ck/rerunfilecheck.sty
Package: rerunfilecheck 2019/12/05 v1.9 Rerun checks for auxiliary files (HO)

(c:/Users/mangelo.EEG/AppData/Roaming/TinyTeX/texmf-dist/tex/generic/uniquecoun
ter/uniquecounter.sty
Package: uniquecounter 2019/12/15 v1.4 Provide unlimited unique counter (HO)
)
Package uniquecounter Info: New unique counter `rerunfilecheck' on input line 2
86.
)
\Hy@SectionHShift=\skip52
)
(c:/Users/mangelo.EEG/AppData/Roaming/TinyTeX/texmf-dist/tex/latex/geometry/geo
metry.sty
Package: geometry 2020/01/02 v5.9 Page Geometry

(c:/Users/mangelo.EEG/AppData/Roaming/TinyTeX/texmf-dist/tex/generic/iftex/ifvt
ex.sty
Package: ifvtex 2019/10/25 v1.7 ifvtex legacy package. Use iftex instead.
)
\Gm@cnth=\count271
\Gm@cntv=\count272
\c@Gm@tempcnt=\count273
\Gm@bindingoffset=\dimen152
\Gm@wd@mp=\dimen153
\Gm@odd@mp=\dimen154
\Gm@even@mp=\dimen155
\Gm@layoutwidth=\dimen156
\Gm@layoutheight=\dimen157
\Gm@layouthoffset=\dimen158
\Gm@layoutvoffset=\dimen159
\Gm@dimlist=\toks23
)
(c:/Users/mangelo.EEG/AppData/Roaming/TinyTeX/texmf-dist/tex/latex/tools/longta
ble.sty
Package: longtable 2020/01/07 v4.13 Multi-page Table package (DPC)
\LTleft=\skip53
\LTright=\skip54
\LTpre=\skip55
\LTpost=\skip56
\LTchunksize=\count274
\LTcapwidth=\dimen160
\LT@head=\box49
\LT@firsthead=\box50
\LT@foot=\box51
\LT@lastfoot=\box52
\LT@cols=\count275
\LT@rows=\count276
\c@LT@tables=\count277
\c@LT@chunks=\count278
\LT@p@ftn=\toks24
)
(c:/Users/mangelo.EEG/AppData/Roaming/TinyTeX/texmf-dist/tex/latex/booktabs/boo
ktabs.sty
Package: booktabs 2020/01/12 v1.61803398 Publication quality tables
\heavyrulewidth=\dimen161
\lightrulewidth=\dimen162
\cmidrulewidth=\dimen163
\belowrulesep=\dimen164
\belowbottomsep=\dimen165
\aboverulesep=\dimen166
\abovetopsep=\dimen167
\cmidrulesep=\dimen168
\cmidrulekern=\dimen169
\defaultaddspace=\dimen170
\@cmidla=\count279
\@cmidlb=\count280
\@aboverulesep=\dimen171
\@belowrulesep=\dimen172
\@thisruleclass=\count281
\@lastruleclass=\count282
\@thisrulewidth=\dimen173
)
(c:/Users/mangelo.EEG/AppData/Roaming/TinyTeX/texmf-dist/tex/latex/etoolbox/eto
olbox.sty
Package: etoolbox 2020/10/05 v2.5k e-TeX tools for LaTeX (JAW)
\etb@tempcnta=\count283
)
(c:/Users/mangelo.EEG/AppData/Roaming/TinyTeX/texmf-dist/tex/latex/mdwtools/foo
tnote.sty
Package: footnote 1997/01/28 1.13 Save footnotes around boxes
\fn@notes=\box53
\fn@width=\dimen174
)
(c:/Users/mangelo.EEG/AppData/Roaming/TinyTeX/texmf-dist/tex/latex/graphics/gra
phicx.sty
Package: graphicx 2020/09/09 v1.2b Enhanced LaTeX Graphics (DPC,SPQR)

(c:/Users/mangelo.EEG/AppData/Roaming/TinyTeX/texmf-dist/tex/latex/graphics/gra
phics.sty
Package: graphics 2020/08/30 v1.4c Standard LaTeX Graphics (DPC,SPQR)

(c:/Users/mangelo.EEG/AppData/Roaming/TinyTeX/texmf-dist/tex/latex/graphics/tri
g.sty
Package: trig 2016/01/03 v1.10 sin cos tan (DPC)
)
(c:/Users/mangelo.EEG/AppData/Roaming/TinyTeX/texmf-dist/tex/latex/graphics-cfg
/graphics.cfg
File: graphics.cfg 2016/06/04 v1.11 sample graphics configuration
)
Package graphics Info: Driver file: pdftex.def on input line 105.
)
\Gin@req@height=\dimen175
\Gin@req@width=\dimen176
)
Package hyperref Info: Option `colorlinks' set `true' on input line 73.
\cslhangindent=\skip57
\csllabelwidth=\skip58

(c:/Users/mangelo.EEG/AppData/Roaming/TinyTeX/texmf-dist/tex/latex/tools/calc.s
ty
Package: calc 2017/05/25 v4.3 Infix arithmetic (KKT,FJ)
\calc@Acount=\count284
\calc@Bcount=\count285
\calc@Adimen=\dimen177
\calc@Bdimen=\dimen178
\calc@Askip=\skip59
\calc@Bskip=\skip60
LaTeX Info: Redefining \setlength on input line 80.
LaTeX Info: Redefining \addtolength on input line 81.
\calc@Ccount=\count286
\calc@Cskip=\skip61
)
(c:/Users/mangelo.EEG/AppData/Roaming/TinyTeX/texmf-dist/tex/latex/l3backend/l3
backend-pdftex.def
File: l3backend-pdftex.def 2020-09-24 L3 backend support: PDF output (pdfTeX)
\l__kernel_color_stack_int=\count287
\l__pdf_internal_box=\box54
)
No file 4.Rmarkdown_example.aux.
\openout1 = `4.Rmarkdown_example.aux'.

LaTeX Font Info:    Checking defaults for OML/cmm/m/it on input line 102.
LaTeX Font Info:    ... okay on input line 102.
LaTeX Font Info:    Checking defaults for OMS/cmsy/m/n on input line 102.
LaTeX Font Info:    ... okay on input line 102.
LaTeX Font Info:    Checking defaults for OT1/cmr/m/n on input line 102.
LaTeX Font Info:    ... okay on input line 102.
LaTeX Font Info:    Checking defaults for T1/cmr/m/n on input line 102.
LaTeX Font Info:    ... okay on input line 102.
LaTeX Font Info:    Checking defaults for TS1/cmr/m/n on input line 102.
LaTeX Font Info:    ... okay on input line 102.
LaTeX Font Info:    Checking defaults for OMX/cmex/m/n on input line 102.
LaTeX Font Info:    ... okay on input line 102.
LaTeX Font Info:    Checking defaults for U/cmr/m/n on input line 102.
LaTeX Font Info:    ... okay on input line 102.
LaTeX Font Info:    Checking defaults for PD1/pdf/m/n on input line 102.
LaTeX Font Info:    ... okay on input line 102.
LaTeX Font Info:    Checking defaults for PU/pdf/m/n on input line 102.
LaTeX Font Info:    ... okay on input line 102.

(c:/Users/mangelo.EEG/AppData/Roaming/TinyTeX/texmf-dist/tex/latex/epstopdf-pkg
/epstopdf-base.sty
Package: epstopdf-base 2020-01-24 v2.11 Base part for package epstopdf
Package epstopdf-base Info: Redefining graphics rule for `.eps' on input line 4
85.

(c:/Users/mangelo.EEG/AppData/Roaming/TinyTeX/texmf-dist/tex/latex/latexconfig/
epstopdf-sys.cfg
File: epstopdf-sys.cfg 2010/07/13 v1.3 Configuration of (r)epstopdf for TeX Liv
e
))
Package hyperref Info: Link coloring ON on input line 102.

(c:/Users/mangelo.EEG/AppData/Roaming/TinyTeX/texmf-dist/tex/latex/hyperref/nam
eref.sty
Package: nameref 2019/09/16 v2.46 Cross-referencing by name of section

(c:/Users/mangelo.EEG/AppData/Roaming/TinyTeX/texmf-dist/tex/latex/refcount/ref
count.sty
Package: refcount 2019/12/15 v3.6 Data extraction from label references (HO)
)
(c:/Users/mangelo.EEG/AppData/Roaming/TinyTeX/texmf-dist/tex/generic/gettitlest
ring/gettitlestring.sty
Package: gettitlestring 2019/12/15 v1.6 Cleanup title references (HO)
)
\c@section@level=\count288
)
LaTeX Info: Redefining \ref on input line 102.
LaTeX Info: Redefining \pageref on input line 102.
LaTeX Info: Redefining \nameref on input line 102.
\@outlinefile=\write3
\openout3 = `4.Rmarkdown_example.out'.

*geometry* driver: auto-detecting
*geometry* detected driver: pdftex
*geometry* verbose mode - [ preamble ] result:
* driver: pdftex
* paper: <default>
* layout: <same size as paper>
* layoutoffset:(h,v)=(0.0pt,0.0pt)
* modes: 
* h-part:(L,W,R)=(72.26999pt, 469.75502pt, 72.26999pt)
* v-part:(T,H,B)=(72.26999pt, 650.43001pt, 72.26999pt)
* \paperwidth=614.295pt
* \paperheight=794.96999pt
* \textwidth=469.75502pt
* \textheight=650.43001pt
* \oddsidemargin=0.0pt
* \evensidemargin=0.0pt
* \topmargin=-37.0pt
* \headheight=12.0pt
* \headsep=25.0pt
* \topskip=10.0pt
* \footskip=30.0pt
* \marginparwidth=65.0pt
* \marginparsep=11.0pt
* \columnsep=10.0pt
* \skip\footins=9.0pt plus 4.0pt minus 2.0pt
* \hoffset=0.0pt
* \voffset=0.0pt
* \mag=1000
* \@twocolumnfalse
* \@twosidefalse
* \@mparswitchfalse
* \@reversemarginfalse
* (1in=72.27pt=25.4mm, 1cm=28.453pt)

LaTeX Font Info:    Trying to load font information for OT1+lmr on input line 1
04.

(c:/Users/mangelo.EEG/AppData/Roaming/TinyTeX/texmf-dist/tex/latex/lm/ot1lmr.fd
File: ot1lmr.fd 2009/10/30 v1.6 Font defs for Latin Modern
)
LaTeX Font Info:    Trying to load font information for OML+lmm on input line 1
04.

(c:/Users/mangelo.EEG/AppData/Roaming/TinyTeX/texmf-dist/tex/latex/lm/omllmm.fd
File: omllmm.fd 2009/10/30 v1.6 Font defs for Latin Modern
)
LaTeX Font Info:    Trying to load font information for OMS+lmsy on input line 
104.

(c:/Users/mangelo.EEG/AppData/Roaming/TinyTeX/texmf-dist/tex/latex/lm/omslmsy.f
d
File: omslmsy.fd 2009/10/30 v1.6 Font defs for Latin Modern
)
LaTeX Font Info:    Trying to load font information for OMX+lmex on input line 
104.

(c:/Users/mangelo.EEG/AppData/Roaming/TinyTeX/texmf-dist/tex/latex/lm/omxlmex.f
d
File: omxlmex.fd 2009/10/30 v1.6 Font defs for Latin Modern
)
LaTeX Font Info:    External font `lmex10' loaded for size
(Font)              <12> on input line 104.
LaTeX Font Info:    External font `lmex10' loaded for size
(Font)              <8> on input line 104.
LaTeX Font Info:    External font `lmex10' loaded for size
(Font)              <6> on input line 104.
LaTeX Font Info:    Trying to load font information for U+msa on input line 104
.

(c:/Users/mangelo.EEG/AppData/Roaming/TinyTeX/texmf-dist/tex/latex/amsfonts/ums
a.fd
File: umsa.fd 2013/01/14 v3.01 AMS symbols A
)
LaTeX Font Info:    Trying to load font information for U+msb on input line 104
.

(c:/Users/mangelo.EEG/AppData/Roaming/TinyTeX/texmf-dist/tex/latex/amsfonts/ums
b.fd
File: umsb.fd 2013/01/14 v3.01 AMS symbols B
)
<./images/uminho.png, id=8, 174.6525pt x 87.32625pt>
File: ./images/uminho.png Graphic file (type png)
<use ./images/uminho.png>
Package pdftex.def Info: ./images/uminho.png  used on input line 142.
(pdftex.def)             Requested size: 145.63043pt x 72.81522pt.
File: ./images/uminho.png Graphic file (type png)
<use ./images/uminho.png>
Package pdftex.def Info: ./images/uminho.png  used on input line 148.
(pdftex.def)             Requested size: 101.17859pt x 50.5893pt.
[1

{c:/Users/mangelo.EEG/AppData/Roaming/TinyTeX/texmf-var/fonts/map/pdftex/updmap
/pdftex.map} <./images/uminho.png>]
LaTeX Font Info:    Trying to load font information for TS1+lmr on input line 1
97.

(c:/Users/mangelo.EEG/AppData/Roaming/TinyTeX/texmf-dist/tex/latex/lm/ts1lmr.fd
File: ts1lmr.fd 2009/10/30 v1.6 Font defs for Latin Modern
) [2]
LaTeX Font Info:    Trying to load font information for T1+lmtt on input line 2
40.

(c:/Users/mangelo.EEG/AppData/Roaming/TinyTeX/texmf-dist/tex/latex/lm/t1lmtt.fd
File: t1lmtt.fd 2009/10/30 v1.6 Font defs for Latin Modern
)
LaTeX Font Info:    External font `lmex10' loaded for size
(Font)              <10> on input line 251.
LaTeX Font Info:    External font `lmex10' loaded for size
(Font)              <7> on input line 251.
LaTeX Font Info:    External font `lmex10' loaded for size
(Font)              <5> on input line 251.

Package longtable Warning: Column widths have changed
(longtable)                in table 1 on input line 294.


Overfull \vbox (4.44081pt too high) has occurred while \output is active []

[3]

LaTeX Warning: Reference `table1' on page 4 undefined on input line 373.


LaTeX Warning: Reference `table:short' on page 4 undefined on input line 373.


Overfull \hbox (512.74585pt too wide) in paragraph at lines 395--406
 [][] 
 []


LaTeX Warning: Reference `fig:wages-tenure' on page 4 undefined on input line 4
08.

<4.Rmarkdown_example_files/figure-latex/wages-tenure-1.pdf, id=77, 469.755pt x 
325.215pt>
File: 4.Rmarkdown_example_files/figure-latex/wages-tenure-1.pdf Graphic file (t
ype pdf)
<use 4.Rmarkdown_example_files/figure-latex/wages-tenure-1.pdf>
Package pdftex.def Info: 4.Rmarkdown_example_files/figure-latex/wages-tenure-1.
pdf  used on input line 412.
(pdftex.def)             Requested size: 469.75386pt x 325.2142pt.
<4.Rmarkdown_example_files/figure-latex/figure-2-1.pdf, id=78, 469.755pt x 325.
215pt>
File: 4.Rmarkdown_example_files/figure-latex/figure-2-1.pdf Graphic file (type 
pdf)
<use 4.Rmarkdown_example_files/figure-latex/figure-2-1.pdf>
Package pdftex.def Info: 4.Rmarkdown_example_files/figure-latex/figure-2-1.pdf 
 used on input line 420.
(pdftex.def)             Requested size: 469.75386pt x 325.2142pt.

LaTeX Warning: Reference `fig:figure-2' on page 4 undefined on input line 428.

<./images/wages.png, id=79, 469.755pt x 324.9741pt>
File: ./images/wages.png Graphic file (type png)
<use ./images/wages.png>
Package pdftex.def Info: ./images/wages.png  used on input line 434.
(pdftex.def)             Requested size: 305.33713pt x 211.23067pt.
[4] [5 <./4.Rmarkdown_example_files/figure-latex/wages-tenure-1.pdf>] [6 <./4.R
markdown_example_files/figure-latex/figure-2-1.pdf> <./images/wages.png>]
Overfull \hbox (92.03424pt too wide) in paragraph at lines 462--468
 \T1/lmr/m/n/10 ===============================================================
===== 
 []

[7]

! LaTeX Error: Can be used only in preamble.

See the LaTeX manual or LaTeX Companion for explanation.
Type  H <return>  for immediate help.
 ...                                              
                                                  
l.501 \usepackage
                 {hyperref} 
Here is how much of TeX's memory you used:
 11082 strings out of 481445
 160958 string characters out of 5918758
 471552 words of memory out of 5000000
 27572 multiletter control sequences out of 15000+600000
 605829 words of font info for 76 fonts, out of 8000000 for 9000
 14 hyphenation exceptions out of 8191
 66i,9n,72p,450b,476s stack positions out of 5000i,500n,10000p,200000b,80000s

!  ==> Fatal error occurred, no output PDF file produced!
